500
0
1
eji-a 676
1
2
ejj-b 676
a-b 676
2
1
b-c 676
3
2
ejj-d 676
c-d 676
4
1
d-e 676
5
2
e-f 676
ejj-f 676
6
1
f-g 676
7
2
g-h 676
ejj-h 676
8
1
h-i 676
9
2
i-j 676
ejj-j 676
10
1
j-ba 676
11
2
ejj-bb 676
ba-bb 676
12
1
bb-bc 676
13
2
ejj-bd 676
bc-bd 676
14
1
bd-be 676
15
2
ejj-bf 676
be-bf 676
16
1
bf-bg 676
17
2
ejj-bh 676
bg-bh 676
18
1
bh-bi 676
19
2
ejj-bj 676
bi-bj 676
20
1
bj-ca 676
21
2
ejj-cb 676
ca-cb 676
22
1
cb-cc 676
23
2
ejj-cd 676
cc-cd 676
24
1
cd-ce 676
25
2
ejj-cf 676
ce-cf 676
26
1
cf-cg 676
27
2
ejj-ch 676
cg-ch 676
28
1
ch-ci 676
29
2
ejj-cj 676
ci-cj 676
30
1
cj-da 676
31
2
ejj-db 676
da-db 676
32
1
db-dc 676
33
2
dc-dd 676
ejj-dd 676
34
1
dd-de 676
35
2
ejj-df 676
de-df 676
36
1
df-dg 676
37
2
dg-dh 676
ejj-dh 676
38
1
dh-di 676
39
2
di-dj 676
ejj-dj 676
40
1
dj-ea 676
41
2
ea-eb 676
ejj-eb 676
42
1
eb-ec 676
43
2
ejj-ed 676
ec-ed 676
44
1
ed-ee 676
45
2
ee-ef 676
ejj-ef 676
46
1
ef-eg 676
47
2
ejj-eh 676
eg-eh 676
48
1
eh-ei 676
49
2
ejj-ej 676
ei-ej 676
50
1
ej-fa 676
51
2
ejj-fb 676
fa-fb 676
52
1
fb-fc 676
53
2
ejj-fd 676
fc-fd 676
54
1
fd-fe 676
55
2
ejj-ff 676
fe-ff 676
56
1
ff-fg 676
57
2
ejj-fh 676
fg-fh 676
58
1
fh-fi 676
59
2
fi-fj 676
ejj-fj 676
60
1
fj-ga 676
61
2
ga-gb 676
ejj-gb 676
62
1
gb-gc 676
63
2
gc-gd 676
ejj-gd 676
64
1
gd-ge 676
65
2
ge-gf 676
ejj-gf 676
66
1
gf-gg 676
67
2
ejj-gh 676
gg-gh 676
68
1
gh-gi 676
69
2
ejj-gj 676
gi-gj 676
70
1
gj-ha 676
71
2
ha-hb 676
ejj-hb 676
72
1
hb-hc 676
73
2
ejj-hd 676
hc-hd 676
74
1
hd-he 676
75
2
ejj-hf 676
he-hf 676
76
1
hf-hg 676
77
2
ejj-hh 676
hg-hh 676
78
1
hh-hi 676
79
2
hi-hj 676
ejj-hj 676
80
1
hj-ia 676
81
2
ia-ib 676
ejj-ib 676
82
1
ib-ic 676
83
2
ic-id 676
ejj-id 676
84
1
id-ie 676
85
2
ie-if 676
ejj-if 676
86
1
if-ig 676
87
2
ig-ih 676
ejj-ih 676
88
1
ih-ii 676
89
2
ii-ij 676
ejj-ij 676
90
1
ij-ja 676
91
2
ja-jb 676
ejj-jb 676
92
1
jb-jc 676
93
2
jc-jd 676
ejj-jd 676
94
1
jd-je 676
95
2
je-jf 676
ejj-jf 676
96
1
jf-jg 676
97
2
ejj-jh 676
jg-jh 676
98
1
jh-ji 676
99
2
ji-jj 676
ejj-jj 676
100
1
jj-baa 676
101
2
ejj-bab 676
baa-bab 676
102
1
bab-bac 676
103
2
bac-bad 676
ejj-bad 676
104
1
bad-bae 676
105
2
bae-baf 676
ejj-baf 676
106
1
baf-bag 676
107
2
ejj-bah 676
bag-bah 676
108
1
bah-bai 676
109
2
bai-baj 676
ejj-baj 676
110
1
baj-bba 676
111
2
bba-bbb 676
ejj-bbb 676
112
1
bbb-bbc 676
113
2
bbc-bbd 676
ejj-bbd 676
114
1
bbd-bbe 676
115
2
bbe-bbf 676
ejj-bbf 676
116
1
bbf-bbg 676
117
2
bbg-bbh 676
ejj-bbh 676
118
1
bbh-bbi 676
119
2
ejj-bbj 676
bbi-bbj 676
120
1
bbj-bca 676
121
2
bca-bcb 676
ejj-bcb 676
122
1
bcb-bcc 676
123
2
ejj-bcd 676
bcc-bcd 676
124
1
bcd-bce 676
125
2
ejj-bcf 676
bce-bcf 676
126
1
bcf-bcg 676
127
2
bcg-bch 676
ejj-bch 676
128
1
bch-bci 676
129
2
bci-bcj 676
ejj-bcj 676
130
1
bcj-bda 676
131
2
bda-bdb 676
ejj-bdb 676
132
1
bdb-bdc 676
133
2
ejj-bdd 676
bdc-bdd 676
134
1
bdd-bde 676
135
2
ejj-bdf 676
bde-bdf 676
136
1
bdf-bdg 676
137
2
ejj-bdh 676
bdg-bdh 676
138
1
bdh-bdi 676
139
2
bdi-bdj 676
ejj-bdj 676
140
1
bdj-bea 676
141
2
bea-beb 676
ejj-beb 676
142
1
beb-bec 676
143
2
ejj-bed 676
bec-bed 676
144
1
bed-bee 676
145
2
ejj-bef 676
bee-bef 676
146
1
bef-beg 676
147
2
beg-beh 676
ejj-beh 676
148
1
beh-bei 676
149
2
bei-bej 676
ejj-bej 676
150
1
bej-bfa 676
151
2
ejj-bfb 676
bfa-bfb 676
152
1
bfb-bfc 676
153
2
bfc-bfd 676
ejj-bfd 676
154
1
bfd-bfe 676
155
2
bfe-bff 676
ejj-bff 676
156
1
bff-bfg 676
157
2
bfg-bfh 676
ejj-bfh 676
158
1
bfh-bfi 676
159
2
bfi-bfj 676
ejj-bfj 676
160
1
bfj-bga 676
161
2
bga-bgb 676
ejj-bgb 676
162
1
bgb-bgc 676
163
2
ejj-bgd 676
bgc-bgd 676
164
1
bgd-bge 676
165
2
ejj-bgf 676
bge-bgf 676
166
1
bgf-bgg 676
167
2
ejj-bgh 676
bgg-bgh 676
168
1
bgh-bgi 676
169
2
bgi-bgj 676
ejj-bgj 676
170
1
bgj-bha 676
171
2
bha-bhb 676
ejj-bhb 676
172
1
bhb-bhc 676
173
2
bhc-bhd 676
ejj-bhd 676
174
1
bhd-bhe 676
175
2
ejj-bhf 676
bhe-bhf 676
176
1
bhf-bhg 676
177
2
bhg-bhh 676
ejj-bhh 676
178
1
bhh-bhi 676
179
2
ejj-bhj 676
bhi-bhj 676
180
1
bhj-bia 676
181
2
ejj-bib 676
bia-bib 676
182
1
bib-bic 676
183
2
ejj-bid 676
bic-bid 676
184
1
bid-bie 676
185
2
ejj-bif 676
bie-bif 676
186
1
bif-big 676
187
2
ejj-bih 676
big-bih 676
188
1
bih-bii 676
189
2
bii-bij 676
ejj-bij 676
190
1
bij-bja 676
191
2
ejj-bjb 676
bja-bjb 676
192
1
bjb-bjc 676
193
2
ejj-bjd 676
bjc-bjd 676
194
1
bjd-bje 676
195
2
bje-bjf 676
ejj-bjf 676
196
1
bjf-bjg 676
197
2
ejj-bjh 676
bjg-bjh 676
198
1
bjh-bji 676
199
2
ejj-bjj 676
bji-bjj 676
200
1
bjj-caa 676
201
2
caa-cab 676
ejj-cab 676
202
1
cab-cac 676
203
2
ejj-cad 676
cac-cad 676
204
1
cad-cae 676
205
2
ejj-caf 676
cae-caf 676
206
1
caf-cag 676
207
2
ejj-cah 676
cag-cah 676
208
1
cah-cai 676
209
2
cai-caj 676
ejj-caj 676
210
1
caj-cba 676
211
2
ejj-cbb 676
cba-cbb 676
212
1
cbb-cbc 676
213
2
cbc-cbd 676
ejj-cbd 676
214
1
cbd-cbe 676
215
2
ejj-cbf 676
cbe-cbf 676
216
1
cbf-cbg 676
217
2
cbg-cbh 676
ejj-cbh 676
218
1
cbh-cbi 676
219
2
cbi-cbj 676
ejj-cbj 676
220
1
cbj-cca 676
221
2
ejj-ccb 676
cca-ccb 676
222
1
ccb-ccc 676
223
2
ccc-ccd 676
ejj-ccd 676
224
1
ccd-cce 676
225
2
cce-ccf 676
ejj-ccf 676
226
1
ccf-ccg 676
227
2
ccg-cch 676
ejj-cch 676
228
1
cch-cci 676
229
2
ejj-ccj 676
cci-ccj 676
230
1
ccj-cda 676
231
2
ejj-cdb 676
cda-cdb 676
232
1
cdb-cdc 676
233
2
cdc-cdd 676
ejj-cdd 676
234
1
cdd-cde 676
235
2
cde-cdf 676
ejj-cdf 676
236
1
cdf-cdg 676
237
2
ejj-cdh 676
cdg-cdh 676
238
1
cdh-cdi 676
239
2
ejj-cdj 676
cdi-cdj 676
240
1
cdj-cea 676
241
2
ejj-ceb 676
cea-ceb 676
242
1
ceb-cec 676
243
2
ejj-ced 676
cec-ced 676
244
1
ced-cee 676
245
2
cee-cef 676
ejj-cef 676
246
1
cef-ceg 676
247
2
ejj-ceh 676
ceg-ceh 676
248
1
ceh-cei 676
249
2
ejj-cej 676
cei-cej 676
250
1
cej-cfa 676
251
2
ejj-cfb 676
cfa-cfb 676
252
1
cfb-cfc 676
253
2
ejj-cfd 676
cfc-cfd 676
254
1
cfd-cfe 676
255
2
cfe-cff 676
ejj-cff 676
256
1
cff-cfg 676
257
2
ejj-cfh 676
cfg-cfh 676
258
1
cfh-cfi 676
259
2
ejj-cfj 676
cfi-cfj 676
260
1
cfj-cga 676
261
2
ejj-cgb 676
cga-cgb 676
262
1
cgb-cgc 676
263
2
cgc-cgd 676
ejj-cgd 676
264
1
cgd-cge 676
265
2
cge-cgf 676
ejj-cgf 676
266
1
cgf-cgg 676
267
2
ejj-cgh 676
cgg-cgh 676
268
1
cgh-cgi 676
269
2
ejj-cgj 676
cgi-cgj 676
270
1
cgj-cha 676
271
2
cha-chb 676
ejj-chb 676
272
1
chb-chc 676
273
2
chc-chd 676
ejj-chd 676
274
1
chd-che 676
275
2
ejj-chf 676
che-chf 676
276
1
chf-chg 676
277
2
ejj-chh 676
chg-chh 676
278
1
chh-chi 676
279
2
ejj-chj 676
chi-chj 676
280
1
chj-cia 676
281
2
cia-cib 676
ejj-cib 676
282
1
cib-cic 676
283
2
cic-cid 676
ejj-cid 676
284
1
cid-cie 676
285
2
cie-cif 676
ejj-cif 676
286
1
cif-cig 676
287
2
cig-cih 676
ejj-cih 676
288
1
cih-cii 676
289
2
ejj-cij 676
cii-cij 676
290
1
cij-cja 676
291
2
ejj-cjb 676
cja-cjb 676
292
1
cjb-cjc 676
293
2
ejj-cjd 676
cjc-cjd 676
294
1
cjd-cje 676
295
2
cje-cjf 676
ejj-cjf 676
296
1
cjf-cjg 676
297
2
ejj-cjh 676
cjg-cjh 676
298
1
cjh-cji 676
299
2
cji-cjj 676
ejj-cjj 676
300
1
cjj-daa 676
301
2
daa-dab 676
ejj-dab 676
302
1
dab-dac 676
303
2
ejj-dad 676
dac-dad 676
304
1
dad-dae 676
305
2
dae-daf 676
ejj-daf 676
306
1
daf-dag 676
307
2
ejj-dah 676
dag-dah 676
308
1
dah-dai 676
309
2
dai-daj 676
ejj-daj 676
310
1
daj-dba 676
311
2
dba-dbb 676
ejj-dbb 676
312
1
dbb-dbc 676
313
2
ejj-dbd 676
dbc-dbd 676
314
1
dbd-dbe 676
315
2
dbe-dbf 676
ejj-dbf 676
316
1
dbf-dbg 676
317
2
ejj-dbh 676
dbg-dbh 676
318
1
dbh-dbi 676
319
2
ejj-dbj 676
dbi-dbj 676
320
1
dbj-dca 676
321
2
ejj-dcb 676
dca-dcb 676
322
1
dcb-dcc 676
323
2
ejj-dcd 676
dcc-dcd 676
324
1
dcd-dce 676
325
2
dce-dcf 676
ejj-dcf 676
326
1
dcf-dcg 676
327
2
ejj-dch 676
dcg-dch 676
328
1
dch-dci 676
329
2
ejj-dcj 676
dci-dcj 676
330
1
dcj-dda 676
331
2
ejj-ddb 676
dda-ddb 676
332
1
ddb-ddc 676
333
2
ddc-ddd 676
ejj-ddd 676
334
1
ddd-dde 676
335
2
ejj-ddf 676
dde-ddf 676
336
1
ddf-ddg 676
337
2
ddg-ddh 676
ejj-ddh 676
338
1
ddh-ddi 676
339
2
ddi-ddj 676
ejj-ddj 676
340
1
ddj-dea 676
341
2
dea-deb 676
ejj-deb 676
342
1
deb-dec 676
343
2
dec-ded 676
ejj-ded 676
344
1
ded-dee 676
345
2
ejj-def 676
dee-def 676
346
1
def-deg 676
347
2
ejj-deh 676
deg-deh 676
348
1
deh-dei 676
349
2
dei-dej 676
ejj-dej 676
350
1
dej-dfa 676
351
2
ejj-dfb 676
dfa-dfb 676
352
1
dfb-dfc 676
353
2
ejj-dfd 676
dfc-dfd 676
354
1
dfd-dfe 676
355
2
dfe-dff 676
ejj-dff 676
356
1
dff-dfg 676
357
2
dfg-dfh 676
ejj-dfh 676
358
1
dfh-dfi 676
359
2
dfi-dfj 676
ejj-dfj 676
360
1
dfj-dga 676
361
2
ejj-dgb 676
dga-dgb 676
362
1
dgb-dgc 676
363
2
dgc-dgd 676
ejj-dgd 676
364
1
dgd-dge 676
365
2
dge-dgf 676
ejj-dgf 676
366
1
dgf-dgg 676
367
2
dgg-dgh 676
ejj-dgh 676
368
1
dgh-dgi 676
369
2
dgi-dgj 676
ejj-dgj 676
370
1
dgj-dha 676
371
2
dha-dhb 676
ejj-dhb 676
372
1
dhb-dhc 676
373
2
ejj-dhd 676
dhc-dhd 676
374
1
dhd-dhe 676
375
2
ejj-dhf 676
dhe-dhf 676
376
1
dhf-dhg 676
377
2
dhg-dhh 676
ejj-dhh 676
378
1
dhh-dhi 676
379
2
ejj-dhj 676
dhi-dhj 676
380
1
dhj-dia 676
381
2
dia-dib 676
ejj-dib 676
382
1
dib-dic 676
383
2
dic-did 676
ejj-did 676
384
1
did-die 676
385
2
die-dif 676
ejj-dif 676
386
1
dif-dig 676
387
2
dig-dih 676
ejj-dih 676
388
1
dih-dii 676
389
2
dii-dij 676
ejj-dij 676
390
1
dij-dja 676
391
2
dja-djb 676
ejj-djb 676
392
1
djb-djc 676
393
2
ejj-djd 676
djc-djd 676
394
1
djd-dje 676
395
2
ejj-djf 676
dje-djf 676
396
1
djf-djg 676
397
2
djg-djh 676
ejj-djh 676
398
1
djh-dji 676
399
2
ejj-djj 676
dji-djj 676
400
1
djj-eaa 676
401
2
eaa-eab 676
ejj-eab 676
402
1
eab-eac 676
403
2
ejj-ead 676
eac-ead 676
404
1
ead-eae 676
405
2
ejj-eaf 676
eae-eaf 676
406
1
eaf-eag 676
407
2
ejj-eah 676
eag-eah 676
408
1
eah-eai 676
409
2
ejj-eaj 676
eai-eaj 676
410
1
eaj-eba 676
411
2
eba-ebb 676
ejj-ebb 676
412
1
ebb-ebc 676
413
2
ebc-ebd 676
ejj-ebd 676
414
1
ebd-ebe 676
415
2
ejj-ebf 676
ebe-ebf 676
416
1
ebf-ebg 676
417
2
ejj-ebh 676
ebg-ebh 676
418
1
ebh-ebi 676
419
2
ebi-ebj 676
ejj-ebj 676
420
1
ebj-eca 676
421
2
ejj-ecb 676
eca-ecb 676
422
1
ecb-ecc 676
423
2
ejj-ecd 676
ecc-ecd 676
424
1
ecd-ece 676
425
2
ece-ecf 676
ejj-ecf 676
426
1
ecf-ecg 676
427
2
ecg-ech 676
ejj-ech 676
428
1
ech-eci 676
429
2
ejj-ecj 676
eci-ecj 676
430
1
ecj-eda 676
431
2
eda-edb 676
ejj-edb 676
432
1
edb-edc 676
433
2
ejj-edd 676
edc-edd 676
434
1
edd-ede 676
435
2
ejj-edf 676
ede-edf 676
436
1
edf-edg 676
437
2
ejj-edh 676
edg-edh 676
438
1
edh-edi 676
439
2
edi-edj 676
ejj-edj 676
440
1
edj-eea 676
441
2
eea-eeb 676
ejj-eeb 676
442
1
eeb-eec 676
443
2
eec-eed 676
ejj-eed 676
444
1
eed-eee 676
445
2
ejj-eef 676
eee-eef 676
446
1
eef-eeg 676
447
2
eeg-eeh 676
ejj-eeh 676
448
1
eeh-eei 676
449
2
eei-eej 676
ejj-eej 676
450
1
eej-efa 676
451
2
efa-efb 676
ejj-efb 676
452
1
efb-efc 676
453
2
ejj-efd 676
efc-efd 676
454
1
efd-efe 676
455
2
efe-eff 676
ejj-eff 676
456
1
eff-efg 676
457
2
ejj-efh 676
efg-efh 676
458
1
efh-efi 676
459
2
efi-efj 676
ejj-efj 676
460
1
efj-ega 676
461
2
ega-egb 676
ejj-egb 676
462
1
egb-egc 676
463
2
ejj-egd 676
egc-egd 676
464
1
egd-ege 676
465
2
ege-egf 676
ejj-egf 676
466
1
egf-egg 676
467
2
ejj-egh 676
egg-egh 676
468
1
egh-egi 676
469
2
ejj-egj 676
egi-egj 676
470
1
egj-eha 676
471
2
eha-ehb 676
ejj-ehb 676
472
1
ehb-ehc 676
473
2
ejj-ehd 676
ehc-ehd 676
474
1
ehd-ehe 676
475
2
ehe-ehf 676
ejj-ehf 676
476
1
ehf-ehg 676
477
2
ehg-ehh 676
ejj-ehh 676
478
1
ehh-ehi 676
479
2
ejj-ehj 676
ehi-ehj 676
480
1
ehj-eia 676
481
2
eia-eib 676
ejj-eib 676
482
1
eib-eic 676
483
2
ejj-eid 676
eic-eid 676
484
1
eid-eie 676
485
2
ejj-eif 676
eie-eif 676
486
1
eif-eig 676
487
2
ejj-eih 676
eig-eih 676
488
1
eih-eii 676
489
2
eii-eij 676
ejj-eij 676
490
1
eij-eja 676
491
2
eja-ejb 676
ejj-ejb 676
492
1
ejb-ejc 676
493
2
ejc-ejd 676
ejj-ejd 676
494
1
ejd-eje 676
495
2
eje-ejf 676
ejj-ejf 676
496
1
ejf-ejg 676
497
2
ejj-ejh 676
ejg-ejh 676
498
1
ejh-eji 676
499
250
dbg-ejj 676
dbc-ejj 676
eee-ejj 676
big-ejj 676
bic-ejj 676
cgg-ejj 676
dae-ejj 676
cha-ejj 676
ddg-ejj 676
cc-ejj 676
eac-ejj 676
edc-ejj 676
ci-ejj 676
bja-ejj 676
ecg-ejj 676
djc-ejj 676
bfa-ejj 676
bda-ejj 676
dfa-ejj 676
je-ejj 676
bbg-ejj 676
cie-ejj 676
ce-ejj 676
di-ejj 676
edg-ejj 676
efg-ejj 676
hc-ejj 676
cac-ejj 676
cfc-ejj 676
cfi-ejj 676
bba-ejj 676
cii-ejj 676
he-ejj 676
ejg-ejj 676
gc-ejj 676
dja-ejj 676
fi-ejj 676
dhg-ejj 676
ebc-ejj 676
eeg-ejj 676
ji-ejj 676
egg-ejj 676
cbg-ejj 676
dg-ejj 676
bhc-ejj 676
cjg-ejj 676
ehc-ejj 676
eic-ejj 676
ee-ejj 676
eie-ejj 676
bje-ejj 676
dga-ejj 676
che-ejj 676
caa-ejj 676
cci-ejj 676
eca-ejj 676
egi-ejj 676
edi-ejj 676
ia-ejj 676
ba-ejj 676
ga-ejj 676
bce-ejj 676
dge-ejj 676
dic-ejj 676
bai-ejj 676
bei-ejj 676
cg-ejj 676
ii-ejj 676
bea-ejj 676
daa-ejj 676
cbe-ejj 676
dee-ejj 676
fc-ejj 676
dfi-ejj 676
gg-ejj 676
bc-ejj 676
cga-ejj 676
e-ejj 676
fa-ejj 676
dje-ejj 676
fe-ejj 676
dac-ejj 676
bi-ejj 676
ddi-ejj 676
chg-ejj 676
be-ejj 676
eha-ejj 676
bfi-ejj 676
eig-ejj 676
ddc-ejj 676
de-ejj 676
chi-ejj 676
bfg-ejj 676
bii-ejj 676
cde-ejj 676
bcg-ejj 676
ede-ejj 676
ebg-ejj 676
bde-ejj 676
eje-ejj 676
dde-ejj 676
dji-ejj 676
dbe-ejj 676
dig-ejj 676
dag-ejj 676
ehe-ejj 676
djg-ejj 676
ejc-ejj 676
efc-ejj 676
ega-ejj 676
ge-ejj 676
jc-ejj 676
cig-ejj 676
cgc-ejj 676
cfg-ejj 676
efi-ejj 676
ecc-ejj 676
dhe-ejj 676
bia-ejj 676
ccg-ejj 676
eji-ejj 676
bag-ejj 676
bga-ejj 676
ig-ejj 676
bie-ejj 676
hg-ejj 676
cge-ejj 676
bdc-ejj 676
a-ejj 676
bdi-ejj 676
bg-ejj 676
eia-ejj 676
eja-ejj 676
ic-ejj 676
bgi-ejj 676
bcc-ejj 676
bec-ejj 676
cdg-ejj 676
dhc-ejj 676
cea-ejj 676
bci-ejj 676
fg-ejj 676
cfa-ejj 676
egc-ejj 676
dgc-ejj 676
bjg-ejj 676
dgi-ejj 676
eec-ejj 676
efa-ejj 676
bac-ejj 676
eii-ejj 676
dhi-ejj 676
baa-ejj 676
gi-ejj 676
cei-ejj 676
i-ejj 676
dc-ejj 676
cia-ejj 676
bhg-ejj 676
cda-ejj 676
ege-ejj 676
chc-ejj 676
dia-ejj 676
efe-ejj 676
eaa-ejj 676
jg-ejj 676
bgg-ejj 676
bfc-ejj 676
cic-ejj 676
bca-ejj 676
ec-ejj 676
bbi-ejj 676
cec-ejj 676
dcc-ejj 676
ehg-ejj 676
eai-ejj 676
dbi-ejj 676
eg-ejj 676
eba-ejj 676
cje-ejj 676
bji-ejj 676
cji-ejj 676
dfc-ejj 676
eea-ejj 676
bhi-ejj 676
cba-ejj 676
dgg-ejj 676
cjc-ejj 676
eei-ejj 676
dba-ejj 676
beg-ejj 676
dii-ejj 676
ccc-ejj 676
ha-ejj 676
bge-ejj 676
cfe-ejj 676
dea-ejj 676
dfe-ejj 676
dfg-ejj 676
cca-ejj 676
bjc-ejj 676
ca-ejj 676
ebi-ejj 676
cag-ejj 676
cdc-ejj 676
cdi-ejj 676
g-ejj 676
deg-ejj 676
bdg-ejj 676
bbe-ejj 676
dci-ejj 676
dce-ejj 676
dha-ejj 676
cgi-ejj 676
cja-ejj 676
ece-ejj 676
bhe-ejj 676
dda-ejj 676
cce-ejj 676
ceg-ejj 676
eci-ejj 676
cbi-ejj 676
eag-ejj 676
da-ejj 676
eda-ejj 676
ea-ejj 676
ei-ejj 676
cee-ejj 676
ebe-ejj 676
c-ejj 676
dec-ejj 676
die-ejj 676
hi-ejj 676
dcg-ejj 676
bbc-ejj 676
dca-ejj 676
bae-ejj 676
dei-ejj 676
ehi-ejj 676
bee-ejj 676
cae-ejj 676
cai-ejj 676
dai-ejj 676
cbc-ejj 676
bgc-ejj 676
ie-ejj 676
eae-ejj 676
ja-ejj 676
bha-ejj 676
bfe-ejj 676
