1628
4 5357 5121 8148 6404
4 421 5913 2589 6255
4 5583 8785 6584 3629
4 9906 7710 5231 7529
4 1737 3987 8197 9487
4 4386 2094 6735 8754
4 5796 1756 998 2584
4 2395 2861 59 6312
4 6655 7923 8873 7569
4 7704 7444 6632 5515
4 9612 7262 8452 7796
4 2489 398 8407 5905
4 820 604 1248 6459
4 1729 9004 8603 7064
4 7549 9354 5886 8437
4 4848 8733 8189 6839
4 9529 4449 4233 3626
4 9213 5744 4318 1287
4 1524 8479 4574 9483
4 4100 9620 7108 3904
4 6823 5416 9383 2545
4 6476 1396 847 4041
4 4004 9131 5427 4644
4 3697 973 7792 9247
4 370 2061 4631 9618
4 3015 2155 4863 453
4 6668 7168 44 2687
4 3135 1492 2843 2222
4 5363 2752 5570 2117
4 8284 7100 461 8004
4 1561 3505 4036 1385
4 8775 8287 3295 2932
4 9765 3273 1423 7936
4 8854 5616 6640 5918
4 8591 2345 3420 9888
4 3715 674 5592 4147
4 2096 6639 9813 5001
4 5090 1556 2331 2598
4 2935 666 1677 7525
4 4695 6756 1081 8384
4 5251 3825 1114 8119
4 6762 8689 6196 5989
4 9959 864 1388 3149
4 9818 948 6613 4473
4 683 4106 5526 9128
4 3942 8320 936 5052
4 8911 8585 7369 132
4 4194 962 3484 7515
4 5211 5083 7819 3457
4 8777 8814 2459 4670
4 2819 2246 9256 2968
4 7577 876 8240 7939
4 7863 3176 110 684
4 2723 752 7950 2064
4 7368 2728 3656 8991
4 8837 2196 2212 7290
4 8392 4808 1101 5651
4 7208 7101 8636 5791
4 371 9614 8641 9267
4 281 63 2499 4916
4 6240 5602 7259 2548
4 4090 9019 714 1491
4 2475 1013 9894 839
4 3678 7945 6170 3024
4 7834 4405 3765 5048
4 7198 5945 8152 7937
4 4961 1115 6677 1071
4 1004 4685 2124 3795
4 9965 3272 3647 7135
4 3302 4579 4788 9986
4 1233 384 6495 5773
4 7104 2070 1707 7201
4 2141 6782 9295 854
4 2008 5101 4430 4957
4 1734 4702 7409 5046
4 7927 3499 1214 8058
4 2115 49 6702 2558
4 336 8639 8063 3463
4 1164 443 7540 5042
4 2080 2922 6176 818
4 5214 6381 4964 6107
4 4917 1146 1830 976
4 7896 7825 4886 7961
4 1341 7202 5295 5653
4 9307 9568 7595 4135
4 4509 3792 4983 3047
4 7313 5772 82 2964
4 8612 4874 6252 7757
4 3940 5713 7136 3566
4 5982 636 3896 3096
4 3607 2727 5310 9305
4 2228 887 3309 7543
4 2274 8485 8608 9527
4 8338 3228 1851 6168
4 1353 4322 4925 9433
4 1210 3293 1988 7516
4 7305 4406 6550 1203
4 4240 8322 1671 6935
4 71 8745 594 4940
4 9129 9866 9795 2456
4 7551 5625 7 4131
4 1955 7145 1812 4185
4 8116 4141 3142 5219
4 3437 3114 1322 9539
4 5383 2259 7326 7579
4 47 4235 1742 8465
4 1450 9552 3042 1094
4 8851 4637 4167 5873
4 7359 9 766 3686
4 1713 9690 7583 1934
4 7231 4655 8803 8387
4 5652 532 5494 6129
4 5006 2686 727 1895
4 4561 9525 1050 4657
4 2962 3072 7088 7715
4 4074 2481 3844 8553
4 9263 7083 7447 3357
4 4847 4112 3196 954
4 723 4102 8250 9235
4 6957 8736 4475 62
4 9532 2982 2759 2060
4 9917 213 859 7308
4 4374 1946 7196 9946
4 2736 2293 8332 2726
4 3519 9196 3337 2342
4 7648 8375 6611 7032
4 4320 8010 5163 2045
4 1591 1724 1568 1418
4 9063 4076 5777 2340
4 6547 2652 3689 3170
4 6882 4619 8767 6178
4 8193 850 992 5172
4 7725 5904 5686 4490
4 9106 8644 1433 7643
4 4402 3155 2642 3775
4 9119 4638 2749 9966
4 2544 9747 2828 586
4 4912 4995 6558 3257
4 1621 9576 8626 2795
4 3672 4139 2862 201
4 3648 9344 6534 2085
4 3757 8478 1763 6571
4 120 8601 2628 8138
4 5729 7851 6038 5931
4 3781 7494 2323 5156
4 3542 7451 3889 2870
4 6913 8397 7814 7148
4 6567 4550 328 9542
4 774 2300 7464 3112
4 7545 8186 9275 3593
4 403 7862 676 4058
4 9302 18 8997 4150
4 4244 2213 3376 3451
4 6134 3475 8187 7079
4 6537 9151 6927 7703
4 2308 9713 4480 6467
4 4959 9559 3708 58
4 8865 1383 8242 4044
4 4390 5366 2814 8115
4 2036 5081 8233 11
4 8267 9900 9320 9528
4 7316 3869 6171 6050
4 3840 3842 2305 1711
4 8259 8849 7166 1839
4 8506 5845 7445 2267
4 5609 6147 5359 654
4 8616 3583 2160 1049
4 446 2123 7673 333
4 778 1160 8079 7385
4 9243 4837 2313 1936
4 9873 245 2243 3526
4 5540 8094 3126 373
4 8101 8167 9605 2535
4 8430 6359 1552 9921
4 5096 1136 7726 9374
4 6123 2985 7944 8286
4 2023 5854 7008 4284
4 9514 7267 6777 4902
4 3913 1509 3106 6989
4 5324 3950 7522 2944
4 5136 8509 2282 8367
4 4551 6580 7466 8036
4 687 6300 7953 9289
4 2920 4498 6842 5919
4 1767 3745 1845 9856
4 706 2817 5665 3253
4 9784 3899 177 4151
4 5209 9722 2203 3632
4 6481 6060 8348 8563
4 1231 2718 8701 7756
4 3618 2674 7920 8026
4 1427 4690 4965 7026
4 65 9942 9340 5600
4 7922 2994 9732 6582
4 6985 463 6638 1096
4 9283 3083 8721 2941
4 7700 7050 3229 8346
4 593 9691 9111 9649
4 5622 780 8047 1359
4 3002 7212 1996 8834
4 8697 2572 6329 1357
4 4516 8253 2619 717
4 6313 1817 7209 9366
4 9252 522 9443 1372
4 1085 2364 103 9778
4 745 4951 9751 3356
4 2571 2009 6477 1336
4 4137 4582 8477 9123
4 5962 565 8839 1861
4 3485 4352 3443 3368
4 2802 67 2351 6363
4 9779 6426 6316 7629
4 709 2112 8811 2647
4 6602 251 1976 9124
4 4351 5891 6 257
4 5909 9365 7671 1001
4 9154 3089 645 5793
4 7119 7981 8751 332
4 8199 5492 2095 8200
4 6994 8614 214 9806
4 2905 1340 4259 2536
4 171 6415 1701 7489
4 1202 2162 1510 1787
4 9585 3062 3214 4222
4 7330 9325 1344 6914
4 3379 7911 4134 9546
4 4884 60 5593 750
4 3496 877 8947 9930
4 4477 8003 5330 9511
4 9629 3308 8163 9968
4 4293 5239 5544 8835
4 4357 9545 5244 188
4 9363 2957 6297 7344
4 8923 6666 9974 4727
4 1820 1717 5149 8529
4 8501 8779 1740 7934
4 4867 4557 6342 5733
4 5236 7057 8658 1800
4 6956 5518 6188 7613
4 1975 2776 7391 9550
4 5332 1351 296 1564
4 5991 321 5970 1505
4 4711 1249 4977 2245
4 8651 1364 4717 9962
4 2575 7415 7677 3730
4 9166 924 1883 8915
4 4331 1965 3120 9341
4 4696 8431 8449 9419
4 8040 1522 5529 7647
4 3750 4415 7439 7210
4 5758 791 3473 7699
4 4572 7153 8056 7972
4 1747 8990 6738 8418
4 9426 9271 6273 4161
4 5131 5028 9397 2509
4 5808 1743 2265 1714
4 8168 2043 5728 3579
4 5835 6616 8579 7824
4 5488 96 3306 6627
4 5683 6419 767 7250
4 5074 902 3830 55
4 6042 3087 797 4870
4 2573 1673 6309 1061
4 3655 1523 5155 7748
4 8866 264 5553 8183
4 9569 3845 8470 4600
4 301 3834 9626 7524
4 1200 6144 8548 4960
4 5720 1889 8607 8625
4 2952 3223 2089 1636
4 631 6742 385 6192
4 9853 8702 9566 407
4 197 2809 6410 9797
4 1178 3137 9572 6377
4 773 1508 3673 7436
4 3167 6226 7155 8132
4 8487 6336 9048 2055
4 4367 4524 3271 3557
4 3978 9250 9718 6058
4 8659 3870 875 4043
4 1476 1810 5864 1948
4 5375 2612 730 4200
4 3905 3791 8940 5610
4 7567 4649 278 9507
4 1228 6384 6769 1998
4 4079 2353 1429 8677
4 8671 9952 2486 5170
4 9689 9746 85 3367
4 4861 3944 2000 3857
4 8707 9843 7412 5308
4 283 6198 3 1483
4 9265 7253 4532 7302
4 3001 5476 6747 8442
4 6028 9078 7443 1912
4 9871 6662 1853 7103
4 8172 2912 6010 9755
4 432 7118 836 2927
4 8204 6578 1587 884
4 1140 8453 7095 915
4 3997 8683 8670 3278
4 8297 4706 6483 4527
4 4179 5203 9695 2585
4 7880 5207 1040 4607
4 263 6981 6146 5803
4 3028 6012 4474 3518
4 1720 513 464 3022
4 4469 995 4617 4565
4 6320 1378 9464 6110
4 7978 3728 8964 1681
4 3885 1253 8932 1224
4 5849 7696 6757 9908
4 634 7617 6498 8929
4 3508 1821 8692 5785
4 7319 7861 7618 5174
4 7296 1708 6370 1037
4 8722 8895 1116 1073
4 4883 2877 3877 1923
4 7603 8750 4871 3375
4 5197 3561 1684 4307
4 3736 8524 2939 5902
4 3037 7759 9359 4521
4 6444 1484 1526 4439
4 3362 9599 1117 2937
4 1542 8328 520 3248
4 4786 2627 3892 8637
4 4038 1571 137 6367
4 559 7536 3511 7041
4 1152 2488 1261 7678
4 1154 5462 8466 970
4 4361 8956 2592 7130
4 7870 8874 2798 4946
4 5278 9197 3107 3055
4 6296 9880 4975 3544
4 4292 4668 174 17
4 7823 6656 5823 6577
4 3853 916 5341 172
4 5839 7463 7178 6605
4 5547 9907 5705 145
4 9769 9961 1361 2106
4 9849 6231 1726 9425
4 1833 56 5941 1712
4 8527 2368 846 6965
4 2600 5998 6389 9014
4 6220 5441 208 3050
4 2566 3769 7363 760
4 5378 9984 6715 1430
4 2185 9350 7255 5503
4 6938 5250 1570 7238
4 529 1234 556 10
4 5548 6856 688 8516
4 7215 5563 5151 2165
4 4604 1122 8714 738
4 451 525 3969 6526
4 3746 3516 7778 4731
4 8931 923 1487 6205
4 4663 5446 6752 3134
4 297 912 9597 1197
4 1765 8363 6540 1963
4 9092 4093 2295 5649
4 7740 2716 9895 6364
4 844 9168 5118 5579
4 6583 5271 9182 3104
4 1601 926 164 8833
4 2766 3540 1589 7624
4 1827 7218 9390 139
4 6266 8239 7518 8293
4 5325 6133 6396 4627
4 9741 8673 2221 9121
4 9161 5007 1648 5056
4 7149 5948 5013 628
4 2407 6149 8161 5017
4 3258 7558 9214 8650
4 9450 8081 4491 3674
4 2649 5627 7692 3691
4 2007 6451 117 5899
4 4990 5574 9588 8044
4 4230 2484 6680 8305
4 8059 2804 7152 642
4 9246 9594 6623 9135
4 211 7499 2309 8198
4 6052 8824 9490 2848
4 7839 480 8617 6721
4 5875 2879 7204 6215
4 4126 2127 28 8247
4 7346 9719 2590 3029
4 2555 87 656 5879
4 7983 3276 7151 2836
4 1010 1847 3932 2872
4 6102 2125 6036 1876
4 7318 3608 2516 206
4 1825 7954 8606 9471
4 1015 3239 289 7752
4 3828 5513 6157 8609
4 8653 7278 6256 178
4 6645 3973 1856 9580
4 2811 6731 3692 9776
4 1866 9286 1620 9414
4 900 1735 3677 6350
4 4555 931 4650 6193
4 597 4859 1393 6152
4 3480 9852 6685 4573
4 5487 1943 3527 2538
4 5824 6703 7888 9499
4 1464 4671 3808 8258
4 7375 1159 2697 5061
4 8652 9382 1632 6206
4 8578 4170 5815 8134
4 590 1056 4054 5981
4 2226 3891 1311 9276
4 4522 3132 4496 2999
4 6531 3092 1260 1205
4 1819 4792 6984 8434
4 1129 307 5559 9637
4 5058 7105 2190 4933
4 7764 6111 151 5094
4 834 8537 2705 4611
4 1994 124 290 3895
4 1877 9238 1718 4997
4 6741 8468 7875 3573
4 6443 2732 9799 9407
4 7475 53 4725 8684
4 6053 1562 6228 1884
4 8342 7413 142 9675
4 1874 1888 589 8967
4 1642 7610 7734 7512
4 236 7777 2428 4857
4 9241 2091 4692 9730
4 7542 4661 8035 4814
4 9748 7884 5371 6932
4 9165 5710 4442 4865
4 3980 4055 1704 8032
4 6306 7361 4636 2490
4 9714 253 4989 9376
4 9326 7993 4091 4703
4 5418 9602 8907 9864
4 6628 9761 5517 7659
4 6676 6651 3912 7219
4 9530 4774 3558 7286
4 3297 6849 4875 3654
4 4592 7406 5235 5644
4 1445 2241 6155 540
4 2020 3924 4066 3839
4 2765 648 7090 4771
4 4716 1837 2461 7526
4 1282 2254 1440 8423
4 2854 5044 7003 4363
4 362 735 4187 4656
4 5794 4926 6557 4064
4 4381 6827 2887 6326
4 4506 9523 6365 1023
4 2565 2806 6733 8176
4 9976 7662 4904 898
4 8123 1595 9016 1598
4 3945 5035 6976 358
4 9896 3498 3531 3422
4 7841 3802 7594 6794
4 7074 4410 5671 3760
4 2400 9650 1406 1533
4 3553 7733 1467 8333
4 5020 4089 8241 7382
4 5916 5474 3567 5389
4 6366 5530 2081 7374
4 9922 6380 7037 4412
4 534 2320 2006 3906
4 6289 4559 2457 3718
4 4773 1339 6490 1471
4 6673 6436 8597 8432
4 1332 1723 5336 9220
4 9453 689 6076 3704
4 5205 9368 5898 2783
4 7356 147 2375 6778
4 5355 7683 210 8153
4 7432 4879 622 8889
4 8861 6988 9456 6857
4 9988 1422 4478 7768
4 6800 404 1609 9848
4 960 33 1584 5633
4 7914 5457 7821 9468
4 8019 489 2907 9361
4 6361 5178 7785 7419
4 4495 6514 4639 2462
4 4375 8376 5489 5551
4 9879 909 7943 4011
4 4720 146 6528 3617
4 3323 2389 5086 6784
4 8715 3145 9726 2260
4 8938 7534 3582 8043
4 7426 4766 8150 9072
4 7818 8898 2401 2381
4 8648 9561 8894 396
4 9043 7249 7230 737
4 7310 2398 3244 9703
4 7530 6340 7175 5856
4 2874 5869 9684 3559
4 9192 3983 3882 3153
4 1021 4452 6016 5467
4 3595 4026 7990 8823
4 7592 4057 1922 8425
4 1529 1930 1512 8679
4 8845 7917 5901 5380
4 3914 2129 6208 7010
4 150 4953 8299 9971
4 8954 8325 1952 9631
4 5776 9222 5461 9122
4 6585 3299 3966 6649
4 6870 635 5085 6466
4 3352 5920 198 3129
4 3371 7454 5522 8746
4 9143 4907 5724 5865
4 5255 835 3188 6202
4 39 7013 3339 3985
4 4823 7956 1886 9734
4 4467 2191 8712 5531
4 3749 7596 32 4704
4 7770 804 5556 9549
4 5832 7116 9606 512
4 9429 6834 1090 711
4 4202 359 9183 4887
4 9802 8238 9667 6421
4 3075 8519 9868 7480
4 9062 2134 3136 9221
4 947 1507 7966 1347
4 8682 5615 3564 2167
4 4124 1822 4016 3641
4 7689 5908 6873 9573
4 6724 149 678 2924
4 9091 9828 5756 3011
4 6184 45 7220 2148
4 7809 3811 6700 7731
4 2277 7221 5896 6574
4 4640 1761 2343 9173
4 3428 300 6446 1256
4 8276 170 5451 8263
4 7186 3991 4514 6203
4 7970 2707 8264 1100
4 6705 8196 6160 2024
4 3322 6243 5047 6811
4 7876 5164 471 1047
4 4208 3724 2983 1174
4 4465 5566 313 3121
4 1382 5584 2278 2198
4 7964 6264 6637 9459
4 0 2672 3020 2467
4 8632 9096 6942 7984
4 849 3694 9978 6903
4 8562 6248 9752 1199
4 611 5166 5954 4335
4 5939 2495 5657 4659
4 8752 8908 9328 5860
4 4949 8027 6553 9891
4 6659 7424 6681 9299
4 5277 7975 6522 6017
4 8517 1908 1044 7425
4 4708 6596 6015 1181
4 7386 1569 1157 3203
4 9996 9987 8133 8801
4 9583 4340 4215 7384
4 6726 2875 6648 9836
4 3681 4992 7727 9210
4 5240 1179 5947 5836
4 2367 2337 433 1593
4 5040 3818 5362 6719
4 8711 6112 5449 1668
4 9068 3226 5721 3127
4 1411 3412 8143 2506
4 9038 9633 5763 4511
4 1106 4790 7521 6351
4 541 708 4286 6022
4 2062 3894 5536 355
4 8222 6478 9721 2702
4 562 3517 4052 6713
4 5173 4456 8210 8202
4 7509 4419 1840 2296
4 5813 1381 3031 9486
4 8160 6246 825 8864
4 3563 8413 5157 4206
4 1616 8863 514 5198
4 7500 8828 5496 1409
4 8696 2025 204 9995
4 7555 1400 889 5730
4 2601 6492 8876 2437
4 8667 4958 8336 2329
4 608 968 8810 3105
4 1751 465 8139 9768
4 1768 7877 7633 8031
3 4359 2954 8977
3 2120 6280 3596
3 7751 9935 3004
3 6051 2159 1321
3 4742 4188 1535
3 8006 4092 6275
3 1012 70 5872
3 9920 2033 8089
3 6864 3330 8919
3 3809 234 5368
3 955 4801 4943
3 3972 240 9519
3 9198 530 9600
3 4228 2578 8137
3 1843 9269 5751
3 9418 1640 8215
3 6960 430 270
3 3235 5082 7729
3 4858 8454 3926
3 6263 2746 7924
3 3657 131 4046
3 919 4000 9028
3 431 7614 7995
3 1062 3311 6003
3 9187 6576 6698
3 9716 456 1939
3 5606 372 1750
3 7397 2661 6097
3 97 9767 5986
3 2786 9699 885
3 9446 8401 439
3 978 6008 9332
3 500 1744 6161
3 1330 2072 4534
3 2193 6964 2604
3 5208 620 7457
3 2949 9201 7170
3 2762 9584 8447
3 3939 9431 4796
3 9086 1259 673
3 2632 6835 2977
3 136 1519 7663
3 5191 1036 6890
3 3956 8180 6761
3 9538 1980 9398
3 9656 4942 1961
3 4301 4798 2713
3 6844 8822 2772
3 7991 6565 5482
3 4221 8568 1796
3 9944 6824 7407
3 2102 3212 8383
3 5245 1649 183
3 3590 2595 9075
3 1475 9413 9083
3 2694 6352 1318
3 2514 24 3370
3 2074 3280 8252
3 8326 956 4387
3 6137 3344 5752
3 8435 7895 2953
3 2399 4104 6809
3 4502 8037 7800
3 37 86 5994
3 6197 6121 7881
3 6887 4777 7586
3 4238 5732 1279
3 2207 6302 7674
3 1694 3793 1546
3 9855 7471 3060
3 5666 4635 6450
3 6463 3543 458
3 8859 4783 2881
3 1983 6972 7320
3 4839 2297 1538
3 7554 7461 7812
3 2891 7362 8900
3 9036 9009 4596
3 457 4358 335
3 3822 1755 4595
3 4248 7724 5168
3 7357 6959 8314
3 8815 6963 3364
3 487 9137 9094
3 5897 8353 6311
3 602 756 4400
3 7410 2608 6915
3 7206 2596 4399
3 3052 2210 1371
3 7094 3951 2144
3 9047 8930 9114
3 6471 4339 2741
3 3141 4434 392
3 5024 8766 3021
3 7387 1536 9564
3 2903 9838 801
3 2149 2785 9035
3 8093 4504 221
3 4116 6506 2610
3 3875 6353 9659
3 8486 9215 4994
3 3347 2956 462
3 2028 9578 2469
3 6332 2837 1778
3 1678 1688 6127
3 6818 7078 3651
3 4069 40 5066
3 2859 1161 3887
3 2892 7850 168
3 6448 3789 4736
3 6925 5233 6175
3 7889 6232 840
3 7602 802 842
3 5628 4982 8663
3 725 9709 7557
3 2412 6148 9993
3 31 2059 9820
3 5181 7859 1009
3 1453 7632 502
3 4877 6229 2683
3 7959 5125 4688
3 2307 1426 6328
3 9651 8737 8028
3 7694 8438 8576
3 5106 4291 9394
3 4097 6944 1220
3 739 8543 325
3 2685 3841 511
3 615 8022 4549
3 402 5128 4488
3 7960 639 6725
3 1959 9678 393
3 5817 9540 9223
3 9015 8426 3318
3 78 3012 9489
3 343 644 8804
3 2169 2101 2950
3 9595 4689 4567
3 6699 152 5631
3 7742 6034 613
3 6473 229 1043
3 1869 4787 5558
3 5959 7395 848
3 5719 7423 8643
3 5190 7803 7314
3 7971 9227 1080
3 4031 68 5676
3 34 5422 2388
3 793 3123 5882
3 4099 3743 8097
3 8256 3679 7994
3 8950 6952 1377
3 4826 1979 9957
3 3555 953 6315
3 6746 1807 4880
3 3903 7697 7631
3 7532 726 413
3 1165 13 2472
3 2242 1892 640
3 8903 4969 153
3 4855 6005 252
3 467 5443 5850
3 1270 7132 2002
3 6225 5731 5881
3 579 20 9892
3 7581 7430 9475
3 1167 9887 3396
3 3515 3509 76
3 3698 305 2669
3 6452 8398 4723
3 2137 860 1502
3 6357 9274 8571
3 4298 477 7176
3 2215 2304 2164
3 5212 8629 57
3 5951 4811 6189
3 7666 2929 4750
3 1590 6922 5863
3 4047 4267 3246
3 7496 6479 5161
3 740 6563 4451
3 7826 4173 346
3 9280 3665 7713
3 6095 7951 6291
3 4078 8212 5146
3 6046 3621 193
3 6674 5950 1369
3 1549 4554 2358
3 2232 2019 2799
3 2898 9337 3233
3 2527 414 5026
3 2629 293 4155
3 9524 4922 949
3 3581 83 8821
3 1953 7036 5346
3 4246 4279 2432
3 4245 395 4679
3 649 7906 1416
3 1586 937 9157
3 5829 8456 3504
3 6740 3482 3146
3 8986 6210 3449
3 7804 7565 1194
3 3902 1650 3261
3 7252 7024 4314
3 6104 554 2531
3 3761 9234 5895
3 1276 9313 9526
3 9065 9830 1084
3 4662 4311 1286
3 4249 7194 6544
3 8206 2533 1504
3 3161 868 7813
3 3838 4747 6244
3 2751 568 444
3 2634 2824 5200
3 4030 2529 5714
3 4856 1516 4537
3 5387 8675 3748
3 7743 3431 6270
3 7236 3773 9294
3 9105 8229 9543
3 7197 7653 1031
3 8498 4653 2668
3 6630 16 1514
3 23 7490 9496
3 1793 1118 8277
3 3263 4176 9488
3 3806 2303 6258
3 4501 982 1527
3 2047 4328 9333
3 3930 6294 7018
3 9692 4398 4767
3 9810 5672 7963
3 8965 8440 9635
3 6664 3332 9458
3 3174 3911 6612
3 1532 1250 9551
3 5401 6920 9680
3 1032 4578 1452
3 7150 4841 1201
3 8952 5237 6494
3 4001 2442 5373
3 8201 6245 7559
3 6828 1891 1618
3 4892 8355 5175
3 1986 4623 5059
3 4914 9958 4713
3 3316 675 8642
3 1296 8179 2422
3 8654 3513 6962
3 9085 8729 2143
3 499 3824 6852
3 2264 8289 9260
3 2712 8727 3125
3 1606 2671 5199
3 6569 6430 3880
3 5834 5980 6693
3 4935 6744 8067
3 9711 9149 9858
3 6822 4775 3099
3 1027 7622 858
3 6510 4164 365
3 9251 5043 225
3 8918 4144 5769
3 9022 3407 7761
3 6093 8177 2328
3 5641 4605 8897
3 459 4447 9655
3 4898 3570 9002
3 3747 8593 4407
3 9272 5097 9611
3 8808 7237 8567
3 115 8235 3274
3 3147 4095 30
3 5400 6604 2402
3 7418 8981 2335
3 7957 7828 4562
3 9985 7849 6118
3 6130 8382 1058
3 1951 9624 6323
3 1806 9181 6766
3 123 576 3547
3 1898 185 8472
3 7600 5098 5471
3 6846 6600 2570
3 8756 6851 6398
3 2235 1865 6590
3 2946 7190 4156
3 5831 7721 9073
3 4482 6727 6002
3 1669 4558 2220
3 1132 8978 1110
3 3355 6126 6899
3 94 1978 8340
3 8108 8806 7665
3 7048 9927 5442
3 7085 6993 7868
3 4325 6090 4546
3 7899 5077 2046
3 7315 6078 6711
3 4197 7616 2205
3 1639 9771 8572
3 6669 7273 9613
3 2240 7247 896
3 6472 7127 4840
3 8753 8388 8372
3 4694 2466 8129
3 8393 5812 2333
3 3883 8734 1754
3 9745 7634 1266
3 6223 9859 9338
3 3078 6304 5041
3 7329 6524 5505
3 3615 5944 473
3 7693 4489 4804
3 7805 7460 2294
3 2591 3506 5019
3 1835 3587 899
3 1288 2582 160
3 2105 516 5323
3 8640 2911 1848
3 1774 4564 6774
3 2216 1271 8021
3 2730 9603 6697
3 2549 8573 143
3 22 6739 1137
3 9013 5189 4172
3 1192 9877 6990
3 419 7815 1313
3 5702 2234 7275
3 6560 3664 5621
3 3324 5800 3439
3 9948 5613 3878
3 101 9003 6356
3 1212 6671 3884
3 1849 5460 5276
3 3265 5140 4746
3 9134 2136 1653
3 3933 8994 6803
3 3281 2199 4308
3 7121 7123 6064
3 7491 4312 8773
3 8996 1086 753
3 3038 2754 3097
3 2237 7686 4217
3 1699 3578 9029
3 2781 5171 2453
3 558 7931 550
3 417 2793 6581
3 906 3402 9744
3 2390 6063 5134
3 9261 5268 9844
3 9679 9230 5523
3 5397 3849 3782
3 4255 1656 9194
3 1488 8411 381
3 6636 3873 2417
3 4818 1170 4394
3 6035 5426 8084
3 7510 8716 2852
3 2289 6023 5598
3 1480 5234 4599
3 1127 6414 6096
3 5903 796 3817
3 6831 2016 1093
3 4196 6595 9008
3 4918 1461 3381
3 4136 2951 7786
3 2268 159 5246
3 7117 2775 8049
3 7400 4613 3888
3 6132 8464 1783
3 8166 828 6520
3 4630 3131 8793
3 8789 4678 9759
3 8316 5253 8759
3 2406 6261 1624
3 1172 2621 7233
3 9901 2334 7788
3 3491 472 133
3 219 2444 5736
3 7309 6529 1627
3 8987 8633 2731
3 3334 4910 4094
3 6953 6227 1665
3 3300 3442 1814
3 217 3783 7969
3 8618 1867 6517
3 279 5770 7684
3 6432 893 7903
3 1404 6373 3312
3 3965 3262 1985
3 2068 845 4932
3 8539 3401 5917
3 7501 5313 2065
3 2987 3744 5391
3 6180 9535 4193
3 7925 4479 9534
3 5577 2750 1781
3 9575 610 9502
3 2554 5586 4088
3 3721 5966 7371
3 218 5972 1208
3 3584 1801 6586
3 4487 2281 1836
3 1221 5398 5064
3 8165 2711 5370
3 4894 5132 401
3 669 3445 3539
3 3862 6417 1899
3 1904 9200 934
3 7898 6812 1184
3 7388 7675 3947
3 3927 7110 1646
3 9660 9754 7980
3 651 2722 7672
3 8665 5104 1638
3 990 5594 2326
3 545 4544 3124
3 2376 9882 3076
3 1716 3216 2464
3 89 3085 9941
3 4529 7502 3929
3 5481 4538 2947
3 8638 2184 3411
3 4428 7289 292
3 5599 1292 1935
3 9846 4981 4628
3 9770 7065 3521
3 7695 8842 8694
3 6259 5345 9356
3 2173 771 6770
3 3424 2560 1928
3 8525 7902 7907
3 4669 6405 2087
3 9209 5511 8268
3 163 8934 1130
3 757 6068 1683
3 8584 977 7664
3 9156 249 6958
3 3807 1299 144
3 827 7043 2480
3 3017 2463 1138
3 8015 9140 304
3 7177 930 207
3 1469 3115 2057
3 4833 7608 9670
3 2022 5122 6307
3 2990 894 1870
3 4163 8732 6973
3 6805 6497 3580
3 9089 2567 3313
3 2835 1120 7096
3 2050 7744 7134
3 6409 7962 2011
3 7274 5804 157
3 9785 7553 3941
3 3610 1209 8776
3 316 4842 8853
3 8709 288 241
3 8273 5429 1331
3 4882 7014 691
3 199 9860 7642
3 6331 4646 728
3 4553 7223 2227
3 618 4149 287
3 3178 9491 8298
3 5514 4948 7878
3 7216 5192 9225
3 8068 8409 3893
3 2564 4337 8502
3 3186 7163 5725
3 2179 865 1971
3 6541 7640 6301
3 4392 356 9179
3 6425 9152 3006
3 3541 8886 7229
3 3353 6897 8534
3 643 108 5550
3 7544 4714 6904
3 1277 1958 5578
3 1841 5254 5206
3 1227 7546 8870
3 2418 6513 819
3 5060 5718 862
3 9367 3753 9647
3 5663 9863 5182
3 9406 616 1652
3 9100 7298 1574
3 4355 6213 5741
3 8645 4789 4226
3 9710 425 4143
3 2805 2288 5329
3 6387 6814 9617
3 7795 7019 2563
3 4468 5534 2163
3 9232 8310 867
3 3425 7087 5952
3 1495 9885 7948
3 4634 5658 784
3 9553 5825 8941
3 2239 9870 3536
3 3438 5424 5612
3 9329 6629 186
3 8141 4598 2841
3 5848 6796 5510
3 1809 8740 9172
3 733 3798 2344
3 4508 6087 9570
3 769 5771 9590
3 3812 1700 7091
3 2577 8564 4693
3 5573 6484 1563
3 7349 9423 2435
3 800 5958 1376
3 9582 6620 2689
3 378 1479 4791
3 9158 348 347
3 3208 226 383
3 7556 3209 7799
3 1661 2318 1615
3 2201 3917 7441
3 5611 4986 8321
3 3712 719 4726
3 9314 8103 4906
3 1099 9876 7434
3 4403 6748 2152
3 128 1685 9346
3 7365 7333 8309
3 189 6253 4290
3 9862 4518 789
3 6125 8771 7580
3 9555 5183 4939
3 1403 8347 7541
3 1909 7060 349
3 7140 1131 5409
3 958 8086 4211
3 7459 2586 7835
2 2451 7758
2 633 6692
2 4709 6917
2 1235 1949
2 6701 8064
2 1196 3213
2 441 5294
2 9819 8493
2 415 2012
2 1788 9205
2 5316 7946
2 1494 1188
2 2470 2382
2 9954 203
2 863 361
2 1993 3860
2 1799 1284
2 3859 5343
2 2550 9323
2 6279 8080
2 5379 4996
2 1119 8379
2 3327 1180
2 8686 1868
2 291 831
2 8282 8960
2 6457 5148
2 9737 3949
2 2878 2356
2 3784 1679
2 1230 6456
2 703 1105
2 2035 1611
2 5779 2384
2 7669 5410
2 388 2498
2 1818 6843
2 1323 509
2 8412 7507
2 280 1335
2 9999 7807
2 4 405
2 3821 3247
2 5694 1732
2 4621 7479
2 8406 935
2 9372 8726
2 782 8875
2 7965 693
2 2483 4734
2 268 6233
2 227 3394
2 1133 4344
2 9807 922
2 9102 1111
2 8410 2324
2 9663 258
2 4950 5699
2 2579 8970
2 8955 8985
2 1135 7753
2 7251 2789
2 8784 4632
2 4330 6407
2 4254 4633
2 5833 6085
2 4664 7307
2 2378 4675
2 3787 200
2 5051 6500
2 1074 318
2 1046 3386
2 5977 2405
2 3389 9701
2 662 6635
2 8523 3639
2 2311 5356
2 983 4979
2 4461 1029
2 8791 9636
2 9604 5844
2 2386 8461
2 1553 3292
2 2086 1987
2 9742 4107
2 2942 7667
2 376 2541
2 3922 6983
2 2373 811
2 9724 7791
2 7322 741
2 6158 2030
2 8374 2715
2 5177 3385
2 9557 9533
2 3827 3199
2 9632 8164
2 342 173
2 9644 2508
2 9186 9717
2 4425 9148
2 6434 8602
2 794 8731
2 9162 2676
2 491 2410
2 5327 8491
2 6371 5005
2 7399 7092
2 4371 3819
2 6420 3008
2 7820 7627
2 3866 1534
2 7992 5413
2 8725 4810
2 8136 4273
2 4369 621
2 1918 1992
2 6647 9342
2 2883 3756
2 7706 4220
2 7340 6242
2 5885 5187
2 2825 6254
2 5266 8872
2 9773 872
2 409 4978
2 5643 9609
2 4323 3794
2 3267 69
2 1045 8857
2 3799 5957
2 7636 1206
2 1063 3935
2 1329 6678
2 1897 9282
2 4651 4435
2 148 5210
2 7069 2747
2 821 917
2 9977 5399
2 984 1969
2 7228 7712
2 5073 1439
2 7832 2934
2 1705 1554
2 195 2503
2 1415 3225
2 4807 7938
2 3227 4103
2 8758 8879
2 5840 4356
2 7033 6174
2 2803 1610
2 9362 5167
2 5045 2427
2 8613 508
2 9963 7264
2 2884 5470
2 6480 7547
2 4032 2873
2 437 4535
2 1731 4214
2 3620 5883
2 312 7165
2 4237 435
2 7243 7093
2 5265 3144
2 6234 6499
2 3466 901
2 5853 3058
2 652 2166
2 7416 7736
2 5361 9159
2 3474 9327
2 4260 7276
2 2172 605
2 8728 7408
2 5979 7393
2 483 7097
2 194 9787
2 9775 5508
2 1654 6901
2 2330 4860
2 8142 5350
2 8507 2996
2 4758 4372
2 6077 8570
2 9011 5745
2 7172 8778
2 6675 179
2 4224 8780
2 6654 8395
2 3636 2425
2 9822 5340
2 9070 8770
2 987 7588
2 1305 4822
2 2500 6841
2 8535 7915
2 7793 6187
2 596 8311
2 3476 3984
2 7789 4890
2 7427 9380
2 3879 192
2 9749 184
2 9415 8117
2 2556 4891
2 1142 2170
2 209 8786
2 6853 8877
2 4577 7059
2 3530 2769
2 303 4972
2 8144 4732
2 118 3082
2 2206 7639
2 111 5107
2 8038 9421
2 2520 7561
2 9931 729
2 7086 6141
2 3777 9264
2 4285 4376
2 1728 1614
2 7856 8114
2 9571 3189
2 8224 7578
2 1831 5279
2 7098 5557
2 6128 7942
2 7883 4175
2 8417 3044
2 5067 482
2 9218 478
2 8405 8961
2 8975 3493
2 8361 2974
2 4724 6156
2 4952 1485
2 8135 2808
2 1695 8061
2 5906 2485
2 3716 121
2 5983 2512
2 9556 6614
2 908 5993
2 6308 7590
2 7075 1972
2 6411 230
2 2812 4523
2 7741 274
2 8244 5696
2 1517 6902
2 3727 2771
2 5747 9436
2 3717 7483
2 8272 6720
2 8075 6937
2 7847 6177
2 5504 6682
2 4470 5483
2 4699 9031
2 1350 4899
2 781 3685
2 7606 2039
2 7077 1496
2 8009 8462
2 1625 8530
2 156 2098
2 6833 8002
2 7187 9793
2 7045 7017
2 4232 6559
2 6428 8220
2 311 6429
2 1283 2271
2 5727 8110
2 4845 5213
2 1177 7730
2 7864 4333
2 574 1226
2 61 3635
2 4098 8011
2 424 507
2 8797 8045
2 6545 6265
2 2272 2827
2 4063 1749
2 8698 6607
2 5304 2602
2 8500 2532
2 5617 1937
2 2110 9736
2 5533 8880
2 256 833
2 5870 9126
2 8542 8561
2 7337 3023
2 8635 6971
2 2657 6026
2 5938 9357
2 1513 2447
2 4876 4588
2 1984 3690
2 1917 3307
2 5262 1753
2 1501 8868
2 1804 3108
2 9498 4440
2 7068 1006
2 7550 7248
2 5158 795
2 2231 5382
2 4980 2298
2 1326 866
2 8159 8494
2 9301 682
2 81 4966
2 5023 428
2 8556 1696
2 1171 1634
2 9686 7533
2 9457 4913
2 5783 5377
2 4297 4427
2 5260 7404
2 3059 3053
2 7711 9007
2 5008 1789
2 5754 7367
2 406 7139
2 1703 5907
2 3469 959
2 6539 1166
2 6998 5480
2 1622 7022
2 8924 6293
2 7138 7030
2 7833 6075
2 9296 2252
2 3268 6551
2 8850 538
2 8441 8190
2 803 8473
2 4262 9910
2 7292 7929
2 7682 903
2 9932 7830
2 3993 9521
2 4305 5472
2 5910 6257
2 2583 3361
2 7584 3266
2 5632 3205
2 3534 1932
2 8592 4591
2 4770 2393
2 6412 1762
2 6098 6617
2 5585 8968
2 6021 1275
2 2900 3846
2 2673 7453
2 1307 9823
2 7514 2357
2 6237 8555
2 182 7067
2 2310 4793
2 4019 7129
2 4830 9548
2 4923 3416
2 2645 7102
2 6519 1824
2 5693 3154
2 4060 5900
2 1191 7688
2 4048 4453
2 9577 658
2 7281 3963
2 5281 4283
2 2138 5926
2 4843 6533
2 3705 9042
2 5010 3854
2 6393 668
2 4893 6848
2 9044 9698
2 7523 6859
2 6799 1612
2 4851 3286
2 1149 1190
2 603 5100
2 7985 3591
2 25 3803
2 3169 9297
2 4911 8001
2 2928 9311
2 2961 6040
2 7574 3382
2 2546 698
2 2899 6222
2 4571 921
2 1878 3810
2 1770 2664
2 2026 7071
2 3994 5430
2 8541 7000
2 9861 3611
2 7658 5640
2 9411 9189
2 341 452
2 2385 6643
2 224 275
2 8085 4236
2 6961 6454
2 9914 6334
2 9059 3990
2 6195 2709
2 9101 319
2 886 2656
2 8554 8000
2 582 9270
2 9204 5538
2 1302 54
2 7890 6031
2 2153 5828
2 27 5838
2 4009 3523
2 6923 5809
2 4691 746
2 8334 6119
2 972 3454
2 9972 238
2 6185 1775
2 7782 526
2 6592 659
2 6509 468
2 9229 3696
2 9554 3719
2 2280 2662
2 8231 6862
2 6290 7852
2 3619 1316
2 9146 2038
2 7261 9024
2 1873 999
2 8118 9933
2 7011 7504
2 412 1667
2 6491 2525
2 6850 8109
2 1134 6199
2 5635 3754
2 6516 6772
2 5386 4525
2 180 3156
2 6283 8034
2 1777 9720
2 3413 7488
2 5549 2980
2 6391 9825
2 4209 4821
2 5227 5697
2 4987 1237
2 4034 3645
2 1725 2154
2 8757 7222
2 9336 1308
2 3383 9150
2 573 5778
2 5859 9400
2 4556 6792
2 3843 8508
2 4520 4252
2 4581 2758
2 4174 5014
2 4132 8098
2 8344 6163
2 1087 4705
2 5949 8318
2 1880 379
2 422 2010
2 5257 4062
2 8546 5539
2 1290 5029
2 2733 533
2 583 1664
2 3643 9164
2 1401 154
2 3788 1964
2 7183 5049
2 2706 2858
2 5466 5619
2 3546 1374
2 7822 5153
2 7042 4976
2 360 986
2 9638 5406
2 3340 7921
2 9321 9833
2 911 5527
2 7005 4438
2 1915 8511
