1014
801 399 399
793 399 398
628 399 397
456 399 385
443 399 384
519 399 380
211 399 377
355 399 376
48 399 371
309 399 370
474 399 364
695 399 358
603 399 357
325 399 353
82 399 351
244 399 350
696 399 344
93 399 339
129 399 336
194 399 334
928 399 326
195 399 325
345 399 323
299 399 322
6 399 315
1004 399 314
758 399 310
139 399 309
19 399 306
735 399 305
754 399 300
413 399 298
60 399 297
876 399 293
712 399 292
872 399 291
658 399 288
777 399 284
136 399 280
283 399 272
949 399 271
41 399 267
331 399 266
304 399 264
678 399 263
829 399 258
143 399 255
441 399 252
23 399 246
535 399 245
412 399 243
138 399 240
813 399 238
383 399 233
890 399 232
357 399 231
50 399 220
470 399 218
268 399 217
810 399 216
973 399 214
689 399 213
431 399 211
368 399 210
704 399 200
941 399 194
505 399 183
354 399 180
978 399 173
789 399 172
77 399 166
765 399 164
58 399 163
969 399 159
408 399 156
596 399 155
909 399 153
853 399 150
933 399 149
365 399 138
451 399 134
191 399 133
688 399 130
791 399 123
471 399 120
487 399 118
4 399 115
290 399 114
422 399 113
848 399 110
125 399 109
572 399 107
1006 399 102
864 399 101
666 399 96
561 399 92
447 399 91
342 399 90
726 399 89
350 399 86
433 399 83
310 399 81
616 399 78
573 399 76
592 399 73
380 399 71
674 399 58
792 399 56
47 399 55
271 399 51
400 399 50
241 399 44
629 399 41
439 399 38
391 399 36
869 399 35
220 399 34
630 399 31
192 399 25
326 399 22
752 399 21
302 399 18
954 399 17
159 399 11
694 399 9
955 399 0
867 398 396
528 398 393
189 398 391
164 398 386
539 398 384
896 398 381
429 398 380
514 398 379
86 398 375
295 398 372
716 398 362
13 398 360
593 398 359
501 398 356
381 398 353
799 398 348
669 398 347
90 398 341
475 398 339
69 398 336
868 398 334
379 398 327
432 398 325
320 398 318
926 398 316
680 398 308
632 398 307
834 398 305
486 398 304
284 398 294
339 398 289
71 398 281
79 398 279
917 398 277
807 398 274
445 398 273
846 398 270
529 398 269
12 398 266
26 398 265
40 398 264
362 398 263
344 398 261
130 398 257
818 398 251
668 398 249
667 398 245
717 398 236
513 398 235
975 398 232
708 398 229
131 398 226
24 398 224
382 398 223
182 398 222
64 398 218
52 398 217
947 398 214
335 398 209
168 398 204
843 398 203
204 398 200
548 398 199
556 398 197
607 398 191
652 398 188
94 398 186
871 398 185
208 398 183
859 398 174
698 398 172
229 398 166
873 398 165
578 398 164
907 398 162
774 398 151
649 398 149
929 398 144
741 398 142
983 398 141
46 398 140
181 398 139
266 398 127
230 398 125
480 398 122
772 398 121
536 398 120
559 398 118
322 398 116
661 398 115
957 398 106
1002 398 102
488 398 99
497 398 98
692 398 94
923 398 89
924 398 87
714 398 82
602 398 80
469 398 74
18 398 70
557 398 69
428 398 68
305 398 67
707 398 62
491 398 57
809 398 49
410 398 48
805 398 45
449 398 42
257 398 35
581 398 34
738 398 33
699 398 24
190 398 23
739 398 22
2 398 21
455 398 18
584 398 17
546 398 12
764 398 11
886 398 8
8 398 3
910 398 0
463 397 397
898 397 392
11 397 390
1010 397 384
583 397 382
744 397 381
446 397 376
888 397 375
296 397 374
38 397 372
223 397 370
806 397 368
360 397 367
406 397 366
83 397 363
301 397 354
838 397 352
877 397 350
329 397 348
81 397 347
358 397 342
986 397 339
811 397 336
171 397 333
158 397 330
453 397 329
857 397 321
625 397 320
209 397 319
370 397 317
914 397 313
317 397 309
710 397 306
748 397 305
278 397 303
328 397 301
397 397 292
671 397 290
563 397 285
462 397 284
897 397 278
146 397 276
121 397 275
534 397 274
399 397 271
967 397 269
882 397 266
91 397 265
974 397 261
921 397 259
387 397 257
66 397 255
976 397 254
769 397 249
817 397 242
800 397 238
148 397 233
802 397 231
552 397 230
842 397 227
524 397 224
512 397 222
127 397 219
784 397 215
981 397 214
54 397 213
273 397 206
7 397 205
757 397 203
936 397 198
697 397 194
847 397 186
92 397 182
245 397 179
141 397 178
821 397 176
308 397 173
318 397 172
530 397 169
402 397 168
785 397 167
101 397 165
95 397 162
722 397 161
911 397 160
53 397 156
831 397 155
701 397 148
120 397 146
731 397 145
564 397 138
851 397 131
972 397 129
375 397 121
679 397 120
349 397 118
874 397 115
750 397 114
647 397 109
858 397 108
425 397 105
285 397 103
711 397 101
903 397 93
252 397 86
411 397 84
644 397 82
582 397 77
75 397 75
415 397 72
255 397 71
1008 397 68
70 397 65
608 397 64
1005 397 58
258 397 57
753 397 48
132 397 47
237 397 35
458 397 34
303 397 33
540 397 32
825 397 31
854 397 30
944 397 23
376 397 21
478 397 18
622 397 10
721 397 5
351 397 2
343 396 398
822 396 397
307 396 395
542 396 391
790 396 390
126 396 389
579 396 385
621 396 376
918 396 366
63 396 360
527 396 358
356 396 357
966 396 356
998 396 352
207 396 346
588 396 344
293 396 342
249 396 337
175 396 332
676 396 329
173 396 327
849 396 324
751 396 321
916 396 319
508 396 317
298 396 309
336 396 307
468 396 305
369 396 300
835 396 285
724 396 283
390 396 280
363 396 278
483 396 275
374 396 271
878 396 264
720 396 262
461 396 261
165 396 256
650 396 254
300 396 246
103 396 245
106 396 243
347 396 242
706 396 239
520 396 238
359 396 233
946 396 226
544 396 221
442 396 219
291 396 209
150 396 204
795 396 203
464 396 201
17 396 190
1013 396 188
218 396 181
657 396 176
747 396 173
319 396 170
161 396 168
21 396 161
895 396 160
771 396 157
479 396 156
715 396 153
925 396 149
373 396 137
550 396 131
953 396 130
740 396 129
28 396 128
541 396 127
935 396 126
198 396 123
515 396 122
840 396 121
994 396 118
25 396 115
963 396 112
334 396 111
905 396 108
938 396 104
421 396 101
5 396 99
155 396 95
623 396 88
845 396 85
424 396 80
465 396 79
324 396 78
435 396 75
824 396 73
570 396 72
690 396 67
893 396 56
939 396 53
197 396 47
725 396 46
990 396 41
215 396 39
682 396 38
332 396 34
855 396 33
44 396 27
700 396 23
196 396 22
264 396 16
430 396 9
183 396 3
775 395 397
274 395 393
850 395 390
619 395 389
492 395 385
733 395 384
254 395 383
409 395 380
1011 395 375
214 395 372
549 395 371
3 395 366
122 395 358
932 395 357
631 395 353
597 395 349
472 395 347
145 395 345
1009 395 342
996 395 341
248 395 340
883 395 337
589 395 330
33 395 325
482 395 321
836 395 316
427 395 307
670 395 305
262 395 295
585 395 291
156 395 289
414 395 288
532 395 285
875 395 283
467 395 276
642 395 273
985 395 272
200 395 270
899 395 266
420 395 263
545 395 260
137 395 259
574 395 258
518 395 255
59 395 247
102 395 243
734 395 240
96 395 238
419 395 232
687 395 229
681 395 225
987 395 222
879 395 218
166 395 216
134 395 215
922 395 211
270 395 209
755 395 208
68 395 206
416 395 205
1007 395 202
576 395 198
595 395 195
533 395 193
627 395 189
523 395 187
727 395 181
852 395 180
281 395 179
444 395 178
591 395 175
537 395 169
705 395 168
553 395 167
942 395 164
22 395 158
162 395 153
30 395 151
803 395 148
246 395 147
394 395 144
118 395 140
109 395 139
598 395 136
902 395 134
149 395 132
315 395 130
880 395 129
116 395 128
34 395 127
767 395 120
476 395 116
234 395 114
16 395 113
348 395 104
565 395 99
773 395 97
558 395 96
940 395 91
154 395 89
250 395 88
919 395 85
506 395 83
862 395 80
516 395 78
931 395 71
157 395 63
1012 395 60
703 395 59
232 395 57
968 395 55
313 395 52
691 395 51
151 395 40
912 395 38
730 395 37
185 395 34
920 395 31
798 395 22
338 395 20
551 395 16
580 395 15
438 395 14
531 395 10
395 395 9
828 395 7
502 395 6
163 395 2
457 395 1
436 394 395
759 394 392
999 394 391
115 394 390
904 394 386
108 394 385
485 394 384
117 394 380
228 394 377
648 394 372
178 394 369
39 394 361
316 394 350
396 394 349
213 394 344
489 394 341
656 394 336
948 394 333
9 394 330
891 394 329
1003 394 327
51 394 319
404 394 309
29 394 306
600 394 300
844 394 298
128 394 296
685 394 295
970 394 290
820 394 289
768 394 284
226 394 282
677 394 275
1000 394 274
562 394 272
259 394 271
640 394 270
815 394 267
952 394 264
78 394 262
737 394 261
778 394 246
172 394 244
289 394 239
384 394 236
937 394 232
261 394 231
992 394 228
781 394 226
839 394 223
885 394 220
870 394 219
216 394 218
418 394 206
814 394 205
481 394 203
770 394 202
174 394 201
473 394 199
991 394 197
620 394 196
729 394 189
510 394 188
110 394 187
865 394 186
606 394 182
205 394 177
247 394 171
571 394 169
321 394 168
945 394 165
160 394 164
385 394 156
826 394 154
927 394 151
613 394 147
74 394 139
684 394 133
611 394 123
45 394 119
80 394 118
686 394 115
388 394 113
251 394 111
962 394 108
169 394 107
87 394 106
392 394 105
594 394 102
641 394 94
908 394 91
386 394 87
894 394 84
749 394 83
113 394 81
554 394 72
99 394 65
72 394 61
36 394 58
762 394 56
982 394 55
995 394 54
989 394 50
170 394 48
683 394 47
279 394 46
517 394 43
280 394 42
609 394 38
459 394 36
522 394 35
709 394 33
184 394 25
760 394 24
856 394 22
0 394 20
663 394 14
124 394 12
366 394 11
265 394 10
352 394 9
67 394 8
224 394 6
231 394 4
297 394 3
610 394 2
340 394 1
702 393 395
495 393 394
718 393 390
881 393 387
206 393 386
951 393 384
626 393 382
466 393 381
210 393 380
494 393 373
454 393 368
236 393 367
743 393 361
221 393 358
913 393 356
256 393 351
107 393 348
634 393 342
615 393 337
509 393 336
713 393 334
569 393 331
225 393 329
605 393 327
645 393 318
477 393 313
538 393 308
958 393 303
240 393 300
73 393 298
841 393 296
732 393 294
10 393 293
286 393 288
525 393 287
364 393 279
1001 393 278
55 393 274
144 393 266
590 393 262
673 393 258
984 393 255
672 393 252
587 393 247
98 393 246
267 393 245
105 393 241
104 393 239
153 393 232
62 393 231
819 393 226
378 393 225
934 393 221
212 393 219
49 393 217
235 393 214
889 393 213
217 393 212
901 393 211
393 393 209
1 393 208
88 393 207
37 393 205
372 393 204
728 393 198
437 393 195
490 393 193
277 393 188
193 393 184
965 393 183
979 393 181
971 393 177
639 393 175
243 393 171
341 393 169
20 393 163
961 393 161
180 393 159
403 393 152
560 393 147
577 393 146
114 393 145
823 393 138
100 393 125
787 393 124
756 393 121
97 393 114
693 393 112
423 393 107
333 393 102
371 393 99
887 393 98
547 393 93
780 393 90
179 393 82
654 393 80
643 393 78
199 393 75
604 393 68
659 393 66
746 393 65
498 393 58
915 393 50
719 393 36
203 393 30
448 393 27
675 393 24
832 393 22
112 393 21
993 393 20
504 393 19
637 393 14
89 393 13
337 393 12
892 393 11
575 393 7
119 393 4
997 393 1
964 392 398
660 392 396
405 392 395
76 392 394
346 392 392
167 392 391
830 392 390
272 392 389
782 392 387
665 392 385
988 392 381
239 392 380
152 392 379
507 392 378
812 392 375
123 392 373
796 392 372
493 392 370
426 392 365
779 392 364
32 392 361
651 392 357
827 392 355
188 392 352
816 392 351
555 392 346
499 392 342
543 392 341
884 392 333
222 392 332
260 392 329
662 392 325
263 392 321
276 392 318
511 392 317
452 392 316
330 392 315
863 392 314
417 392 309
736 392 294
85 392 291
950 392 287
42 392 284
960 392 280
638 392 276
766 392 275
434 392 271
407 392 270
599 392 266
147 392 264
61 392 262
980 392 257
111 392 254
401 392 250
253 392 248
633 392 247
201 392 238
612 392 231
282 392 229
788 392 227
135 392 226
956 392 225
783 392 224
566 392 223
176 392 222
786 392 211
288 392 210
311 392 209
745 392 203
521 392 195
794 392 189
327 392 188
808 392 187
238 392 186
287 392 183
242 392 182
65 392 174
943 392 171
617 392 170
567 392 166
314 392 163
377 392 160
601 392 156
655 392 155
833 392 154
219 392 149
186 392 147
635 392 141
804 392 140
312 392 139
500 392 137
306 392 136
776 392 132
15 392 131
294 392 122
653 392 121
460 392 120
292 392 116
646 392 115
526 392 108
233 392 106
177 392 103
353 392 99
31 392 94
484 392 89
503 392 85
140 392 84
761 392 73
269 392 70
837 392 69
496 392 66
27 392 65
861 392 63
398 392 62
723 392 57
389 392 54
742 392 53
227 392 45
56 392 42
84 392 41
906 392 40
586 392 39
930 392 38
624 392 34
797 392 33
440 392 30
664 392 28
866 392 21
142 392 16
14 392 8
450 392 6
133 392 2
900 392 0
361 391 397
187 391 391
568 391 389
860 391 387
275 391 384
959 391 383
636 391 381
57 391 375
43 391 374
202 391 373
367 391 372
323 391 371
977 391 369
763 391 367
618 391 366
35 391 360
614 391 358
