1123
103 1199 1079
106 1199 1073
349 1199 1072
108 1199 1071
535 1199 1068
368 1199 1067
669 1199 1063
1038 1199 1054
70 1199 1037
604 1199 1015
736 1199 777
918 1199 776
781 1199 770
1103 1199 768
1069 1199 766
455 1199 762
1072 1199 759
163 1199 756
799 1199 754
987 1199 750
1079 1199 739
365 1199 737
327 1199 736
235 1199 731
975 1199 725
384 1199 720
277 1199 719
28 1199 501
1027 1199 495
171 1199 488
151 1199 478
388 1199 472
224 1199 470
46 1199 467
871 1199 461
467 1199 460
1061 1199 380
429 1199 377
802 1199 375
444 1199 369
281 1199 355
985 1199 354
72 1199 347
419 1199 181
548 1199 167
674 1199 151
7 1199 150
82 1199 131
653 1199 118
221 1198 1079
109 1198 1069
357 1198 1064
458 1198 1059
558 1198 1051
637 1198 1049
963 1198 1048
706 1198 1033
35 1198 1023
67 1198 1020
1036 1198 1017
765 1198 775
691 1198 770
547 1198 755
203 1198 751
289 1198 749
68 1198 743
117 1198 735
1097 1198 732
649 1198 718
582 1198 505
423 1198 498
292 1198 497
603 1198 496
264 1198 494
854 1198 492
418 1198 490
387 1198 483
190 1198 482
900 1198 480
907 1198 478
386 1198 477
570 1198 470
270 1198 468
1087 1198 467
275 1198 465
340 1198 457
636 1198 379
715 1198 377
833 1198 362
725 1198 361
848 1198 357
283 1198 352
948 1198 347
97 1198 346
343 1198 193
698 1198 182
318 1198 177
974 1198 168
947 1198 164
950 1198 139
949 1198 127
966 1198 116
782 1197 1059
85 1197 1057
1104 1197 771
543 1197 769
361 1197 762
469 1197 740
841 1197 734
702 1197 733
69 1197 719
254 1197 505
335 1197 502
628 1197 500
914 1197 496
1070 1197 492
681 1197 491
177 1197 483
1120 1197 464
378 1197 391
865 1197 390
818 1197 378
1094 1197 371
955 1197 370
170 1197 369
307 1197 362
693 1197 358
84 1197 353
14 1197 345
880 1197 187
665 1197 174
195 1197 172
94 1197 167
989 1197 162
823 1197 151
389 1197 146
940 1197 115
490 1197 103
1078 1196 1070
363 1196 1061
360 1196 1051
169 1196 1045
588 1196 1037
1029 1196 1030
1050 1196 1018
1065 1196 771
370 1196 768
215 1196 763
968 1196 755
47 1196 749
15 1196 743
463 1196 739
1060 1196 733
780 1196 725
523 1196 717
513 1196 505
421 1196 498
899 1196 497
596 1196 490
514 1196 489
86 1196 474
409 1196 467
881 1196 464
1089 1196 463
599 1196 462
755 1196 392
911 1196 384
960 1196 381
196 1196 380
402 1196 379
451 1196 374
926 1196 359
503 1196 356
961 1196 351
425 1196 350
1051 1196 342
0 1196 341
743 1196 165
896 1196 156
445 1196 141
607 1196 136
75 1196 125
253 1196 116
557 1196 115
903 1196 108
111 1195 1083
473 1195 1081
728 1195 1062
515 1195 1059
748 1195 1050
773 1195 1047
951 1195 1032
991 1195 1029
936 1195 1028
800 1195 1016
250 1195 775
437 1195 774
598 1195 773
286 1195 770
727 1195 767
44 1195 747
497 1195 730
40 1195 726
654 1195 720
619 1195 497
220 1195 496
984 1195 485
296 1195 483
102 1195 472
584 1195 471
449 1195 470
585 1195 465
364 1195 457
537 1195 392
12 1195 363
58 1195 362
1054 1195 357
539 1195 352
573 1195 344
375 1195 342
1057 1195 179
1074 1195 170
1116 1195 162
288 1195 154
640 1195 147
924 1195 125
912 1194 1083
925 1194 1080
946 1194 1078
908 1194 1068
324 1194 1065
839 1194 1064
776 1194 1061
645 1194 1017
927 1194 771
708 1194 755
238 1194 752
572 1194 749
62 1194 743
27 1194 735
861 1194 727
372 1194 718
191 1194 711
840 1194 505
210 1194 503
740 1194 499
810 1194 498
309 1194 493
703 1194 481
803 1194 477
789 1194 469
767 1194 468
356 1194 457
200 1194 385
957 1194 372
32 1194 367
204 1194 357
54 1194 340
687 1194 189
657 1194 186
568 1194 143
494 1194 121
1016 1194 111
635 1194 105
420 1193 1082
428 1193 1081
471 1193 1072
240 1193 1068
269 1193 1061
508 1193 1060
125 1193 1056
1035 1193 1053
1014 1193 1038
48 1193 1032
152 1193 1031
22 1193 1019
682 1193 1013
859 1193 775
849 1193 765
176 1193 760
747 1193 758
95 1193 753
492 1193 750
741 1193 749
522 1193 747
1052 1193 741
670 1193 736
663 1193 711
1064 1193 502
51 1193 501
851 1193 497
267 1193 495
1 1193 487
135 1193 480
853 1193 478
280 1193 477
777 1193 474
76 1193 468
30 1193 467
988 1193 461
251 1193 457
132 1193 383
460 1193 382
236 1193 381
852 1193 366
836 1193 360
754 1193 350
156 1193 347
589 1193 342
333 1193 340
239 1193 160
717 1193 158
60 1193 157
813 1193 154
130 1193 150
1059 1193 112
701 1193 109
385 1192 1077
456 1192 1063
758 1192 1059
811 1192 1056
895 1192 1055
965 1192 1048
367 1192 1030
332 1192 774
602 1192 762
39 1192 759
980 1192 750
341 1192 745
1100 1192 744
81 1192 740
310 1192 720
730 1192 714
205 1192 496
141 1192 479
1030 1192 474
282 1192 471
1034 1192 467
248 1192 460
328 1192 459
962 1192 456
1110 1192 389
1080 1192 379
575 1192 377
110 1192 372
186 1192 370
660 1192 364
410 1192 362
745 1192 359
905 1192 345
892 1192 342
1107 1192 341
290 1192 191
655 1192 172
744 1192 147
824 1192 132
952 1192 123
531 1192 110
234 1192 106
756 1191 1077
561 1191 1076
986 1191 1064
967 1191 1061
845 1191 1054
998 1191 1052
529 1191 1044
882 1191 1029
564 1191 1024
680 1191 1019
672 1191 1017
826 1191 1016
1114 1191 774
618 1191 769
888 1191 763
172 1191 759
87 1191 755
96 1191 754
611 1191 735
794 1191 723
1058 1191 713
832 1191 495
897 1191 494
29 1191 492
64 1191 486
211 1191 485
185 1191 477
34 1191 474
774 1191 469
158 1191 466
123 1191 465
1022 1191 457
921 1191 456
247 1191 391
867 1191 389
768 1191 386
650 1191 382
382 1191 376
919 1191 367
150 1191 351
304 1191 350
856 1191 183
45 1191 174
100 1191 168
920 1191 150
1109 1191 143
648 1191 131
942 1190 1075
164 1190 1070
616 1190 1065
956 1190 1059
877 1190 1027
440 1190 1016
183 1190 1013
219 1190 772
147 1190 771
291 1190 764
443 1190 756
507 1190 751
1021 1190 745
140 1190 742
124 1190 721
796 1190 495
870 1190 488
785 1190 487
400 1190 475
383 1190 472
997 1190 470
742 1190 468
198 1190 466
366 1190 462
1010 1190 457
17 1190 456
476 1190 392
580 1190 378
801 1190 376
772 1190 365
496 1190 343
120 1190 191
454 1190 148
1081 1190 138
181 1190 118
729 1189 1054
923 1189 1047
1007 1189 1046
634 1189 1037
90 1189 1017
527 1189 777
752 1189 756
143 1189 754
835 1189 740
155 1189 721
996 1189 711
278 1189 500
837 1189 493
632 1189 491
658 1189 487
314 1189 486
898 1189 482
633 1189 478
1019 1189 477
165 1189 476
1002 1189 466
380 1189 465
1091 1189 377
483 1189 373
474 1189 365
1032 1189 346
465 1189 343
450 1189 342
559 1189 191
77 1189 186
891 1189 165
825 1189 157
982 1189 155
822 1189 151
1106 1189 125
711 1188 1078
805 1188 1069
1009 1188 1062
506 1188 1049
262 1188 775
821 1188 768
1084 1188 763
237 1188 761
869 1188 741
486 1188 732
302 1188 715
475 1188 502
217 1188 501
935 1188 498
549 1188 496
578 1188 495
601 1188 491
1056 1188 482
326 1188 481
938 1188 472
846 1188 468
9 1188 466
893 1188 464
876 1188 463
315 1188 370
526 1188 367
546 1188 363
424 1188 356
413 1188 355
879 1188 342
166 1188 340
762 1188 186
433 1188 166
928 1188 163
502 1188 153
571 1188 121
331 1188 112
26 1187 1079
59 1187 1063
978 1187 1054
279 1187 1049
396 1187 1048
553 1187 1038
1063 1187 1024
718 1187 1022
66 1187 1020
554 1187 767
246 1187 760
1075 1187 744
806 1187 741
540 1187 734
820 1187 733
656 1187 729
19 1187 722
1037 1187 503
885 1187 499
415 1187 494
623 1187 493
566 1187 490
828 1187 489
910 1187 477
104 1187 473
162 1187 472
1045 1187 471
1033 1187 470
322 1187 467
858 1187 466
398 1187 459
311 1187 388
536 1187 383
945 1187 382
79 1187 380
510 1187 379
646 1187 366
188 1187 365
857 1187 359
977 1187 356
1102 1187 348
700 1187 341
775 1187 340
303 1187 157
362 1187 145
719 1186 1076
308 1186 1073
342 1186 1069
268 1186 1068
757 1186 1063
779 1186 1046
639 1186 1043
724 1186 1033
683 1186 1028
972 1186 1012
563 1186 757
1031 1186 740
819 1186 723
416 1186 722
592 1186 716
620 1186 712
784 1186 506
133 1186 505
872 1186 503
493 1186 496
468 1186 488
797 1186 487
1096 1186 482
542 1186 480
394 1186 474
339 1186 472
11 1186 470
427 1186 466
759 1186 464
816 1186 459
532 1186 392
1113 1186 384
80 1186 383
453 1186 374
569 1186 363
213 1186 187
933 1186 181
101 1186 171
844 1186 144
678 1186 142
675 1186 129
478 1186 117
538 1186 114
173 1186 113
953 1185 1079
337 1185 1068
694 1185 1063
379 1185 1057
544 1185 1043
863 1185 1032
778 1185 1030
624 1185 1028
834 1185 1020
979 1185 756
901 1185 746
1066 1185 729
187 1185 721
16 1185 718
119 1185 715
576 1185 506
995 1185 505
873 1185 495
600 1185 478
121 1185 475
276 1185 469
915 1185 468
91 1185 462
393 1185 459
875 1185 392
860 1185 387
732 1185 377
560 1185 374
222 1185 372
138 1185 352
878 1185 343
56 1185 181
944 1185 170
1053 1185 169
917 1185 166
533 1185 122
817 1185 119
615 1185 117
941 1184 1065
306 1184 1056
391 1184 1045
178 1184 1036
712 1184 1030
922 1184 1020
23 1184 1019
753 1184 776
462 1184 766
466 1184 765
209 1184 757
581 1184 752
808 1184 746
439 1184 725
122 1184 721
417 1184 718
1043 1184 504
43 1184 489
545 1184 488
78 1184 486
764 1184 484
733 1184 477
179 1184 469
399 1184 393
890 1184 386
297 1184 376
667 1184 358
1047 1184 355
294 1184 162
505 1184 156
426 1184 139
432 1184 134
194 1184 119
791 1184 115
407 1184 114
664 1184 113
913 1183 1084
258 1183 1076
249 1183 1068
351 1183 1056
447 1183 1054
485 1183 1040
787 1183 1016
1071 1183 1012
8 1183 775
381 1183 761
233 1183 758
71 1183 756
731 1183 747
593 1183 745
197 1183 743
4 1183 742
696 1183 735
686 1183 733
127 1183 732
10 1183 727
6 1183 725
313 1183 714
442 1183 500
180 1183 496
530 1183 494
271 1183 493
452 1183 492
750 1183 484
541 1183 477
376 1183 472
350 1183 469
245 1183 468
643 1183 464
737 1183 394
316 1183 385
916 1183 372
884 1183 371
404 1183 369
272 1183 364
1073 1183 361
265 1183 357
42 1183 349
299 1183 344
344 1183 173
651 1183 171
113 1183 137
684 1183 134
707 1183 111
128 1182 1084
688 1182 1073
1046 1182 1055
504 1182 1049
243 1182 1035
348 1182 1027
647 1182 1022
1006 1182 1015
904 1182 1012
690 1182 767
771 1182 745
160 1182 717
638 1182 714
677 1182 502
1108 1182 501
1048 1182 497
57 1182 494
662 1182 491
1003 1182 486
115 1182 485
334 1182 482
721 1182 477
518 1182 475
735 1182 468
52 1182 466
49 1182 394
583 1182 388
868 1182 387
519 1182 381
112 1182 380
207 1182 372
520 1182 368
812 1182 363
746 1182 361
610 1182 355
550 1182 348
709 1182 345
1024 1182 342
477 1182 171
345 1182 164
63 1182 133
182 1182 130
722 1182 104
517 1181 1061
788 1181 1034
330 1181 1024
2 1181 1015
969 1181 1012
105 1181 777
319 1181 774
459 1181 770
1055 1181 768
371 1181 765
301 1181 753
516 1181 740
228 1181 730
699 1181 504
202 1181 495
929 1181 487
74 1181 482
605 1181 478
403 1181 472
1017 1181 471
671 1181 467
831 1181 462
377 1181 460
431 1181 456
1092 1181 388
317 1181 380
411 1181 376
274 1181 366
751 1181 360
1004 1181 359
710 1181 356
263 1181 348
697 1181 171
20 1181 144
13 1181 134
556 1180 1074
499 1180 1068
154 1180 1029
293 1180 1028
148 1180 1014
591 1180 776
954 1180 774
973 1180 768
359 1180 764
435 1180 762
244 1180 755
159 1180 748
738 1180 734
55 1180 716
1112 1180 489
412 1180 488
714 1180 486
579 1180 481
528 1180 479
676 1180 475
320 1180 474
685 1180 472
501 1180 466
1098 1180 392
149 1180 390
137 1180 382
397 1180 376
586 1180 375
354 1180 374
889 1180 354
395 1180 351
1005 1180 350
847 1180 182
18 1180 178
414 1180 173
392 1180 155
1020 1180 112
405 1180 107
644 1179 1050
352 1179 1046
1090 1179 1028
295 1179 1026
930 1179 1020
227 1179 1013
157 1179 777
804 1179 757
142 1179 753
369 1179 752
1068 1179 751
489 1179 745
134 1179 740
641 1179 738
61 1179 506
498 1179 504
970 1179 502
199 1179 482
1067 1179 475
93 1179 458
408 1179 364
1011 1179 358
886 1179 357
815 1179 353
883 1179 351
790 1179 346
793 1179 189
216 1179 184
261 1179 160
795 1179 122
1076 1178 1081
1119 1178 1078
1042 1178 1076
41 1178 1066
679 1178 1062
761 1178 1036
436 1178 1035
401 1178 1029
464 1178 1024
1023 1178 1021
242 1178 766
193 1178 764
760 1178 750
829 1178 746
338 1178 740
932 1178 723
855 1178 504
83 1178 499
689 1178 497
1095 1178 492
92 1178 487
174 1178 483
24 1178 482
629 1178 481
145 1178 479
630 1178 477
567 1178 472
606 1178 471
609 1178 470
976 1178 469
88 1178 462
511 1178 461
992 1178 387
487 1178 385
353 1178 381
259 1178 376
161 1178 375
25 1178 373
716 1178 370
1121 1178 369
214 1178 365
184 1178 361
1018 1178 353
786 1178 350
1082 1178 343
959 1178 340
305 1178 181
118 1178 171
329 1178 105
1041 1177 1058
126 1177 1057
612 1177 1048
373 1177 1043
167 1177 1040
770 1177 1037
50 1177 1036
260 1177 1019
1093 1177 773
937 1177 771
257 1177 764
488 1177 757
666 1177 728
792 1177 713
642 1177 506
1117 1177 501
232 1177 500
5 1177 495
481 1177 493
136 1177 481
981 1177 479
705 1177 459
1115 1177 456
597 1177 390
902 1177 385
521 1177 380
887 1177 377
617 1177 353
783 1177 351
273 1177 350
146 1177 348
827 1177 346
336 1177 178
1111 1177 144
206 1177 143
1039 1177 124
256 1177 123
1122 1177 108
114 1177 104
241 1176 1077
713 1176 1072
33 1176 1068
1118 1176 1061
430 1176 1057
491 1176 1055
590 1176 1049
472 1176 1048
1062 1176 1044
1001 1176 1042
625 1176 1027
842 1176 1022
438 1176 1018
943 1176 774
906 1176 769
1026 1176 757
766 1176 754
749 1176 749
769 1176 742
1101 1176 740
661 1176 735
448 1176 727
565 1176 719
325 1176 501
300 1176 497
814 1176 496
441 1176 487
934 1176 485
763 1176 476
524 1176 468
168 1176 391
999 1176 383
595 1176 381
208 1176 373
862 1176 372
479 1176 369
1015 1176 363
192 1176 362
321 1176 352
723 1176 347
850 1176 189
577 1176 178
1012 1176 175
99 1176 128
864 1176 112
704 1175 1077
695 1175 1075
668 1175 1074
284 1175 1050
652 1175 1037
1040 1175 1023
285 1175 1021
38 1175 1014
739 1175 1012
673 1175 768
613 1175 762
931 1175 750
1008 1175 748
512 1175 733
993 1175 730
994 1175 728
983 1175 722
484 1175 720
562 1175 717
622 1175 716
1000 1175 502
153 1175 495
131 1175 483
964 1175 482
807 1175 469
509 1175 466
470 1175 461
434 1175 458
1086 1175 394
1105 1175 374
116 1175 368
347 1175 366
1085 1175 364
552 1175 361
909 1175 357
692 1175 350
457 1175 349
266 1175 348
555 1175 156
594 1175 154
390 1175 141
574 1175 124
374 1174 1077
798 1174 1069
1049 1174 1066
223 1174 1065
587 1174 1062
346 1174 1047
525 1174 1039
551 1174 1026
37 1174 777
298 1174 772
231 1174 756
866 1174 751
1044 1174 746
65 1174 745
189 1174 506
894 1174 504
21 1174 503
1028 1174 500
461 1174 495
1025 1174 490
446 1174 488
144 1174 485
226 1174 479
175 1174 471
225 1174 468
36 1174 461
355 1174 458
129 1174 393
971 1174 392
838 1174 384
621 1174 381
255 1174 380
107 1174 372
3 1174 364
958 1174 362
229 1174 356
312 1174 353
608 1174 348
98 1174 345
1088 1174 185
726 1174 177
480 1174 165
252 1174 141
482 1174 129
614 1174 113
139 1174 109
358 1173 1069
1099 1173 1064
406 1173 1039
843 1173 1028
627 1173 1024
534 1173 1018
990 1173 755
1077 1173 743
830 1173 733
809 1173 731
659 1173 728
212 1173 724
422 1173 723
626 1173 722
31 1173 713
874 1173 503
89 1173 495
218 1173 492
939 1173 491
495 1173 485
1013 1173 484
734 1173 483
73 1173 479
1083 1173 476
720 1173 468
323 1173 460
500 1173 391
287 1173 382
631 1173 378
230 1173 377
53 1173 371
201 1173 366
