6257
5656 1999 1975
91 1999 1948
1429 1999 1940
4794 1999 1835
4125 1999 1812
4018 1999 1808
5225 1999 1784
4515 1999 1779
5025 1999 1750
5298 1999 1734
1508 1999 1711
3811 1999 1680
350 1999 1669
6196 1999 1653
3962 1999 1637
2037 1999 1633
101 1999 1626
121 1999 1617
3381 1999 1606
286 1999 1591
5065 1999 1577
5480 1999 1568
3334 1999 1543
3816 1999 1539
2593 1999 1516
5364 1999 1507
4889 1999 1505
261 1999 1480
745 1999 1471
2826 1999 1408
9 1999 1405
5828 1999 1402
5247 1999 1353
1144 1999 1343
2516 1999 1328
2528 1999 1327
2209 1999 1282
71 1999 1269
2294 1999 1265
411 1999 1218
115 1999 1099
6032 1999 1034
4762 1999 933
195 1999 931
2228 1999 902
6217 1999 879
2458 1999 863
2747 1999 770
3751 1999 758
106 1999 615
4807 1999 604
2922 1999 580
6047 1999 530
2224 1999 476
5180 1999 469
3672 1999 465
2306 1999 456
128 1999 439
3151 1999 412
4555 1999 411
3911 1999 380
4852 1999 311
2668 1999 280
2365 1999 262
2850 1999 238
3656 1999 213
244 1999 206
2381 1999 200
2424 1999 120
701 1999 118
4089 1999 53
143 1998 1975
1537 1998 1865
5891 1998 1820
6226 1998 1808
5057 1998 1765
4781 1998 1763
3161 1998 1732
2320 1998 1716
869 1998 1708
5229 1998 1702
2419 1998 1695
2954 1998 1693
2870 1998 1667
5716 1998 1660
1524 1998 1659
2908 1998 1647
1362 1998 1637
476 1998 1626
1158 1998 1625
2847 1998 1617
2616 1998 1614
993 1998 1607
4628 1998 1578
4371 1998 1562
2080 1998 1549
1339 1998 1547
4632 1998 1540
331 1998 1533
3277 1998 1530
4856 1998 1526
2309 1998 1467
5893 1998 1400
1252 1998 1390
1686 1998 1384
1431 1998 1383
4899 1998 1342
4530 1998 1323
5807 1998 1318
2948 1998 1288
3326 1998 1265
1782 1998 1259
2926 1998 1234
464 1998 1211
2074 1998 1210
634 1998 1137
478 1998 1036
3055 1998 943
59 1998 886
5804 1998 775
5751 1998 766
5433 1998 752
1464 1998 679
4600 1998 588
5176 1998 571
4158 1998 552
5559 1998 541
1101 1998 527
3101 1998 520
3637 1998 484
6189 1998 469
4185 1998 464
199 1998 459
2477 1998 445
5228 1998 443
2881 1998 396
1541 1998 394
2912 1998 364
4017 1998 320
1237 1998 315
1712 1998 270
4012 1998 153
2883 1998 111
2749 1998 92
640 1998 62
336 1997 1962
4978 1997 1934
1888 1997 1929
2187 1997 1895
3789 1997 1880
3930 1997 1865
2608 1997 1798
3023 1997 1752
4231 1997 1715
1837 1997 1697
1318 1997 1695
439 1997 1670
133 1997 1643
3613 1997 1622
3666 1997 1617
1483 1997 1614
6018 1997 1601
1420 1997 1598
24 1997 1589
4124 1997 1562
5429 1997 1542
1002 1997 1533
4629 1997 1521
5554 1997 1504
1851 1997 1481
390 1997 1479
4718 1997 1450
5845 1997 1427
447 1997 1423
1706 1997 1415
1522 1997 1408
4866 1997 1395
3439 1997 1365
4739 1997 1339
5944 1997 1305
4330 1997 1264
608 1997 1263
488 1997 1239
2680 1997 1238
2377 1997 1160
5582 1997 1102
860 1997 1047
771 1997 1045
256 1997 900
1492 1997 875
4431 1997 825
6252 1997 682
6165 1997 664
4573 1997 612
4439 1997 597
4525 1997 516
4921 1997 508
3963 1997 494
1297 1997 456
867 1997 455
5609 1997 452
5048 1997 438
858 1997 437
1215 1997 409
967 1997 386
5569 1997 351
38 1997 333
3273 1997 330
753 1997 276
352 1997 263
4257 1997 251
5685 1997 178
4163 1997 124
699 1997 110
391 1996 1935
449 1996 1897
4368 1996 1846
2939 1996 1833
4971 1996 1831
4356 1996 1810
632 1996 1798
4152 1996 1796
460 1996 1784
1384 1996 1778
181 1996 1758
1146 1996 1756
5555 1996 1728
3583 1996 1726
1195 1996 1719
4863 1996 1703
2814 1996 1683
2905 1996 1621
5895 1996 1601
1853 1996 1598
1290 1996 1596
5762 1996 1582
2336 1996 1581
98 1996 1580
1728 1996 1579
4854 1996 1526
4920 1996 1500
4255 1996 1482
2621 1996 1481
4859 1996 1444
1674 1996 1427
2560 1996 1425
2825 1996 1404
5763 1996 1399
2726 1996 1398
2783 1996 1394
19 1996 1384
315 1996 1331
2011 1996 1276
1861 1996 1215
4873 1996 1197
4470 1996 879
4751 1996 755
5755 1996 658
5943 1996 632
6248 1996 572
3757 1996 534
5173 1996 512
1445 1996 459
332 1996 437
3471 1996 417
4512 1996 405
95 1996 310
60 1996 276
499 1996 230
4936 1996 107
3176 1996 85
2838 1996 66
1907 1995 1997
3390 1995 1982
626 1995 1944
652 1995 1942
325 1995 1934
240 1995 1910
1026 1995 1744
2656 1995 1726
1143 1995 1722
1500 1995 1719
3820 1995 1700
4844 1995 1679
3049 1995 1677
4413 1995 1658
6228 1995 1655
207 1995 1653
319 1995 1628
3453 1995 1618
4295 1995 1606
3387 1995 1603
3483 1995 1584
2109 1995 1571
727 1995 1563
51 1995 1548
159 1995 1525
1917 1995 1516
1111 1995 1507
3691 1995 1481
787 1995 1432
1874 1995 1427
615 1995 1402
5302 1995 1371
4537 1995 1369
906 1995 1259
3431 1995 1243
2981 1995 1164
3398 1995 1156
4846 1995 1137
5146 1995 1134
3552 1995 1109
4291 1995 1077
2500 1995 1012
5868 1995 974
6103 1995 960
855 1995 948
2829 1995 879
731 1995 798
3016 1995 718
4131 1995 709
3249 1995 668
388 1995 629
1226 1995 595
2980 1995 534
564 1995 527
1008 1995 514
5407 1995 477
4298 1995 465
1589 1995 430
3588 1995 331
337 1995 326
2044 1995 310
4377 1995 305
765 1995 276
994 1995 179
710 1995 178
4267 1995 177
6129 1995 168
595 1994 1987
1652 1994 1940
957 1994 1910
367 1994 1895
1822 1994 1864
4831 1994 1851
1767 1994 1800
5191 1994 1798
5924 1994 1771
4481 1994 1763
763 1994 1745
5207 1994 1700
3184 1994 1684
5537 1994 1653
3922 1994 1651
1349 1994 1646
2371 1994 1632
5331 1994 1629
2755 1994 1621
3544 1994 1620
281 1994 1598
1155 1994 1556
6197 1994 1548
4057 1994 1530
5726 1994 1490
2181 1994 1459
3517 1994 1458
1764 1994 1436
4198 1994 1405
2251 1994 1380
3907 1994 1197
5508 1994 1158
3815 1994 1120
1578 1994 1111
6092 1994 1089
5583 1994 1027
2059 1994 994
1565 1994 890
4655 1994 831
317 1994 793
6149 1994 773
606 1994 737
5776 1994 655
1438 1994 640
3269 1994 613
1613 1994 601
4817 1994 600
2373 1994 564
3650 1994 561
3902 1994 536
4679 1994 489
5035 1994 453
3276 1994 440
938 1994 439
4888 1994 429
2533 1994 353
418 1994 332
5265 1994 287
5294 1994 276
1812 1994 258
3317 1994 226
3067 1994 211
4911 1994 208
5499 1994 174
3750 1994 158
4816 1994 135
1137 1994 132
6162 1994 27
6218 1993 1944
823 1993 1941
2056 1993 1903
643 1993 1899
459 1993 1856
5349 1993 1833
3331 1993 1830
3294 1993 1817
5345 1993 1810
102 1993 1792
4463 1993 1763
1245 1993 1722
4713 1993 1704
4228 1993 1696
4616 1993 1686
4156 1993 1664
1036 1993 1657
5938 1993 1654
4182 1993 1599
3784 1993 1579
2773 1993 1555
6214 1993 1552
2643 1993 1540
5284 1993 1536
3180 1993 1524
2426 1993 1514
1676 1993 1509
5989 1993 1489
1647 1993 1488
5749 1993 1478
1238 1993 1477
2665 1993 1424
5872 1993 1409
2688 1993 1401
517 1993 1392
2733 1993 1389
1412 1993 1369
1935 1993 1367
3030 1993 1355
1134 1993 1353
939 1993 1315
4039 1993 1313
1538 1993 1209
416 1993 1208
6 1993 1177
4532 1993 1165
2531 1993 1114
5038 1993 1084
1163 1993 1079
1597 1993 1041
1458 1993 978
3943 1993 910
5481 1993 842
2379 1993 771
1176 1993 719
1543 1993 621
1630 1993 605
1733 1993 578
4351 1993 556
3444 1993 552
5363 1993 525
2903 1993 462
3408 1993 416
4084 1993 345
1941 1993 344
766 1993 314
4692 1993 313
5272 1993 291
4880 1993 256
961 1993 179
4743 1993 166
4003 1993 165
816 1993 157
5283 1992 1968
4174 1992 1908
1747 1992 1895
5973 1992 1876
5028 1992 1865
4495 1992 1836
4145 1992 1809
3117 1992 1802
1149 1992 1795
839 1992 1770
760 1992 1713
6132 1992 1709
3258 1992 1706
4047 1992 1686
2342 1992 1674
3021 1992 1655
5543 1992 1643
1800 1992 1633
892 1992 1623
3543 1992 1603
2800 1992 1594
1665 1992 1557
3912 1992 1550
3232 1992 1540
3497 1992 1527
6078 1992 1522
2100 1992 1520
109 1992 1519
234 1992 1495
69 1992 1451
4030 1992 1441
3579 1992 1440
2097 1992 1404
1468 1992 1371
2129 1992 1368
2945 1992 1366
3162 1992 1312
88 1992 1026
3178 1992 994
4642 1992 910
2634 1992 900
1783 1992 840
5222 1992 697
3671 1992 678
613 1992 658
5051 1992 657
6099 1992 634
589 1992 588
5781 1992 587
5557 1992 567
1684 1992 494
2996 1992 492
2238 1992 482
3969 1992 437
3367 1992 431
5067 1992 397
2609 1992 344
6039 1992 341
5155 1992 339
5886 1992 296
676 1992 235
2615 1992 207
6075 1992 203
1221 1992 180
2227 1992 163
3362 1992 149
1415 1992 138
3900 1992 112
4758 1992 94
723 1991 1956
5208 1991 1902
2007 1991 1885
3996 1991 1876
4476 1991 1873
1184 1991 1840
5720 1991 1828
3333 1991 1807
210 1991 1789
1910 1991 1729
4865 1991 1726
1248 1991 1704
5245 1991 1696
1958 1991 1680
3240 1991 1667
885 1991 1666
6104 1991 1654
4388 1991 1652
103 1991 1638
2222 1991 1634
2573 1991 1614
663 1991 1584
5668 1991 1551
4810 1991 1539
5599 1991 1519
4770 1991 1506
5798 1991 1477
4558 1991 1458
5081 1991 1444
1074 1991 1401
5961 1991 1400
4950 1991 1383
5195 1991 1372
4304 1991 1363
2994 1991 1359
5815 1991 1354
4417 1991 1350
2451 1991 1313
253 1991 1311
3081 1991 1306
4345 1991 1286
6249 1991 1259
3865 1991 1252
6079 1991 1240
5362 1991 1236
4884 1991 1232
461 1991 1223
1628 1991 1218
3663 1991 1181
3837 1991 1125
2518 1991 1070
4916 1991 1059
6070 1991 1050
648 1991 823
5978 1991 802
4914 1991 801
3992 1991 771
2940 1991 770
707 1991 758
3849 1991 665
3706 1991 663
403 1991 654
3521 1991 631
1841 1991 609
3770 1991 597
1906 1991 585
6135 1991 560
5159 1991 513
3534 1991 509
3442 1991 506
2982 1991 483
276 1991 459
1061 1991 457
5091 1991 452
400 1991 448
363 1991 431
582 1991 418
2142 1991 402
2553 1991 392
3351 1991 378
3771 1991 376
238 1991 341
1956 1991 307
4085 1991 303
5912 1991 293
2362 1991 289
2318 1991 274
5144 1991 268
217 1991 101
4404 1991 82
4890 1990 1957
919 1990 1941
4997 1990 1924
3736 1990 1867
3394 1990 1855
6256 1990 1832
2901 1990 1829
329 1990 1820
5675 1990 1809
3936 1990 1799
848 1990 1793
3530 1990 1736
6178 1990 1727
4072 1990 1678
2654 1990 1670
3916 1990 1657
2525 1990 1655
2301 1990 1640
2646 1990 1630
3982 1990 1617
2355 1990 1607
3159 1990 1599
5834 1990 1596
5044 1990 1591
273 1990 1589
1663 1990 1581
4428 1990 1495
1717 1990 1493
6238 1990 1477
4272 1990 1462
1280 1990 1461
535 1990 1451
4528 1990 1449
5532 1990 1440
2004 1990 1436
1724 1990 1428
3242 1990 1408
1646 1990 1404
1305 1990 1389
462 1990 1373
3248 1990 1352
3376 1990 1239
3348 1990 1224
28 1990 1173
4764 1990 1079
3565 1990 994
2446 1990 920
3020 1990 906
354 1990 864
230 1990 693
5029 1990 690
2160 1990 643
1571 1990 626
5775 1990 616
2705 1990 579
2527 1990 502
4579 1990 501
6167 1990 500
4451 1990 470
4367 1990 434
619 1990 421
782 1990 407
3600 1990 402
5485 1990 389
1220 1990 377
1124 1990 337
465 1990 311
1302 1990 308
2413 1990 296
90 1990 270
2361 1990 240
3315 1990 178
3344 1990 175
3026 1990 134
242 1990 125
419 1990 106
4465 1989 1991
1703 1989 1975
2984 1989 1965
5006 1989 1948
3629 1989 1929
5379 1989 1885
5597 1989 1858
3556 1989 1848
661 1989 1831
5315 1989 1817
2906 1989 1801
833 1989 1794
2772 1989 1780
3389 1989 1778
1450 1989 1767
4374 1989 1762
1309 1989 1757
1546 1989 1741
6028 1989 1729
2851 1989 1723
1257 1989 1693
988 1989 1690
5113 1989 1664
485 1989 1654
2280 1989 1633
2921 1989 1630
160 1989 1583
155 1989 1575
1104 1989 1557
1866 1989 1550
3405 1989 1529
5127 1989 1491
5342 1989 1482
123 1989 1471
5424 1989 1465
5892 1989 1423
1071 1989 1397
3406 1989 1381
4710 1989 1370
4646 1989 1311
5742 1989 1305
1023 1989 1291
539 1989 1199
2835 1989 1194
1849 1989 1185
5220 1989 1159
2164 1989 1133
6181 1989 1118
4168 1989 1095
4293 1989 939
4989 1989 810
685 1989 737
2925 1989 641
5503 1989 624
2644 1989 616
2386 1989 587
1171 1989 553
3715 1989 548
4014 1989 487
5643 1989 476
2021 1989 440
305 1989 415
2918 1989 413
2135 1989 403
5988 1989 385
5620 1989 325
2757 1989 291
250 1989 286
5945 1989 283
3100 1989 281
1525 1989 203
5604 1989 194
978 1989 169
4311 1989 168
6095 1989 98
2647 1989 70
3917 1988 1954
3524 1988 1941
3878 1988 1915
6247 1988 1863
4870 1988 1848
1714 1988 1844
1319 1988 1841
3233 1988 1838
3478 1988 1790
3436 1988 1783
1694 1988 1771
5564 1988 1755
5108 1988 1752
3944 1988 1743
2869 1988 1727
5419 1988 1725
4742 1988 1686
4052 1988 1678
3274 1988 1662
1792 1988 1660
4556 1988 1645
410 1988 1643
2963 1988 1625
547 1988 1610
525 1988 1601
5982 1988 1533
2724 1988 1532
5330 1988 1493
4913 1988 1447
3166 1988 1442
1754 1988 1370
5665 1988 1355
284 1988 1341
4659 1988 1295
2302 1988 1270
5361 1988 1177
2966 1988 1162
3193 1988 1121
806 1988 1043
976 1988 1039
5147 1988 1036
1249 1988 1010
4577 1988 1005
99 1988 801
3622 1988 748
1625 1988 723
2144 1988 719
6034 1988 688
1477 1988 676
605 1988 655
3919 1988 631
5584 1988 601
1388 1988 590
5338 1988 584
598 1988 542
4281 1988 471
3425 1988 455
2392 1988 454
5745 1988 453
780 1988 447
2268 1988 430
3643 1988 405
3951 1988 402
3831 1988 392
4720 1988 312
6157 1988 311
4358 1988 310
847 1988 200
4485 1988 118
3923 1988 52
879 1987 1989
3409 1987 1975
1725 1987 1952
3458 1987 1923
2407 1987 1899
3702 1987 1895
3554 1987 1891
5711 1987 1856
5800 1987 1855
3229 1987 1800
3630 1987 1730
5446 1987 1697
4133 1987 1671
718 1987 1650
5977 1987 1612
2878 1987 1592
5790 1987 1574
3668 1987 1570
3574 1987 1557
2180 1987 1513
1446 1987 1511
2260 1987 1480
5969 1987 1462
2447 1987 1437
5910 1987 1431
2030 1987 1407
2429 1987 1394
2425 1987 1393
3735 1987 1377
2246 1987 1355
1696 1987 1330
916 1987 1304
5623 1987 1281
5310 1987 1276
609 1987 1209
4898 1987 1155
3380 1987 1146
1737 1987 1071
6100 1987 1037
2370 1987 1009
194 1987 1008
3222 1987 981
1761 1987 962
800 1987 946
2722 1987 867
1545 1987 852
1999 1987 704
3468 1987 629
1607 1987 586
2998 1987 563
2035 1987 546
2701 1987 526
1444 1987 377
672 1987 364
1453 1987 353
4329 1987 352
1073 1987 350
2465 1987 314
1955 1987 281
523 1987 269
1254 1987 208
4105 1987 144
1345 1987 88
1992 1987 35
5864 1986 1956
2877 1986 1951
4714 1986 1950
5193 1986 1944
409 1986 1922
2130 1986 1887
1659 1986 1864
1743 1986 1863
842 1986 1862
406 1986 1847
4935 1986 1817
5000 1986 1798
4965 1986 1793
1880 1986 1783
372 1986 1773
382 1986 1763
4420 1986 1754
5296 1986 1734
2958 1986 1722
5269 1986 1718
5550 1986 1711
1044 1986 1708
830 1986 1673
3823 1986 1657
1140 1986 1649
1601 1986 1638
3137 1986 1636
4504 1986 1634
5372 1986 1604
4945 1986 1602
218 1986 1589
220 1986 1587
5094 1986 1554
550 1986 1530
2841 1986 1501
2210 1986 1497
170 1986 1496
247 1986 1490
3434 1986 1481
5516 1986 1464
359 1986 1458
2517 1986 1393
1666 1986 1385
161 1986 1380
1043 1986 1376
4868 1986 1355
6094 1986 1347
515 1986 1339
5904 1986 1302
1809 1986 1287
4885 1986 1269
366 1986 1243
6180 1986 1233
3655 1986 1188
5388 1986 1179
1830 1986 1131
5667 1986 1125
3846 1986 1042
1687 1986 986
5890 1986 980
453 1986 959
2879 1986 918
1050 1986 911
5351 1986 825
5979 1986 782
4861 1986 768
2693 1986 733
1321 1986 717
902 1986 685
2352 1986 621
4078 1986 608
3411 1986 593
283 1986 543
4326 1986 536
1834 1986 533
1938 1986 505
1325 1986 487
5853 1986 461
5185 1986 458
44 1986 443
2782 1986 429
3714 1986 403
5278 1986 360
5418 1986 332
4881 1986 331
5355 1986 226
2040 1986 148
4310 1986 145
1060 1986 83
5974 1986 22
3519 1985 1976
5198 1985 1954
2604 1985 1948
1016 1985 1947
2561 1985 1892
2750 1985 1859
2524 1985 1783
3108 1985 1767
5933 1985 1756
2490 1985 1729
4221 1985 1714
6150 1985 1664
4675 1985 1659
4822 1985 1651
854 1985 1645
637 1985 1632
4765 1985 1624
3391 1985 1602
1223 1985 1594
3121 1985 1571
4584 1985 1567
4002 1985 1549
1872 1985 1528
1805 1985 1415
3250 1985 1409
3147 1985 1397
2287 1985 1383
4952 1985 1376
725 1985 1348
163 1985 1339
1755 1985 1291
5237 1985 1289
3675 1985 1277
3747 1985 1267
4966 1985 1238
2189 1985 1080
4623 1985 1052
1350 1985 728
2788 1985 674
5616 1985 637
5728 1985 583
1675 1985 550
1310 1985 543
5916 1985 534
3658 1985 525
3106 1985 517
1311 1985 501
3989 1985 472
3927 1985 462
3772 1985 431
4325 1985 412
3353 1985 370
2067 1985 358
4760 1985 357
4685 1985 339
1145 1985 333
1723 1985 329
512 1985 303
4015 1985 275
2959 1985 266
2145 1985 255
3855 1985 233
3073 1985 197
722 1985 187
4040 1985 65
6191 1984 1990
1496 1984 1936
1735 1984 1856
2587 1984 1821
5571 1984 1816
2611 1984 1794
425 1984 1763
3611 1984 1761
3522 1984 1755
1015 1984 1737
5235 1984 1733
1480 1984 1725
2669 1984 1723
4034 1984 1688
1278 1984 1666
2032 1984 1648
1695 1984 1602
3768 1984 1569
910 1984 1563
1109 1984 1558
6212 1984 1505
2321 1984 1473
3575 1984 1388
5947 1984 1359
1847 1984 1338
2664 1984 1309
603 1984 1305
5122 1984 1302
2951 1984 1295
1472 1984 1260
5548 1984 1258
4894 1984 1248
6172 1984 1196
498 1984 1131
4079 1984 887
4422 1984 883
2955 1984 712
1732 1984 702
794 1984 679
3226 1984 676
1616 1984 651
3005 1984 599
5110 1984 583
1374 1984 488
726 1984 471
3939 1984 464
5483 1984 402
3283 1984 394
2391 1984 362
1147 1984 320
5522 1984 138
3029 1983 1998
1832 1983 1967
4473 1983 1926
5855 1983 1914
601 1983 1903
3247 1983 1894
2887 1983 1877
3045 1983 1876
4969 1983 1836
2752 1983 1814
805 1983 1809
1669 1983 1796
2452 1983 1785
4725 1983 1777
1034 1983 1763
173 1983 1738
3987 1983 1721
1790 1983 1717
751 1983 1709
1348 1983 1675
764 1983 1670
3200 1983 1638
657 1983 1633
1893 1983 1616
1969 1983 1599
2618 1983 1540
53 1983 1508
1681 1983 1487
1092 1983 1484
4644 1983 1429
1466 1983 1426
3704 1983 1387
4757 1983 1386
1255 1983 1381
6160 1983 1374
4586 1983 1354
4077 1983 1342
1858 1983 1320
2844 1983 1253
3654 1983 1240
5306 1983 1222
2501 1983 1207
2857 1983 1162
6085 1983 896
2449 1983 826
2503 1983 769
4661 1983 745
3014 1983 657
5478 1983 636
3532 1983 630
4258 1983 625
4878 1983 618
4658 1983 487
202 1983 481
2358 1983 467
3560 1983 461
5820 1983 459
6025 1983 450
1909 1983 442
2396 1983 439
5976 1983 436
5063 1983 415
1870 1983 348
3812 1983 317
1618 1983 314
4860 1983 305
4738 1983 267
3036 1983 164
1103 1983 159
1180 1983 141
4339 1982 1992
4024 1982 1991
477 1982 1959
2200 1982 1919
1577 1982 1901
3153 1982 1883
1779 1982 1864
2339 1982 1819
4350 1982 1774
3548 1982 1768
3059 1982 1725
3493 1982 1720
3355 1982 1719
3271 1982 1704
895 1982 1685
484 1982 1674
3893 1982 1663
5710 1982 1636
375 1982 1621
5301 1982 1615
4074 1982 1591
2704 1982 1530
1225 1982 1525
2308 1982 1476
10 1982 1468
2357 1982 1456
1604 1982 1449
4875 1982 1421
5589 1982 1416
5504 1982 1384
4828 1982 1367
1272 1982 1279
5517 1982 1263
4189 1982 1233
1312 1982 1207
2793 1982 1164
1758 1982 920
5042 1982 841
5445 1982 830
2173 1982 790
5380 1982 759
5551 1982 695
4800 1982 689
625 1982 657
3913 1982 646
1985 1982 644
5252 1982 611
5520 1982 609
1793 1982 586
803 1982 562
5664 1982 551
785 1982 549
5050 1982 535
2264 1982 506
3994 1982 490
741 1982 487
2907 1982 484
2739 1982 389
3819 1982 343
5724 1982 339
5699 1982 301
1511 1982 267
6215 1982 236
941 1982 201
2952 1982 194
3975 1982 191
2979 1982 173
3203 1982 170
2637 1982 107
2975 1982 98
3058 1982 80
825 1982 74
3779 1982 23
3824 1981 1990
5833 1981 1985
378 1981 1982
3901 1981 1947
3393 1981 1940
4869 1981 1936
6227 1981 1925
2532 1981 1896
6119 1981 1890
6130 1981 1841
1844 1981 1830
4416 1981 1808
857 1981 1807
5367 1981 1793
4933 1981 1774
746 1981 1768
4108 1981 1733
4009 1981 1725
542 1981 1722
909 1981 1688
3461 1981 1682
4135 1981 1667
3798 1981 1640
6023 1981 1630
959 1981 1626
2047 1981 1602
2174 1981 1578
5588 1981 1575
4197 1981 1572
1813 1981 1549
2946 1981 1534
5561 1981 1525
532 1981 1520
682 1981 1496
46 1981 1485
4395 1981 1484
1786 1981 1476
3236 1981 1452
5266 1981 1425
2915 1981 1420
2493 1981 1406
5194 1981 1405
1756 1981 1356
5440 1981 1349
5852 1981 1332
5782 1981 1296
3952 1981 1282
2694 1981 1214
5386 1981 1202
3896 1981 1119
6235 1981 1007
1452 1981 996
3541 1981 991
6161 1981 959
5727 1981 908
3133 1981 801
3515 1981 784
3906 1981 704
2853 1981 656
196 1981 647
843 1981 633
1975 1981 631
592 1981 630
2995 1981 601
3208 1981 578
6021 1981 514
5236 1981 509
328 1981 502
392 1981 494
5913 1981 487
5320 1981 467
2364 1981 460
5307 1981 459
42 1981 439
1188 1981 419
2277 1981 415
4698 1981 405
5729 1981 402
1901 1981 365
6209 1981 311
3869 1981 291
130 1981 223
922 1981 221
3495 1981 63
4270 1981 57
2398 1981 49
874 1980 1986
264 1980 1927
679 1980 1908
4534 1980 1896
457 1980 1880
1299 1980 1879
955 1980 1865
78 1980 1845
5935 1980 1836
5758 1980 1817
1838 1980 1793
151 1980 1789
6222 1980 1785
6068 1980 1770
6053 1980 1715
1776 1980 1703
1627 1980 1697
735 1980 1676
4839 1980 1625
6113 1980 1621
2484 1980 1617
1181 1980 1602
3191 1980 1600
4993 1980 1592
527 1980 1559
279 1980 1553
6116 1980 1551
3185 1980 1549
2157 1980 1538
5691 1980 1522
1971 1980 1489
6020 1980 1466
5540 1980 1459
5313 1980 1456
6019 1980 1452
5437 1980 1408
2872 1980 1379
2118 1980 1349
2512 1980 1343
6186 1980 1328
2378 1980 1319
1759 1980 1254
2236 1980 1245
429 1980 1228
3230 1980 1217
4727 1980 1210
6062 1980 1204
5964 1980 1183
3525 1980 1021
3396 1980 965
1900 1980 850
6017 1980 761
5876 1980 679
1355 1980 674
6022 1980 673
2170 1980 640
5100 1980 586
1201 1980 576
5506 1980 551
4348 1980 533
778 1980 524
135 1980 478
1368 1980 459
4062 1980 438
67 1980 415
4520 1980 374
1974 1980 363
3311 1980 359
1656 1980 357
5201 1980 355
2455 1980 352
43 1980 349
2162 1980 287
165 1980 280
136 1980 241
2815 1980 179
1633 1980 114
2012 1980 61
2346 1979 1987
4148 1979 1905
5764 1979 1891
2640 1979 1867
5129 1979 1849
3872 1979 1792
5915 1979 1749
5851 1979 1745
2627 1979 1733
3749 1979 1728
1183 1979 1726
2454 1979 1724
3028 1979 1711
2314 1979 1678
3379 1979 1674
4019 1979 1657
458 1979 1644
1639 1979 1627
668 1979 1624
1406 1979 1616
180 1979 1606
1965 1979 1589
1001 1979 1539
2509 1979 1531
6134 1979 1514
1159 1979 1458
4905 1979 1452
1179 1979 1444
1142 1979 1443
137 1979 1413
4624 1979 1408
4561 1979 1358
3689 1979 1350
3631 1979 1309
4951 1979 1306
1531 1979 1249
2467 1979 1234
265 1979 1227
2973 1979 1170
3623 1979 1147
5314 1979 1098
3157 1979 973
4649 1979 970
4385 1979 950
4137 1979 881
3657 1979 875
4840 1979 811
5662 1979 810
3741 1979 762
2648 1979 716
295 1979 683
1335 1979 674
1979 1979 623
4243 1979 619
2848 1979 574
3856 1979 539
2102 1979 515
5859 1979 490
3920 1979 472
1989 1979 465
3758 1979 457
4462 1979 453
3946 1979 448
2279 1979 436
1262 1979 429
3146 1979 425
4701 1979 423
189 1979 398
852 1979 376
5080 1979 375
4049 1979 368
599 1979 361
4050 1979 338
2233 1979 324
4995 1979 307
1128 1979 297
5575 1979 224
3192 1979 212
1528 1979 171
2613 1979 119
690 1979 93
3903 1978 1999
4370 1978 1992
5114 1978 1894
2078 1978 1893
669 1978 1891
5217 1978 1882
1048 1978 1863
2014 1978 1820
2456 1978 1781
3592 1978 1777
5030 1978 1748
4450 1978 1733
1367 1978 1707
5204 1978 1705
4225 1978 1696
572 1978 1691
4886 1978 1680
11 1978 1678
3830 1978 1673
877 1978 1637
538 1978 1623
3422 1978 1600
819 1978 1595
558 1978 1576
5047 1978 1511
5166 1978 1507
5791 1978 1506
2443 1978 1455
4531 1978 1435
5636 1978 1427
1386 1978 1293
4508 1978 1267
1422 1978 1264
812 1978 1216
4338 1978 1072
1924 1978 1031
5826 1978 1027
3801 1978 952
5903 1978 941
4690 1978 907
4671 1978 812
177 1978 767
4653 1978 766
4517 1978 740
278 1978 675
3310 1978 659
4205 1978 592
4651 1978 590
3866 1978 569
6148 1978 559
2663 1978 550
2692 1978 539
3415 1978 520
2734 1978 515
1738 1978 504
3875 1978 501
5705 1978 498
5216 1978 459
5172 1978 378
3660 1978 376
1583 1978 307
2949 1978 276
3624 1978 250
1481 1978 237
5753 1978 206
5120 1978 202
6087 1978 155
4159 1978 148
80 1978 131
3940 1978 73
1588 1978 56
2039 1977 1974
3634 1977 1937
4673 1977 1926
6058 1977 1923
5335 1977 1921
1868 1977 1915
3636 1977 1898
454 1977 1853
5117 1977 1846
294 1977 1835
4444 1977 1830
1075 1977 1823
2163 1977 1810
1771 1977 1802
471 1977 1771
1902 1977 1766
4551 1977 1757
1923 1977 1688
721 1977 1682
431 1977 1671
112 1977 1663
4223 1977 1637
2231 1977 1622
543 1977 1605
2974 1977 1574
2005 1977 1560
3472 1977 1530
1213 1977 1525
2674 1977 1521
6074 1977 1513
3079 1977 1506
1160 1977 1499
734 1977 1481
124 1977 1436
2741 1977 1394
405 1977 1390
501 1977 1380
164 1977 1373
5956 1977 1371
3701 1977 1364
5702 1977 1356
1770 1977 1353
3141 1977 1325
5010 1977 1308
900 1977 1295
1085 1977 1266
712 1977 1263
647 1977 1247
1121 1977 1198
1933 1977 1134
5809 1977 1091
6153 1977 1060
3983 1977 1013
3148 1977 1002
783 1977 923
393 1977 777
4036 1977 727
4906 1977 694
5031 1977 636
4033 1977 593
1486 1977 590
3125 1977 556
3188 1977 536
1199 1977 518
4445 1977 470
5965 1977 448
6124 1977 447
2247 1977 442
2774 1977 430
4948 1977 428
1964 1977 416
1347 1977 409
21 1977 404
1317 1977 374
1620 1977 367
1544 1977 365
3659 1977 346
5808 1977 285
4254 1977 221
1168 1977 216
6243 1977 154
6031 1977 136
1442 1977 116
4461 1977 113
221 1977 48
1591 1976 1987
347 1976 1964
5241 1976 1909
2723 1976 1907
5493 1976 1893
2629 1976 1875
1267 1976 1867
1436 1976 1845
6056 1976 1843
5684 1976 1834
658 1976 1811
2155 1976 1800
536 1976 1787
4796 1976 1769
5046 1976 1757
5279 1976 1752
3209 1976 1722
520 1976 1700
1441 1976 1686
4779 1976 1681
1658 1976 1663
4680 1976 1654
5661 1976 1644
4848 1976 1621
581 1976 1611
2259 1976 1603
5759 1976 1601
1187 1976 1598
4941 1976 1583
954 1976 1538
705 1976 1536
5624 1976 1508
1685 1976 1502
1982 1976 1500
4365 1976 1474
636 1976 1464
3687 1976 1424
4988 1976 1414
5757 1976 1383
2207 1976 1368
4774 1976 1367
1981 1976 1363
2112 1976 1342
1760 1976 1261
856 1976 1255
113 1976 1253
5972 1976 1252
3272 1976 1248
6177 1976 1168
1707 1976 1161
594 1976 1133
983 1976 1119
1673 1976 1086
5409 1976 1070
3307 1976 1010
2237 1976 935
1584 1976 816
3292 1976 796
6207 1976 760
696 1976 690
831 1976 660
1641 1976 625
5884 1976 620
4409 1976 605
300 1976 549
1413 1976 543
5902 1976 514
1330 1976 491
3325 1976 471
4775 1976 448
1557 1976 413
2226 1976 377
5739 1976 358
1848 1976 319
4829 1976 317
2179 1976 307
2999 1976 304
5567 1976 287
5921 1976 254
5143 1976 222
607 1976 218
4872 1976 213
901 1976 207
2866 1976 205
4393 1976 147
4048 1976 106
5713 1976 104
1371 1976 92
1552 1976 80
5658 1976 38
2897 1976 22
481 1975 1988
4678 1975 1957
3746 1975 1876
2123 1975 1875
5534 1975 1873
4474 1975 1859
4902 1975 1858
2111 1975 1836
4787 1975 1822
3009 1975 1801
689 1975 1791
675 1975 1777
360 1975 1744
3152 1975 1732
688 1975 1716
2105 1975 1696
3494 1975 1684
2779 1975 1681
4542 1975 1669
5541 1975 1663
2010 1975 1658
420 1975 1647
1881 1975 1645
1069 1975 1634
1306 1975 1630
4877 1975 1608
3880 1975 1574
4763 1975 1566
5365 1975 1511
6192 1975 1495
1593 1975 1485
114 1975 1434
1928 1975 1412
4569 1975 1389
1887 1975 1338
5491 1975 1304
5336 1975 1292
2146 1975 1279
576 1975 1234
2430 1975 1232
1467 1975 1181
3883 1975 1156
2856 1975 1033
5137 1975 1002
3343 1975 839
1494 1975 780
3731 1975 732
4754 1975 720
6027 1975 694
1908 1975 662
2601 1975 656
3328 1975 628
480 1975 616
1877 1975 615
3204 1975 581
2185 1975 559
301 1975 548
3851 1975 526
2058 1975 521
1136 1975 517
5391 1975 497
5488 1975 484
4006 1975 443
4472 1975 438
4381 1975 416
27 1975 395
2964 1975 366
1276 1975 350
290 1975 320
933 1975 241
2985 1975 226
440 1975 209
2805 1975 67
3374 1975 41
1079 1974 1963
45 1974 1958
4850 1974 1949
2777 1974 1939
4407 1974 1933
4926 1974 1887
3606 1974 1876
64 1974 1870
4488 1974 1852
17 1974 1837
5841 1974 1832
4279 1974 1796
6060 1974 1788
1353 1974 1736
1484 1974 1723
1423 1974 1713
2526 1974 1639
1778 1974 1638
5125 1974 1632
2166 1974 1617
6051 1974 1586
1968 1974 1527
1939 1974 1508
6221 1974 1502
3934 1974 1479
3744 1974 1469
1298 1974 1457
5519 1974 1453
5016 1974 1440
4823 1974 1425
528 1974 1353
6127 1974 1323
3677 1974 1318
2858 1974 1311
1806 1974 1283
2137 1974 1248
1750 1974 1143
2687 1974 1141
132 1974 1131
580 1974 1129
5328 1974 1125
5036 1974 981
5521 1974 957
1372 1974 931
2245 1974 899
3888 1974 747
2323 1974 742
4094 1974 704
2630 1974 701
3112 1974 666
893 1974 639
228 1974 622
5839 1974 613
4007 1974 606
2353 1974 599
3464 1974 583
5268 1974 569
1204 1974 542
1549 1974 535
3802 1974 494
2679 1974 493
1090 1974 487
2438 1974 471
1664 1974 464
757 1974 444
3370 1974 421
1623 1974 402
2190 1974 392
5617 1974 360
5258 1974 334
1207 1974 309
1086 1974 276
1186 1974 251
236 1974 247
5219 1974 214
3435 1974 181
226 1974 93
3437 1974 84
4425 1974 83
1820 1974 41
2292 1974 35
2700 1973 1986
1185 1973 1962
5263 1973 1954
4452 1973 1952
2567 1973 1951
5212 1973 1920
4166 1973 1883
5273 1973 1878
3864 1973 1874
4990 1973 1859
5458 1973 1845
5750 1973 1835
2019 1973 1833
5395 1973 1821
2513 1973 1805
1655 1973 1796
1448 1973 1793
2433 1973 1783
3540 1973 1773
5145 1973 1747
2965 1973 1743
2258 1973 1721
3262 1973 1705
2085 1973 1696
4497 1973 1687
3662 1973 1662
2871 1973 1638
3804 1973 1637
4547 1973 1599
4618 1973 1593
4114 1973 1589
2507 1973 1581
3196 1973 1580
862 1973 1562
3777 1973 1550
287 1973 1524
5378 1973 1505
4207 1973 1480
5141 1973 1479
446 1973 1466
3268 1973 1463
5390 1973 1455
3275 1973 1439
2529 1973 1415
6183 1973 1408
656 1973 1405
925 1973 1373
2193 1973 1363
4236 1973 1360
3401 1973 1352
801 1973 1345
769 1973 1326
4944 1973 1313
3190 1973 1308
2249 1973 1295
4314 1973 1285
1937 1973 1189
5736 1973 1178
5329 1973 1174
169 1973 1151
1967 1973 1140
1430 1973 1132
1859 1973 1118
4919 1973 966
5018 1973 908
3335 1973 846
1562 1973 667
4107 1973 649
2404 1973 624
1214 1973 619
704 1973 609
259 1973 570
6035 1973 527
1261 1973 467
642 1973 456
3252 1973 424
5614 1973 387
2770 1973 379
585 1973 377
3550 1973 278
1566 1973 264
3019 1973 251
3567 1973 242
3365 1973 217
5040 1973 210
4342 1973 160
1447 1973 159
1471 1973 25
6201 1972 1985
575 1972 1962
5501 1972 1955
880 1972 1946
5466 1972 1906
4248 1972 1894
2542 1972 1879
1028 1972 1851
4750 1972 1834
5831 1972 1824
5021 1972 1810
5894 1972 1795
3025 1972 1786
251 1972 1737
3003 1972 1736
327 1972 1718
302 1972 1641
1322 1972 1629
4211 1972 1615
970 1972 1614
4210 1972 1611
3065 1972 1602
5087 1972 1575
3199 1972 1569
1192 1972 1559
3475 1972 1543
5527 1972 1538
5985 1972 1525
2015 1972 1490
3339 1972 1459
2820 1972 1444
4557 1972 1427
4691 1972 1405
4825 1972 1356
894 1972 1315
1897 1972 1311
5472 1972 1288
4143 1972 1252
1533 1972 1227
3774 1972 1158
4686 1972 1144
2588 1972 1133
2133 1972 1087
2241 1972 1083
1046 1972 1047
4423 1972 1035
1631 1972 994
4741 1972 973
2206 1972 732
903 1972 683
3618 1972 663
5227 1972 640
5678 1972 612
2048 1972 512
691 1972 474
4274 1972 407
756 1972 399
5319 1972 392
4545 1972 389
2633 1972 351
2698 1972 346
463 1972 335
6109 1972 331
156 1972 222
686 1972 173
5463 1972 166
4070 1971 1950
2934 1971 1935
4970 1971 1928
3547 1971 1926
5352 1971 1899
775 1971 1883
6001 1971 1856
5535 1971 1851
4681 1971 1848
1293 1971 1835
6185 1971 1799
2852 1971 1797
1742 1971 1767
513 1971 1756
3793 1971 1723
3850 1971 1711
1892 1971 1697
4815 1971 1665
3810 1971 1656
5515 1971 1648
3692 1971 1557
3382 1971 1541
466 1971 1530
2343 1971 1526
2140 1971 1490
552 1971 1489
3068 1971 1488
963 1971 1483
1308 1971 1478
673 1971 1466
5789 1971 1397
887 1971 1389
3107 1971 1318
5170 1971 1316
5586 1971 1300
1042 1971 1280
5088 1971 1264
2457 1971 1256
1839 1971 1245
678 1971 1181
4170 1971 1175
1998 1971 1169
1617 1971 1092
5638 1971 1067
4454 1971 989
2600 1971 969
1270 1971 927
5457 1971 813
209 1971 800
2491 1971 670
804 1971 668
4115 1971 665
323 1971 635
2789 1971 559
4332 1971 551
934 1971 548
2625 1971 529
4524 1971 509
344 1971 457
4280 1971 295
4398 1971 288
5287 1971 268
4360 1971 263
5743 1971 215
1598 1971 193
947 1971 136
2675 1971 93
561 1971 91
1622 1971 80
2581 1971 14
5417 1970 1993
2257 1970 1975
4227 1970 1966
5304 1970 1943
739 1970 1852
1581 1970 1848
4942 1970 1835
1862 1970 1834
4111 1970 1824
4035 1970 1793
4972 1970 1776
2548 1970 1748
4110 1970 1739
5119 1970 1707
2659 1970 1690
881 1970 1677
5132 1970 1660
3513 1970 1632
4943 1970 1630
2833 1970 1585
537 1970 1561
4847 1970 1548
5936 1970 1532
5462 1970 1518
6084 1970 1502
4028 1970 1498
6146 1970 1489
1265 1970 1468
245 1970 1432
4477 1970 1402
1475 1970 1400
435 1970 1395
5066 1970 1373
4327 1970 1349
1635 1970 1299
574 1970 1297
5436 1970 1286
5529 1970 1263
4237 1970 1253
3491 1970 1229
5792 1970 1222
2768 1970 1214
6066 1970 1212
792 1970 1121
2461 1970 1104
1751 1970 1068
5650 1970 1062
4991 1970 1009
2786 1970 1000
2221 1970 996
396 1970 976
2667 1970 959
4418 1970 953
4522 1970 948
357 1970 738
4271 1970 717
3122 1970 683
5952 1970 657
2902 1970 603
4008 1970 583
1491 1970 582
4538 1970 574
5878 1970 570
2305 1970 531
3843 1970 528
4317 1970 497
4164 1970 472
4167 1970 468
1173 1970 461
4783 1970 380
3976 1970 362
455 1970 337
1814 1970 293
3479 1970 281
4728 1970 280
258 1970 263
1523 1970 240
623 1970 214
3673 1970 181
4981 1970 140
4224 1970 99
48 1970 17
4833 1969 1994
610 1969 1993
3619 1969 1989
187 1969 1967
1886 1969 1945
3330 1969 1940
5430 1969 1929
26 1969 1924
4887 1969 1894
5531 1969 1861
1211 1969 1860
1100 1969 1775
2017 1969 1771
32 1969 1763
2092 1969 1762
5618 1969 1758
3241 1969 1741
761 1969 1740
3400 1969 1735
353 1969 1696
4937 1969 1686
1550 1969 1656
4242 1969 1607
6237 1969 1584
5824 1969 1551
4179 1969 1550
1323 1969 1520
1068 1969 1511
1414 1969 1505
1392 1969 1504
2116 1969 1499
5598 1969 1493
3104 1969 1465
5981 1969 1425
116 1969 1374
3076 1969 1364
1558 1969 1362
5124 1969 1329
4175 1969 1286
2084 1969 1251
142 1969 1233
914 1969 1228
4411 1969 1209
5641 1969 1146
4324 1969 1141
413 1969 1128
713 1969 1122
6107 1969 1058
5533 1969 964
3221 1969 939
2562 1969 824
5371 1969 813
3625 1969 783
1996 1969 771
1718 1969 768
30 1969 745
953 1969 738
6002 1969 714
4436 1969 701
4446 1969 609
1277 1969 586
3782 1969 558
2895 1969 510
1194 1969 465
3918 1969 402
1369 1969 400
3788 1969 387
2896 1969 385
6013 1969 361
3642 1969 360
4509 1969 338
666 1969 298
1138 1969 242
1624 1969 234
3231 1969 126
4987 1969 118
1424 1969 54
6005 1968 1978
4809 1968 1927
1517 1968 1923
1433 1968 1922
5318 1968 1886
5323 1968 1868
3320 1968 1853
2931 1968 1843
4263 1968 1774
834 1968 1770
982 1968 1767
5441 1968 1755
905 1968 1753
2550 1968 1744
5384 1968 1720
1219 1968 1700
4622 1968 1617
398 1968 1579
5652 1968 1575
1387 1968 1551
4598 1968 1538
1292 1968 1527
793 1968 1518
3061 1968 1507
5271 1968 1502
4735 1968 1496
5311 1968 1424
2538 1968 1421
4897 1968 1408
3984 1968 1365
3617 1968 1363
4269 1968 1340
5396 1968 1320
2031 1968 1281
4082 1968 1271
1894 1968 1224
3968 1968 1192
318 1968 1159
198 1968 1036
5630 1968 1021
2961 1968 987
5165 1968 968
6170 1968 924
3372 1968 858
4424 1968 787
2141 1968 754
3132 1968 620
758 1968 596
3826 1968 572
1536 1968 520
3037 1968 511
4980 1968 485
3177 1968 467
5731 1968 464
3762 1968 460
1619 1968 439
4603 1968 428
3237 1968 366
417 1968 352
534 1968 350
5648 1968 349
1281 1968 298
223 1968 183
3697 1967 1997
4708 1967 1954
117 1967 1914
4973 1967 1899
937 1967 1872
2970 1967 1849
5069 1967 1839
2725 1967 1778
5182 1967 1739
4218 1967 1736
5412 1967 1732
5659 1967 1717
687 1967 1679
2038 1967 1670
1139 1967 1654
3590 1967 1642
4088 1967 1636
4689 1967 1635
2617 1967 1631
4044 1967 1617
4233 1967 1546
2091 1967 1538
4296 1967 1510
747 1967 1509
3352 1967 1504
790 1967 1487
2753 1967 1465
5997 1967 1464
3047 1967 1420
2498 1967 1399
3563 1967 1383
66 1967 1376
981 1967 1338
5096 1967 1329
3683 1967 1285
3791 1967 1274
1553 1967 1272
6117 1967 1237
6206 1967 1080
3852 1967 1037
4806 1967 970
4903 1967 893
929 1967 884
3350 1967 822
434 1967 803
3063 1967 652
3077 1967 629
2584 1967 607
3733 1967 599
229 1967 560
2496 1967 552
385 1967 479
4744 1967 441
5032 1967 430
4864 1967 380
248 1967 371
4567 1967 336
2535 1967 328
2719 1967 325
6121 1967 318
4724 1967 303
3486 1967 286
3364 1967 243
5785 1967 186
2519 1967 170
2471 1967 112
4315 1967 24
4458 1966 1997
1303 1966 1989
3570 1966 1940
5835 1966 1916
2894 1966 1912
5697 1966 1896
2607 1966 1877
1749 1966 1853
2929 1966 1843
5061 1966 1842
5732 1966 1826
2415 1966 1796
1174 1966 1794
52 1966 1789
5075 1966 1776
4217 1966 1754
2717 1966 1744
5123 1966 1724
2304 1966 1699
4443 1966 1684
5560 1966 1665
4984 1966 1639
4363 1966 1636
3454 1966 1597
3111 1966 1595
5920 1966 1590
809 1966 1574
635 1966 1531
3092 1966 1505
97 1966 1473
3739 1966 1443
3720 1966 1426
3545 1966 1423
4335 1966 1371
4244 1966 1356
4654 1966 1354
677 1966 1341
5340 1966 1245
5490 1966 1231
275 1966 1207
4161 1966 1137
1734 1966 1135
18 1966 1116
2033 1966 1093
1972 1966 1001
4778 1966 860
3586 1966 857
4138 1966 788
4753 1966 707
2767 1966 683
201 1966 671
2967 1966 665
3359 1966 647
2968 1966 642
6163 1966 611
4946 1966 603
1459 1966 532
569 1966 521
1773 1966 509
5832 1966 500
2653 1966 498
2288 1966 482
3216 1966 432
4212 1966 390
2178 1966 361
4893 1966 352
3889 1966 340
2685 1966 305
814 1966 262
5700 1966 234
335 1966 201
2650 1966 190
4736 1966 164
3664 1966 135
3814 1966 113
468 1966 79
1327 1966 4
965 1965 1978
3759 1965 1961
5116 1965 1960
4180 1965 1947
3280 1965 1938
1333 1965 1910
2203 1965 1854
1037 1965 1851
3726 1965 1846
162 1965 1839
3498 1965 1822
5385 1965 1766
4959 1965 1753
3753 1965 1745
1361 1965 1730
77 1965 1723
2818 1965 1708
1603 1965 1705
1720 1965 1690
2709 1965 1668
3103 1965 1662
1729 1965 1638
2541 1965 1636
2769 1965 1635
2551 1965 1629
5479 1965 1617
2661 1965 1594
4663 1965 1585
553 1965 1559
1610 1965 1495
3961 1965 1482
4637 1965 1469
79 1965 1465
6061 1965 1455
232 1965 1428
3197 1965 1426
6211 1965 1411
5777 1965 1354
1824 1965 1343
3536 1965 1338
1054 1965 1316
6067 1965 1243
3484 1965 1216
96 1965 1148
5276 1965 1122
3455 1965 1115
2559 1965 1110
4550 1965 989
5949 1965 869
4134 1965 865
3817 1965 861
1926 1965 846
5317 1965 827
1567 1965 759
6106 1965 758
2622 1965 746
4220 1965 682
6091 1965 563
602 1965 557
4376 1965 552
5818 1965 526
5448 1965 522
5752 1965 507
4619 1965 489
4795 1965 478
6154 1965 475
1135 1965 468
490 1965 450
4253 1965 437
3539 1965 379
4467 1965 328
4900 1965 286
5862 1965 280
4373 1965 277
2935 1965 231
4292 1965 151
4303 1965 137
1341 1965 78
3313 1965 39
312 1964 1937
1119 1964 1927
3417 1964 1896
4664 1964 1873
521 1964 1847
3441 1964 1838
2427 1964 1814
482 1964 1805
4638 1964 1782
4203 1964 1766
4290 1964 1744
3489 1964 1723
1863 1964 1720
5444 1964 1700
5498 1964 1672
1535 1964 1665
4146 1964 1627
5797 1964 1619
1169 1964 1586
1827 1964 1574
3338 1964 1567
1284 1964 1541
3510 1964 1517
3792 1964 1513
2754 1964 1509
2494 1964 1488
1774 1964 1481
4247 1964 1469
2303 1964 1461
6114 1964 1459
5858 1964 1457
2864 1964 1440
2156 1964 1429
1314 1964 1416
2474 1964 1403
412 1964 1372
5316 1964 1370
2317 1964 1356
1315 1964 1344
2997 1964 1343
4026 1964 1339
1726 1964 1282
4061 1964 1272
3986 1964 1267
2842 1964 1254
3006 1964 1250
2216 1964 1216
3163 1964 1190
5475 1964 1100
5673 1964 1090
3466 1964 1075
4289 1964 1020
1609 1964 984
56 1964 980
6175 1964 975
118 1964 821
1746 1964 817
3653 1964 732
2875 1964 731
5967 1964 730
3443 1964 706
1959 1964 666
2620 1964 649
3088 1964 644
2606 1964 628
4699 1964 618
3685 1964 583
4390 1964 576
4998 1964 574
3450 1964 562
4093 1964 526
3959 1964 507
2395 1964 497
2094 1964 493
2087 1964 486
3821 1964 462
1889 1964 387
2790 1964 374
1819 1964 349
1488 1964 333
2765 1964 332
5545 1964 289
3260 1964 248
4876 1964 246
908 1964 217
1495 1964 181
1021 1964 172
3964 1964 164
5740 1964 124
4938 1964 114
962 1964 88
3332 1963 1982
5901 1963 1940
4901 1963 1934
341 1963 1916
3707 1963 1911
6241 1963 1892
3448 1963 1855
3756 1963 1851
611 1963 1807
5613 1963 1763
798 1963 1684
3958 1963 1649
4455 1963 1633
3169 1963 1625
2504 1963 1620
2462 1963 1598
1940 1963 1574
931 1963 1431
1919 1963 1430
5596 1963 1412
1572 1963 1398
5568 1963 1379
1083 1963 1373
3207 1963 1342
3881 1963 1330
6199 1963 1311
5592 1963 1111
6142 1963 1024
5261 1963 802
5489 1963 791
5737 1963 570
6037 1963 561
3459 1963 545
818 1963 540
1515 1963 510
1078 1963 497
2791 1963 416
4487 1963 414
7 1963 408
380 1963 407
1164 1963 376
1084 1963 364
3183 1963 312
5626 1963 298
3218 1963 295
2797 1963 289
6026 1963 246
4173 1963 224
2161 1963 203
5810 1963 197
2932 1963 154
1871 1963 117
70 1962 1976
3083 1962 1951
1556 1962 1922
1661 1962 1911
4595 1962 1910
2437 1962 1881
6115 1962 1878
5068 1962 1877
870 1962 1838
618 1962 1835
2243 1962 1834
5327 1962 1828
6205 1962 1816
1640 1962 1813
3925 1962 1801
5078 1962 1797
529 1962 1782
5246 1962 1771
296 1962 1760
4590 1962 1743
5058 1962 1739
4594 1962 1711
3926 1962 1694
1512 1962 1693
4492 1962 1684
5105 1962 1661
777 1962 1659
1157 1962 1627
1499 1962 1584
3281 1962 1572
1449 1962 1569
2057 1962 1543
1045 1962 1489
3312 1962 1487
4058 1962 1485
662 1962 1462
1736 1962 1453
437 1962 1412
2138 1962 1410
2468 1962 1370
4321 1962 1344
3729 1962 1306
1850 1962 1275
3885 1962 1259
2276 1962 1241
3446 1962 1190
651 1962 1160
2658 1962 1138
1041 1962 1090
311 1962 1088
2944 1962 1018
926 1962 954
5778 1962 841
5449 1962 827
6059 1962 797
4696 1962 768
4192 1962 748
3035 1962 734
1099 1962 701
401 1962 653
2069 1962 566
5177 1962 484
1869 1962 461
4732 1962 449
104 1962 444
1789 1962 430
266 1962 429
3134 1962 379
3867 1962 350
1273 1962 347
1534 1962 340
5368 1962 268
5780 1962 256
6007 1962 232
2025 1962 169
1856 1962 137
3282 1962 117
376 1961 1982
4127 1961 1966
2742 1961 1948
5257 1961 1915
1529 1961 1902
1404 1961 1900
1435 1961 1895
3385 1961 1893
4759 1961 1863
1611 1961 1852
742 1961 1841
4645 1961 1838
6038 1961 1785
5139 1961 1756
4668 1961 1754
1058 1961 1744
4940 1961 1742
3577 1961 1733
1197 1961 1731
4498 1961 1725
3776 1961 1708
1905 1961 1707
545 1961 1655
3979 1961 1607
5577 1961 1601
3492 1961 1531
2103 1961 1499
851 1961 1484
5109 1961 1471
6229 1961 1452
3447 1961 1399
6050 1961 1356
6102 1961 1348
1403 1961 1319
2064 1961 1308
1740 1961 1274
4219 1961 1126
1657 1961 1097
5497 1961 1069
3198 1961 1025
5593 1961 1014
2930 1961 1011
1654 1961 982
5004 1961 955
5523 1961 872
4983 1961 834
1251 1961 780
6233 1961 727
714 1961 713
6187 1961 710
728 1961 706
3136 1961 665
4956 1961 518
5262 1961 514
370 1961 498
2485 1961 483
3834 1961 479
2000 1961 468
3950 1961 455
2927 1961 403
681 1961 397
68 1961 334
4361 1961 299
1301 1961 232
6140 1961 225
2776 1961 146
3395 1961 125
1218 1961 45
5966 1961 4
5353 1960 1947
1006 1960 1935
3340 1960 1930
1629 1960 1908
4879 1960 1903
2225 1960 1901
3010 1960 1871
1497 1960 1862
4051 1960 1858
5303 1960 1779
3041 1960 1766
3402 1960 1718
5748 1960 1708
4302 1960 1691
1772 1960 1676
1994 1960 1586
4193 1960 1577
5334 1960 1572
2410 1960 1571
5167 1960 1568
1033 1960 1567
4336 1960 1545
1930 1960 1540
5291 1960 1519
1457 1960 1512
2695 1960 1474
4536 1960 1447
3080 1960 1436
4496 1960 1422
3295 1960 1411
2088 1960 1371
3017 1960 1352
6145 1960 1209
2572 1960 1165
5286 1960 1086
1264 1960 1080
4249 1960 1033
364 1960 961
1096 1960 741
5856 1960 712
4541 1960 695
1059 1960 664
2598 1960 638
3535 1960 635
1831 1960 603
1400 1960 562
428 1960 528
1708 1960 524
2515 1960 510
31 1960 460
4626 1960 440
1645 1960 418
6242 1960 390
6169 1960 380
2854 1960 379
5205 1960 377
3140 1960 352
4191 1960 325
2266 1960 301
1644 1960 276
3039 1960 252
2575 1960 232
2913 1960 219
5344 1960 126
239 1960 86
2270 1960 52
2298 1960 35
5375 1960 4
4020 1959 1989
2868 1959 1910
1208 1959 1858
5456 1959 1823
2340 1959 1776
5865 1959 1759
386 1959 1717
871 1959 1715
5082 1959 1698
6176 1959 1690
3558 1959 1652
5579 1959 1649
3482 1959 1635
6125 1959 1629
4548 1959 1623
915 1959 1616
2566 1959 1608
6110 1959 1579
1177 1959 1542
5793 1959 1537
2338 1959 1424
1235 1959 1382
4122 1959 1352
4924 1959 1319
5528 1959 1278
3467 1959 1259
4490 1959 1219
1683 1959 1203
3440 1959 1186
3477 1959 1102
1883 1959 1089
5131 1959 1027
1357 1959 964
4493 1959 889
1256 1959 884
5037 1959 733
3948 1959 661
4343 1959 607
313 1959 606
3931 1959 600
732 1959 593
2718 1959 570
1602 1959 530
2055 1959 502
3324 1959 501
6173 1959 462
5601 1959 457
5747 1959 424
5451 1959 415
1745 1959 379
3329 1959 336
4251 1959 310
1855 1959 302
649 1959 263
5076 1959 250
3287 1959 229
1190 1959 204
2273 1959 201
2943 1959 166
784 1959 159
4427 1959 158
5632 1959 128
3418 1959 117
4437 1959 101
622 1959 89
1274 1959 20
984 1958 1962
5073 1958 1931
2641 1958 1900
6101 1958 1874
3612 1958 1863
2265 1958 1861
1660 1958 1826
1407 1958 1791
2229 1958 1777
1141 1958 1741
6097 1958 1738
2730 1958 1724
1114 1958 1694
1690 1958 1686
41 1958 1679
1269 1958 1670
4415 1958 1647
2597 1958 1642
2261 1958 1614
2799 1958 1605
4855 1958 1599
1518 1958 1566
1803 1958 1432
4693 1958 1404
216 1958 1390
3167 1958 1388
5738 1958 1370
3228 1958 1363
3234 1958 1347
3752 1958 1324
5435 1958 1291
2434 1958 1279
4331 1958 1266
4740 1958 1255
86 1958 1222
3309 1958 1172
100 1958 1101
964 1958 1097
3366 1958 1024
3354 1958 1011
63 1958 895
2635 1958 800
4734 1958 783
4849 1958 751
655 1958 744
171 1958 727
374 1958 712
5346 1958 663
2418 1958 659
4896 1958 613
6086 1958 602
4 1958 590
3416 1958 568
3004 1958 540
5414 1958 526
3427 1958 511
1564 1958 502
4747 1958 470
5382 1958 410
4599 1958 397
2917 1958 385
1236 1958 383
5020 1958 365
4726 1958 361
5838 1958 336
2547 1958 334
445 1958 331
604 1958 321
5879 1958 288
1650 1958 265
1612 1958 251
1586 1958 203
5026 1958 202
997 1958 192
5008 1958 170
2555 1958 99
47 1957 1940
5387 1957 1930
3884 1957 1901
4961 1957 1871
5097 1957 1854
4491 1957 1839
5420 1957 1828
2062 1957 1810
1818 1957 1791
4964 1957 1766
2549 1957 1760
4386 1957 1724
1885 1957 1711
1539 1957 1706
5768 1957 1699
222 1957 1695
1421 1957 1689
3973 1957 1685
4344 1957 1673
2885 1957 1648
4635 1957 1624
3154 1957 1614
4731 1957 1600
1857 1957 1588
2563 1957 1583
4169 1957 1552
2677 1957 1535
1022 1957 1529
4803 1957 1518
5574 1957 1507
5784 1957 1502
2073 1957 1490
3870 1957 1488
4126 1957 1474
665 1957 1458
4064 1957 1448
5615 1957 1426
5766 1957 1400
2475 1957 1368
1916 1957 1363
2710 1957 1359
274 1957 1356
4459 1957 1342
1439 1957 1331
2348 1957 1269
2131 1957 1265
2390 1957 1223
227 1957 1181
4178 1957 1178
750 1957 1169
808 1957 1153
526 1957 1131
1957 1957 1105
6083 1957 974
4264 1957 962
6069 1957 948
4766 1957 793
3346 1957 750
487 1957 745
1389 1957 609
2042 1957 547
5823 1957 536
12 1957 531
4362 1957 482
2682 1957 449
1606 1957 397
215 1957 383
5322 1957 375
985 1957 338
3105 1957 336
5934 1957 332
1105 1957 324
5179 1957 321
3669 1957 317
3002 1957 284
1066 1957 272
5171 1957 245
3413 1957 231
138 1957 211
3595 1957 118
4096 1957 87
6014 1956 1970
2766 1956 1964
3341 1956 1936
3060 1956 1930
5093 1956 1907
1331 1956 1869
835 1956 1825
5553 1956 1778
3604 1956 1718
1156 1956 1698
3754 1956 1691
3828 1956 1682
3861 1956 1669
303 1956 1656
2479 1956 1639
2402 1956 1620
4918 1956 1618
5251 1956 1612
2832 1956 1601
289 1956 1581
2880 1956 1580
5465 1956 1520
3123 1956 1511
394 1956 1495
4834 1956 1491
2315 1956 1483
1825 1956 1474
2408 1956 1454
945 1956 1450
3386 1956 1449
1007 1956 1436
3858 1956 1426
2282 1956 1421
4328 1956 1415
2702 1956 1366
2204 1956 1347
470 1956 1301
73 1956 1259
3648 1956 1239
2920 1956 1199
1451 1956 1185
1599 1956 1090
1966 1956 1080
5633 1956 1069
2678 1956 905
4120 1956 799
5644 1956 763
628 1956 686
1990 1956 634
5937 1956 511
5769 1956 492
3499 1956 485
2196 1956 449
4552 1956 410
1727 1956 377
5267 1956 371
5836 1956 363
6003 1956 361
897 1956 342
1878 1956 301
4262 1956 291
3998 1956 265
4805 1956 263
3593 1956 205
5240 1956 160
5721 1956 152
2670 1956 138
5343 1956 86
1203 1956 53
4190 1956 29
2481 1956 24
5232 1955 1992
3150 1955 1991
2188 1955 1918
1024 1955 1902
817 1955 1888
2697 1955 1882
6089 1955 1870
3708 1955 1862
1112 1955 1842
1561 1955 1836
566 1955 1825
508 1955 1798
3094 1955 1790
548 1955 1770
6152 1955 1741
1794 1955 1732
3480 1955 1728
83 1955 1720
3825 1955 1713
5376 1955 1701
639 1955 1678
2672 1955 1667
912 1955 1665
3859 1955 1658
5639 1955 1652
4575 1955 1572
5953 1955 1530
3508 1955 1520
789 1955 1500
5102 1955 1475
3651 1955 1470
3172 1955 1463
2275 1955 1444
3421 1955 1434
5803 1955 1433
4672 1955 1423
4206 1955 1360
5714 1955 1351
4341 1955 1315
1925 1955 1288
5719 1955 1273
5507 1955 1263
4752 1955 1214
1530 1955 1182
5741 1955 1151
2716 1955 1130
1161 1955 1104
1504 1955 1008
4957 1955 744
3383 1955 666
1416 1955 664
6077 1955 631
4824 1955 618
4977 1955 599
2624 1955 594
5715 1955 575
5984 1955 493
2971 1955 492
1815 1955 459
2152 1955 458
2383 1955 456
2098 1955 448
1934 1955 433
108 1955 423
1426 1955 374
3808 1955 369
4136 1955 357
6224 1955 302
2325 1955 292
5370 1955 268
3514 1955 267
5248 1955 259
4712 1955 228
5873 1955 215
4066 1955 207
5494 1955 199
1455 1955 195
2827 1954 1996
3803 1954 1966
4802 1954 1951
4874 1954 1927
2217 1954 1908
2614 1954 1900
3423 1954 1876
6040 1954 1852
1753 1954 1848
3938 1954 1821
5190 1954 1820
3573 1954 1811
2219 1954 1804
3646 1954 1782
167 1954 1756
1263 1954 1752
4457 1954 1696
2172 1954 1683
2845 1954 1682
2022 1954 1681
6141 1954 1672
369 1954 1667
4818 1954 1612
1409 1954 1610
3955 1954 1567
2359 1954 1553
5432 1954 1546
1788 1954 1543
3174 1954 1536
450 1954 1528
3942 1954 1523
5830 1954 1439
4099 1954 1421
5425 1954 1417
2745 1954 1416
3511 1954 1407
5692 1954 1386
2255 1954 1381
5725 1954 1340
3031 1954 1299
3649 1954 1297
2060 1954 1273
3755 1954 1233
2400 1954 1225
6049 1954 1224
4319 1954 1205
472 1954 1197
2651 1954 1125
3254 1954 1061
1810 1954 1060
878 1954 936
3686 1954 921
1542 1954 857
4612 1954 843
1829 1954 708
2403 1954 675
5829 1954 659
4563 1954 588
349 1954 585
1118 1954 580
4962 1954 563
4553 1954 559
3027 1954 555
5962 1954 545
799 1954 544
3954 1954 521
3597 1954 505
1329 1954 494
4482 1954 474
2830 1954 464
3342 1954 415
395 1954 362
2495 1954 339
5585 1954 330
2239 1954 317
5455 1954 316
5887 1954 308
1401 1954 291
2263 1954 266
1846 1954 255
184 1954 237
4260 1954 167
2657 1954 163
4634 1954 156
5292 1954 121
4604 1954 91
4669 1953 1956
3737 1953 1943
2440 1953 1936
1560 1953 1897
2569 1953 1863
321 1953 1862
2683 1953 1854
567 1953 1839
6139 1953 1803
1202 1953 1799
4610 1953 1767
4241 1953 1762
2589 1953 1734
3580 1953 1732
4516 1953 1714
3414 1953 1706
2335 1953 1682
999 1953 1674
1130 1953 1652
3202 1953 1645
5591 1953 1640
2794 1953 1615
2740 1953 1607
3038 1953 1600
1621 1953 1599
1427 1953 1598
549 1953 1568
4518 1953 1561
1454 1953 1549
271 1953 1543
3589 1953 1533
1358 1953 1513
2972 1953 1512
4837 1953 1502
8 1953 1495
29 1953 1483
1463 1953 1466
5011 1953 1460
3700 1953 1407
1570 1953 1402
2256 1953 1397
5115 1953 1379
272 1953 1376
1638 1953 1327
4075 1953 1317
3667 1953 1314
4674 1953 1268
4299 1953 1261
1551 1953 1239
2313 1953 1222
2363 1953 1216
4412 1953 1214
4399 1953 1211
502 1953 1209
4284 1953 1186
1411 1953 1144
4378 1953 1136
3571 1953 1132
1151 1953 1131
2727 1953 1130
5722 1953 1115
5348 1953 1083
1962 1953 1065
4729 1953 1021
1961 1953 966
616 1953 958
497 1953 830
5619 1953 771
4593 1953 766
3904 1953 754
1040 1953 701
5877 1953 679
1988 1953 667
624 1953 533
4430 1953 496
5431 1953 477
4639 1953 475
3914 1953 473
212 1953 468
4141 1953 452
3501 1953 428
3321 1953 418
865 1953 394
3876 1953 356
4447 1953 351
5161 1953 205
107 1953 167
5377 1953 132
4150 1953 92
2046 1952 1969
5140 1952 1955
4656 1952 1927
627 1952 1894
1399 1952 1886
2804 1952 1882
786 1952 1880
4027 1952 1872
3728 1952 1861
1342 1952 1838
4403 1952 1811
932 1952 1786
1289 1952 1765
1206 1952 1763
4526 1952 1739
531 1952 1731
3223 1952 1712
4162 1952 1692
674 1952 1688
995 1952 1681
772 1952 1665
2802 1952 1663
4414 1952 1651
3839 1952 1650
322 1952 1647
716 1952 1634
4201 1952 1616
4442 1952 1612
4963 1952 1611
2470 1952 1598
3424 1952 1588
6188 1952 1587
3246 1952 1572
4895 1952 1560
3072 1952 1555
2860 1952 1548
1250 1952 1506
6071 1952 1487
4510 1952 1428
2150 1952 1410
958 1952 1407
3599 1952 1371
5213 1952 1366
4648 1952 1351
5693 1952 1343
1840 1952 1337
2291 1952 1323
5883 1952 1318
1266 1952 1282
3470 1952 1243
4786 1952 1241
2008 1952 1204
5162 1952 1192
2632 1952 1170
2290 1952 1113
203 1952 1015
1826 1952 1009
3844 1952 910
430 1952 831
2636 1952 819
4400 1952 809
3488 1952 797
1275 1952 750
5083 1952 722
6044 1952 720
4821 1952 658
3531 1952 608
2505 1952 586
285 1952 569
670 1952 550
5474 1952 457
1231 1952 453
81 1952 438
1166 1952 422
4958 1952 415
3564 1952 389
2154 1952 372
5 1952 321
125 1952 303
4086 1952 269
2599 1952 239
2706 1952 236
4068 1952 208
1699 1952 193
540 1952 139
149 1952 107
3632 1952 60
4804 1952 39
291 1951 1937
3572 1951 1936
4499 1951 1928
1898 1951 1924
4273 1951 1916
2552 1951 1912
1997 1951 1899
1381 1951 1881
5812 1951 1846
3871 1951 1839
1364 1951 1833
1087 1951 1794
1816 1951 1777
695 1951 1775
5234 1951 1755
3096 1951 1732
231 1951 1716
4647 1951 1708
254 1951 1703
5663 1951 1685
2165 1951 1682
6073 1951 1651
791 1951 1637
3062 1951 1633
5158 1951 1629
3211 1951 1622
4857 1951 1612
6164 1951 1601
4617 1951 1576
3299 1951 1575
158 1951 1543
2366 1951 1542
1951 1951 1531
1122 1951 1503
2738 1951 1476
2511 1951 1451
1320 1951 1396
4777 1951 1394
3399 1951 1367
3227 1951 1362
5135 1951 1357
3018 1951 1311
1787 1951 1304
5640 1951 1277
4871 1951 1238
989 1951 1228
5509 1951 1224
3304 1951 1188
4176 1951 1036
404 1951 957
4188 1951 922
1395 1951 920
2798 1951 822
927 1951 752
6230 1951 720
3143 1951 703
4572 1951 667
3195 1951 652
923 1951 641
5606 1951 612
3300 1951 571
4535 1951 562
645 1951 539
2300 1951 538
5423 1951 531
1836 1951 482
3935 1951 429
500 1951 416
4213 1951 407
122 1951 393
134 1951 334
191 1951 331
3460 1951 330
208 1951 327
4226 1951 325
2703 1951 276
1242 1951 271
4023 1951 251
2024 1951 228
917 1951 172
3451 1951 166
2043 1951 151
3239 1951 141
5045 1951 121
5189 1951 112
4549 1951 55
5325 1951 46
2439 1950 1997
3626 1950 1983
1470 1950 1980
3568 1950 1917
768 1950 1860
4581 1950 1853
1548 1950 1851
4640 1950 1823
5442 1950 1817
4268 1950 1787
2785 1950 1777
1766 1950 1773
3598 1950 1762
1677 1950 1755
4037 1950 1724
2652 1950 1708
4479 1950 1707
3561 1950 1702
4183 1950 1681
2139 1950 1667
2191 1950 1660
1011 1950 1647
5625 1950 1645
584 1950 1636
3322 1950 1633
920 1950 1625
4564 1950 1611
2199 1950 1608
2892 1950 1604
3279 1950 1599
5111 1950 1597
832 1950 1593
2808 1950 1589
5358 1950 1561
4171 1950 1514
3438 1950 1489
3502 1950 1467
4285 1950 1459
1062 1950 1401
4230 1950 1384
2840 1950 1343
2405 1950 1338
4312 1950 1325
5464 1950 1304
1768 1950 1239
4101 1950 1213
175 1950 1001
966 1950 959
2924 1950 957
1514 1950 911
1636 1950 822
3217 1950 776
5299 1950 768
2819 1950 766
4606 1950 736
810 1950 728
5357 1950 701
1285 1950 663
5681 1950 655
2399 1950 635
4031 1950 621
3051 1950 613
2387 1950 606
4788 1950 552
1977 1950 532
853 1950 525
1170 1950 523
2986 1950 515
2184 1950 508
1391 1950 505
991 1950 474
3602 1950 471
4608 1950 468
34 1950 463
571 1950 456
4209 1950 386
3128 1950 329
1019 1950 322
3149 1950 313
4630 1950 298
2536 1950 285
263 1950 250
5610 1950 219
2375 1950 197
2539 1950 178
2714 1950 129
5733 1950 63
4947 1950 16
511 1949 1979
3807 1949 1928
4346 1949 1895
1704 1949 1865
1344 1949 1835
182 1949 1825
3972 1949 1780
6009 1949 1779
3569 1949 1753
5986 1949 1749
2036 1949 1712
5544 1949 1643
1150 1949 1625
475 1949 1621
1682 1949 1599
4771 1949 1541
6065 1949 1535
5015 1949 1501
3220 1949 1494
1595 1949 1479
4234 1949 1445
781 1949 1439
2976 1949 1395
270 1949 1391
795 1949 1364
4471 1949 1345
1396 1949 1336
2784 1949 1299
924 1949 1256
330 1949 1247
2013 1949 1223
2132 1949 1188
3620 1949 1151
2828 1949 1104
5281 1949 1037
3679 1949 955
3787 1949 899
3682 1949 897
2545 1949 812
2520 1949 810
368 1949 799
5422 1949 796
3721 1949 757
505 1949 730
744 1949 587
5794 1949 586
5919 1949 542
4046 1949 535
4394 1949 523
973 1949 501
1014 1949 487
442 1949 472
2691 1949 468
5154 1949 460
145 1949 455
6093 1949 404
1473 1949 367
6159 1949 363
949 1949 354
3905 1949 327
1918 1949 318
5060 1949 317
1 1949 314
3730 1949 282
5558 1949 277
621 1949 251
1212 1949 248
633 1949 238
5787 1949 232
1233 1949 207
2811 1949 180
3688 1949 174
1217 1949 151
4300 1949 142
5270 1949 65
89 1949 41
1035 1949 35
3245 1949 6
4676 1948 1966
3056 1948 1896
2322 1948 1840
1585 1948 1838
5645 1948 1831
6166 1948 1806
650 1948 1796
213 1948 1789
5846 1948 1742
473 1948 1713
3066 1948 1709
2571 1948 1697
1031 1948 1695
4801 1948 1658
1117 1948 1650
2849 1948 1643
4909 1948 1629
153 1948 1622
1432 1948 1620
5708 1948 1618
3610 1948 1604
5897 1948 1585
2061 1948 1574
148 1948 1573
1200 1948 1563
3526 1948 1562
4546 1948 1560
3118 1948 1519
262 1948 1513
308 1948 1498
452 1948 1490
2645 1948 1473
518 1948 1461
693 1948 1456
4533 1948 1431
3615 1948 1414
6171 1948 1411
2591 1948 1384
4196 1948 1372
4391 1948 1362
1417 1948 1339
3126 1948 1312
3833 1948 1311
612 1948 1303
5133 1948 1289
4494 1948 1273
3284 1948 1270
773 1948 1250
952 1948 1240
2534 1948 1226
4953 1948 1201
3698 1948 1155
4862 1948 1125
5975 1948 1101
474 1948 1074
986 1948 1033
1013 1948 1022
565 1948 981
6144 1948 963
4222 1948 763
6219 1948 739
2732 1948 668
4369 1948 654
3298 1948 644
4102 1948 640
703 1948 633
826 1948 624
886 1948 618
2595 1948 589
2369 1948 579
2397 1948 575
252 1948 563
5243 1948 547
3463 1948 530
2326 1948 526
4792 1948 499
2066 1948 495
5203 1948 487
4432 1948 464
5231 1948 454
4707 1948 444
4322 1948 425
4232 1948 424
2050 1948 411
1095 1948 406
3699 1948 391
2565 1948 372
1730 1948 356
1600 1948 308
2393 1948 301
5881 1948 291
824 1948 281
4392 1948 279
2543 1948 261
1359 1948 254
2169 1948 222
5001 1948 218
1821 1948 189
2254 1948 176
4705 1948 156
1575 1948 127
5827 1948 121
141 1948 111
1010 1948 38
2888 1948 37
4506 1947 1919
3127 1947 1909
5250 1947 1894
5309 1947 1889
2990 1947 1861
4380 1947 1855
1587 1947 1850
2108 1947 1841
3323 1947 1816
4851 1947 1781
2649 1947 1764
2962 1947 1757
4782 1947 1752
5476 1947 1738
4045 1947 1735
1811 1947 1731
1376 1947 1674
1569 1947 1667
2510 1947 1663
2296 1947 1601
1973 1947 1569
4746 1947 1555
5932 1947 1536
1038 1947 1528
724 1947 1513
811 1947 1491
5496 1947 1482
992 1947 1452
2213 1947 1448
3557 1947 1426
5289 1947 1403
5654 1947 1400
4065 1947 1372
3516 1947 1366
4799 1947 1352
5469 1947 1351
4748 1947 1343
5514 1947 1339
5922 1947 1333
427 1947 1329
2003 1947 1285
1519 1947 1264
4596 1947 1247
373 1947 1245
5034 1947 1244
1489 1947 1242
5542 1947 1209
2937 1947 1196
426 1947 1186
267 1947 830
813 1947 796
3766 1947 772
235 1947 655
2168 1947 654
3549 1947 622
3767 1947 617
4016 1947 599
4441 1947 588
5611 1947 567
5581 1947 540
5224 1947 529
6179 1947 514
1721 1947 500
4195 1947 429
2081 1947 374
1911 1947 366
3481 1947 344
3991 1947 339
1667 1947 337
1626 1947 306
4605 1947 256
2345 1947 250
4489 1947 232
5772 1947 226
72 1947 206
5089 1947 173
4832 1947 168
2580 1947 106
573 1947 34
2441 1946 1953
277 1946 1896
3375 1946 1872
2083 1946 1869
4571 1946 1844
2631 1946 1815
1120 1946 1806
4419 1946 1798
172 1946 1795
5999 1946 1793
3716 1946 1784
2801 1946 1758
4607 1946 1734
2332 1946 1725
3953 1946 1695
4239 1946 1640
2537 1946 1629
2211 1946 1619
3694 1946 1616
179 1946 1593
5211 1946 1573
1408 1946 1560
946 1946 1509
1410 1946 1493
4565 1946 1491
4408 1946 1482
4773 1946 1477
5870 1946 1457
5547 1946 1414
5723 1946 1388
5280 1946 1386
5112 1946 1370
3627 1946 1369
5963 1946 1350
432 1946 1345
4032 1946 1301
560 1946 1266
1398 1946 1186
950 1946 1167
5072 1946 1119
3473 1946 1092
5013 1946 1059
3794 1946 1024
5253 1946 997
2347 1946 883
1672 1946 830
1922 1946 796
1643 1946 786
1765 1946 777
4930 1946 772
715 1946 750
1823 1946 706
1081 1946 642
720 1946 628
3048 1946 599
82 1946 581
260 1946 580
257 1946 458
2018 1946 431
1913 1946 429
5242 1946 421
2448 1946 414
1757 1946 404
5255 1946 390
65 1946 389
2445 1946 381
292 1946 366
436 1946 334
1559 1946 322
921 1946 274
1167 1946 254
1003 1946 237
4433 1946 199
5134 1946 155
2715 1946 89
4566 1946 72
3949 1945 1967
3921 1945 1932
3445 1945 1917
1351 1945 1904
237 1945 1903
3874 1945 1876
1634 1945 1844
2898 1945 1840
3862 1945 1839
5735 1945 1830
351 1945 1813
3960 1945 1791
1579 1945 1779
4722 1945 1752
882 1945 1738
2324 1945 1737
2681 1945 1727
4117 1945 1705
3069 1945 1699
1378 1945 1697
5099 1945 1667
762 1945 1645
1521 1945 1641
6126 1945 1585
3661 1945 1557
1952 1945 1537
5347 1945 1524
3847 1945 1500
6236 1945 1467
873 1945 1457
4294 1945 1448
1642 1945 1416
4570 1945 1400
1229 1945 1395
5142 1945 1393
846 1945 1381
348 1945 1332
5806 1945 1236
298 1945 1214
6120 1945 1178
5005 1945 1127
365 1945 1076
3388 1945 981
4434 1945 933
2311 1945 924
5990 1945 818
3091 1945 772
120 1945 762
5629 1945 759
6193 1945 713
2423 1945 683
2480 1945 671
5401 1945 668
2721 1945 662
5959 1945 643
4449 1945 618
3261 1945 616
5765 1945 614
503 1945 551
147 1945 538
4791 1945 529
2882 1945 463
3170 1945 440
6123 1945 407
5106 1945 395
1799 1945 352
4286 1945 250
3070 1945 229
2751 1945 199
6231 1945 192
3854 1945 173
620 1945 170
1154 1945 80
1093 1945 72
4798 1944 1955
2586 1944 1950
3219 1944 1927
6029 1944 1909
4112 1944 1905
3293 1944 1778
2933 1944 1773
5052 1944 1771
3725 1944 1770
293 1944 1766
3456 1944 1753
2638 1944 1728
748 1944 1684
4266 1944 1651
1162 1944 1628
586 1944 1619
1804 1944 1612
5696 1944 1600
1030 1944 1593
3796 1944 1592
5027 1944 1591
4925 1944 1572
5023 1944 1544
6168 1944 1543
1984 1944 1496
617 1944 1491
1775 1944 1468
3131 1944 1441
4845 1944 1419
730 1944 1411
5712 1944 1382
5062 1944 1380
5164 1944 1341
5186 1944 1338
3050 1944 1326
1123 1944 1260
3652 1944 1221
5447 1944 1187
94 1944 1110
1356 1944 1080
1354 1944 1075
5649 1944 1062
2049 1944 1043
4410 1944 981
1780 1944 975
841 1944 911
3892 1944 782
152 1944 780
4587 1944 752
5017 1944 616
5888 1944 590
4843 1944 569
4819 1944 552
3678 1944 547
5760 1944 541
829 1944 517
3674 1944 508
667 1944 501
546 1944 494
5033 1944 468
1178 1944 444
3842 1944 415
4054 1944 411
5202 1944 381
415 1944 349
2411 1944 343
4021 1944 334
664 1944 323
4484 1944 322
4853 1944 309
2506 1944 273
414 1944 224
3797 1944 202
6202 1944 186
2068 1944 184
2333 1944 176
5666 1944 159
5454 1944 158
5285 1944 155
948 1944 149
4949 1944 59
2522 1944 44
5206 1944 0
4592 1943 1986
2299 1943 1970
5470 1943 1965
5264 1943 1959
3835 1943 1928
4025 1943 1899
2889 1943 1856
5954 1943 1841
1126 1943 1831
4240 1943 1817
1039 1943 1808
827 1943 1793
4838 1943 1770
1291 1943 1756
3806 1943 1744
4662 1943 1739
998 1943 1694
1082 1943 1685
3358 1943 1680
355 1943 1666
6048 1943 1664
4121 1943 1659
5288 1943 1604
183 1943 1594
3813 1943 1582
5321 1943 1578
5996 1943 1574
4316 1943 1556
5813 1943 1541
1437 1943 1514
1697 1943 1510
5706 1943 1506
2053 1943 1504
5931 1943 1500
154 1943 1497
6245 1943 1488
3809 1943 1450
849 1943 1449
3054 1943 1439
3696 1943 1436
4631 1943 1420
1662 1943 1413
1370 1943 1410
5487 1943 1403
3601 1943 1386
4478 1943 1381
1835 1943 1331
4313 1943 1316
706 1943 1201
5634 1943 1054
5500 1943 993
5400 1943 843
5993 1943 795
6210 1943 775
2728 1943 682
1205 1943 681
3717 1943 640
5239 1943 639
974 1943 611
4716 1943 606
5911 1943 522
646 1943 517
4128 1943 486
5181 1943 357
3238 1943 318
5647 1943 302
568 1943 247
3616 1943 210
1055 1943 208
4706 1943 206
4165 1943 183
1709 1943 158
5156 1943 153
1456 1943 148
2126 1943 141
3608 1943 118
4396 1943 98
4153 1943 63
1419 1943 31
2556 1943 21
1716 1942 1989
342 1942 1984
4955 1942 1959
1715 1942 1901
654 1942 1886
559 1942 1871
3138 1942 1801
2070 1942 1786
1461 1942 1753
752 1942 1752
3745 1942 1730
4641 1942 1713
1234 1942 1712
5341 1942 1704
844 1942 1686
74 1942 1667
1936 1942 1652
4043 1942 1642
433 1942 1613
4426 1942 1596
5991 1942 1590
2272 1942 1588
4375 1942 1566
5360 1942 1565
4083 1942 1544
1182 1942 1537
5843 1942 1531
2684 1942 1498
3778 1942 1495
5411 1942 1460
39 1942 1459
4160 1942 1448
1443 1942 1423
4383 1942 1411
5059 1942 1377
3462 1942 1357
1954 1942 1352
2863 1942 1348
4355 1942 1308
1077 1942 1298
5552 1942 1289
2197 1942 1285
6151 1942 1208
5410 1942 1179
5539 1942 1137
4975 1942 1061
4982 1942 1055
4372 1942 935
3173 1942 911
5175 1942 886
5680 1942 813
1363 1942 715
4960 1942 681
448 1942 664
304 1942 601
5086 1942 589
3614 1942 565
1748 1942 550
493 1942 512
5992 1942 494
2583 1942 488
692 1942 426
2153 1942 411
2756 1942 401
3761 1942 389
2269 1942 376
1927 1942 373
2941 1942 356
4287 1942 347
1098 1942 321
2460 1942 313
5459 1942 280
1890 1942 263
4719 1942 260
5012 1942 231
1526 1942 221
3719 1942 217
2626 1942 188
2923 1942 184
3738 1942 177
2711 1942 122
1402 1942 118
2977 1942 89
5746 1942 27
1731 1941 1974
2904 1941 1973
2143 1941 1963
6082 1941 1933
1115 1941 1895
593 1941 1849
2486 1941 1840
2521 1941 1837
2136 1941 1834
5951 1941 1806
5817 1941 1787
3429 1941 1781
5837 1941 1769
2001 1941 1718
2198 1941 1712
3970 1941 1665
591 1941 1650
3206 1941 1649
4562 1941 1641
5019 1941 1623
4578 1941 1611
1843 1941 1561
1929 1941 1551
1258 1941 1539
3278 1941 1524
4187 1941 1502
3908 1941 1484
84 1941 1472
4042 1941 1441
504 1941 1411
438 1941 1383
2182 1941 1301
5968 1941 1291
3529 1941 1289
3705 1941 1280
4643 1941 1268
185 1941 1213
4585 1941 1176
5404 1941 1163
4813 1941 1144
3780 1941 1137
4772 1941 1040
4761 1941 969
1027 1941 875
5646 1941 863
3585 1941 853
3500 1941 809
389 1941 803
2469 1941 763
2936 1941 635
2810 1941 631
3710 1941 630
5679 1941 628
2052 1941 592
225 1941 562
4103 1941 538
3528 1941 530
2464 1941 514
770 1941 475
5682 1941 432
5821 1941 426
5637 1941 368
5149 1941 343
5277 1941 319
4379 1941 291
5041 1941 280
4614 1941 263
4177 1941 229
3303 1941 187
4060 1941 178
2175 1941 174
3308 1941 170
2483 1941 138
2316 1941 137
2813 1941 125
2412 1941 117
557 1941 22
583 1940 1998
1785 1940 1996
2388 1940 1989
3915 1940 1980
4976 1940 1947
3008 1940 1929
4334 1940 1911
1070 1940 1901
6220 1940 1892
3628 1940 1884
4109 1940 1860
754 1940 1846
6208 1940 1805
4994 1940 1792
5188 1940 1785
5627 1940 1768
3894 1940 1766
3305 1940 1752
4620 1940 1731
4820 1940 1716
3253 1940 1689
1172 1940 1682
496 1940 1666
3827 1940 1663
3392 1940 1647
1018 1940 1636
4118 1940 1634
3928 1940 1624
4013 1940 1607
1246 1940 1603
5393 1940 1601
2792 1940 1591
2796 1940 1569
1153 1940 1566
3988 1940 1547
5413 1940 1515
3205 1940 1476
5970 1940 1452
3743 1940 1440
5761 1940 1438
6011 1940 1423
4665 1940 1421
2839 1940 1404
2125 1940 1402
4776 1940 1391
4543 1940 1368
890 1940 1352
4733 1940 1337
190 1940 1281
4582 1940 1255
4259 1940 1162
422 1940 1154
2806 1940 1090
5690 1940 1089
3742 1940 1038
2578 1940 1035
4067 1940 1011
3978 1940 970
3093 1940 924
1365 1940 910
87 1940 843
1702 1940 813
1332 1940 787
3255 1940 743
6239 1940 695
3641 1940 692
3857 1940 680
1029 1940 667
5906 1940 569
4621 1940 552
1020 1940 533
4697 1940 524
5860 1940 505
6054 1940 424
1091 1940 415
2938 1940 398
4091 1940 397
2978 1940 391
3361 1940 381
4986 1940 343
1469 1940 325
4056 1940 321
5854 1940 292
2859 1940 231
5339 1940 210
698 1940 196
1947 1940 101
5795 1940 68
2428 1940 36
972 1940 11
4967 1939 1962
5802 1939 1954
140 1939 1932
3270 1939 1922
4660 1939 1904
5148 1939 1882
1912 1939 1868
2075 1939 1856
5070 1939 1826
4468 1939 1809
5929 1939 1791
2744 1939 1770
2758 1939 1763
2122 1939 1759
3877 1939 1751
1797 1939 1748
5779 1939 1744
3490 1939 1742
1049 1939 1719
5183 1939 1669
899 1939 1656
193 1939 1634
4891 1939 1626
4922 1939 1612
3718 1939 1587
3033 1939 1578
144 1939 1563
3841 1939 1549
5863 1939 1531
1802 1939 1503
4858 1939 1485
5709 1939 1459
2319 1939 1420
828 1939 1344
3582 1939 1320
5525 1939 1314
975 1939 1296
3452 1939 1294
174 1939 1279
1360 1939 1245
3980 1939 1237
845 1939 1230
4073 1939 1180
3897 1939 1160
2476 1939 1150
491 1939 1135
4041 1939 1005
5215 1939 938
2115 1939 914
4695 1939 841
1527 1939 817
5788 1939 718
1385 1939 705
2422 1939 692
361 1939 684
197 1939 669
5118 1939 615
4277 1939 594
4717 1939 550
5434 1939 537
5671 1939 449
1762 1939 444
5369 1939 442
4789 1939 436
486 1939 423
1576 1939 390
1425 1939 361
5566 1939 359
4580 1939 353
1949 1939 352
3 1939 348
1781 1939 335
6128 1939 324
306 1939 287
2707 1939 282
1904 1939 277
1689 1939 274
5580 1939 235
249 1939 170
2619 1939 136
3116 1939 134
3256 1939 120
510 1939 107
4912 1939 77
5187 1939 28
4092 1938 1997
2208 1938 1994
2909 1938 1982
4456 1938 1966
1986 1938 1946
1383 1938 1851
5923 1938 1839
2809 1938 1837
5995 1938 1805
2034 1938 1795
3145 1938 1782
1260 1938 1743
4704 1938 1728
2186 1938 1724
4683 1938 1677
2891 1938 1664
2743 1938 1642
3775 1938 1640
3420 1938 1612
1568 1938 1606
3007 1938 1599
5942 1938 1588
5254 1938 1580
700 1938 1570
4421 1938 1540
960 1938 1536
4384 1938 1518
3740 1938 1497
1418 1938 1434
3647 1938 1429
4438 1938 1428
3089 1938 1395
2731 1938 1350
2310 1938 1336
4915 1938 1309
268 1938 1298
3836 1938 1218
6194 1938 1209
131 1938 1157
2568 1938 1142
5530 1938 996
4611 1938 995
2148 1938 991
822 1938 990
3712 1938 960
2735 1938 881
2846 1938 866
3594 1938 748
4749 1938 714
1067 1938 708
6155 1938 684
1719 1938 676
5867 1938 648
105 1938 646
1653 1938 643
3723 1938 634
554 1938 625
4907 1938 591
1193 1938 575
556 1938 523
743 1938 508
5819 1938 493
5847 1938 471
5043 1938 463
861 1938 436
1097 1938 419
2380 1938 388
4307 1938 383
3347 1938 346
421 1938 326
3373 1938 301
5950 1938 273
4827 1938 264
2285 1938 228
5941 1938 219
314 1938 160
4359 1938 112
4514 1938 106
3099 1938 73
4568 1938 28
2344 1937 1950
5332 1937 1947
717 1937 1911
6098 1937 1866
5405 1937 1861
4609 1937 1805
35 1937 1784
3703 1937 1779
1852 1937 1747
5354 1937 1737
4306 1937 1730
3773 1937 1703
4480 1937 1670
5771 1937 1658
4142 1937 1655
587 1937 1643
5169 1937 1641
4574 1937 1600
4780 1937 1594
736 1937 1582
1507 1937 1573
2250 1937 1571
2890 1937 1567
2307 1937 1543
797 1937 1536
3587 1937 1503
918 1937 1493
6016 1937 1462
1247 1937 1424
5438 1937 1416
408 1937 1406
1978 1937 1389
541 1937 1368
469 1937 1351
1563 1937 1350
767 1937 1333
5014 1937 1319
5600 1937 1294
4554 1937 1232
2708 1937 1229
5905 1937 1193
659 1937 1190
4730 1937 1183
1554 1937 1170
343 1937 1080
2089 1937 1072
5774 1937 951
5880 1937 912
1224 1937 902
5373 1937 890
5397 1937 831
1116 1937 829
2223 1937 725
3993 1937 716
4305 1937 658
4144 1937 638
5786 1937 597
2384 1937 503
1502 1937 493
4147 1937 489
206 1937 432
2117 1937 427
872 1937 392
1377 1937 390
2579 1937 386
61 1937 380
4721 1937 379
5392 1937 350
911 1937 325
733 1937 312
1763 1937 288
2382 1937 274
5226 1937 268
3371 1937 227
362 1937 200
971 1937 190
3638 1937 147
2570 1937 145
1076 1937 127
1132 1937 122
888 1937 37
1259 1936 1982
990 1936 1957
5308 1936 1947
3085 1936 1926
4204 1936 1873
4113 1936 1870
2761 1936 1847
5971 1936 1838
4527 1936 1830
5381 1936 1805
6156 1936 1803
3476 1936 1792
2487 1936 1789
3933 1936 1784
326 1936 1780
2076 1936 1777
1509 1936 1750
2218 1936 1724
5055 1936 1694
2023 1936 1670
5402 1936 1645
1833 1936 1642
1506 1936 1633
2297 1936 1631
3818 1936 1624
2478 1936 1597
509 1936 1594
590 1936 1581
1428 1936 1572
2063 1936 1543
3505 1936 1527
3966 1936 1526
3457 1936 1514
3566 1936 1475
381 1936 1474
5090 1936 1453
339 1936 1451
3251 1936 1432
4080 1936 1431
4149 1936 1407
5704 1936 1382
4521 1936 1361
2232 1936 1348
1012 1936 1347
6147 1936 1338
1960 1936 1312
2942 1936 1288
3412 1936 1247
5406 1936 1245
3496 1936 1227
5801 1936 1225
1680 1936 1211
2886 1936 1192
2660 1936 1170
5651 1936 1141
6255 1936 1049
3977 1936 1001
2459 1936 908
4140 1936 839
2082 1936 769
2488 1936 748
951 1936 742
5642 1936 733
5513 1936 722
5071 1936 711
1072 1936 684
384 1936 645
5595 1936 638
5192 1936 625
3316 1936 617
3368 1936 562
2466 1936 557
6012 1936 532
2554 1936 516
1191 1936 501
299 1936 474
1903 1936 457
5128 1936 437
2472 1936 414
5842 1936 385
2834 1936 368
6122 1936 365
358 1936 364
2763 1936 348
4797 1936 344
4544 1936 301
3078 1936 236
3551 1936 221
3887 1936 207
2212 1936 168
4005 1936 161
2919 1936 157
1152 1936 151
3345 1936 80
3314 1935 1966
241 1935 1870
1127 1935 1808
3609 1935 1805
3562 1935 1774
3160 1935 1722
5079 1935 1718
709 1935 1664
3044 1935 1644
5587 1935 1633
233 1935 1617
4928 1935 1612
402 1935 1609
188 1935 1597
3722 1935 1587
2 1935 1570
1921 1935 1563
4677 1935 1561
5150 1935 1556
37 1935 1531
3265 1935 1526
1209 1935 1515
4387 1935 1453
516 1935 1430
2262 1935 1409
638 1935 1378
3899 1935 1373
3676 1935 1359
3377 1935 1315
1063 1935 1299
5471 1935 1283
3795 1935 1210
3709 1935 1127
3224 1935 1086
4500 1935 1075
443 1935 918
3430 1935 915
3097 1935 743
5101 1935 730
2099 1935 710
4208 1935 699
307 1935 695
5174 1935 688
2096 1935 652
737 1935 647
5608 1935 644
4657 1935 637
4154 1935 624
4591 1935 618
5366 1935 539
5734 1935 523
3882 1935 519
5209 1935 511
3465 1935 501
4055 1935 499
3397 1935 460
1891 1935 445
4081 1935 434
2947 1935 420
4688 1935 384
1899 1935 340
788 1935 322
1807 1935 282
4283 1935 278
807 1935 265
5326 1935 256
2760 1935 252
3109 1935 249
1670 1935 243
1932 1935 238
5295 1935 235
5814 1935 231
166 1935 174
3873 1935 150
5461 1935 135
4123 1935 116
5152 1935 99
2787 1935 43
1346 1935 6
441 1934 1981
6203 1934 1954
3690 1934 1899
5024 1934 1867
119 1934 1853
4559 1934 1847
4745 1934 1833
5022 1934 1813
4098 1934 1780
4767 1934 1774
5683 1934 1764
4929 1934 1756
524 1934 1755
5324 1934 1748
3840 1934 1743
2696 1934 1729
3013 1934 1728
444 1934 1710
2432 1934 1708
3336 1934 1701
2409 1934 1691
2244 1934 1678
3426 1934 1672
2824 1934 1659
1692 1934 1655
3225 1934 1651
2837 1934 1641
928 1934 1637
4095 1934 1631
5955 1934 1626
2289 1934 1625
1693 1934 1620
2086 1934 1601
1478 1934 1588
3555 1934 1465
2610 1934 1455
3584 1934 1414
5297 1934 1405
2762 1934 1383
2242 1934 1374
2544 1934 1342
5460 1934 1339
3363 1934 1319
5427 1934 1288
4992 1934 1285
3576 1934 1283
3349 1934 1221
5473 1934 1171
1053 1934 1140
968 1934 962
5695 1934 958
387 1934 867
1338 1934 866
5486 1934 823
1845 1934 691
4501 1934 642
340 1934 622
3800 1934 619
6213 1934 570
1945 1934 566
456 1934 550
4702 1934 526
2354 1934 508
2095 1934 498
837 1934 491
3956 1934 444
6174 1934 419
3378 1934 356
3120 1934 342
4475 1934 323
1711 1934 318
4308 1934 316
3433 1934 292
25 1934 250
3165 1934 243
1540 1934 241
146 1934 227
6111 1934 224
802 1934 171
1222 1934 96
4235 1934 31
1516 1933 1913
1210 1933 1872
1651 1933 1861
1884 1933 1854
555 1933 1852
4785 1933 1846
1125 1933 1843
729 1933 1827
5770 1933 1817
2950 1933 1806
2816 1933 1795
4985 1933 1760
4670 1933 1725
935 1933 1722
943 1933 1710
3214 1933 1705
6253 1933 1687
2072 1933 1651
4320 1933 1633
850 1933 1618
980 1933 1587
5889 1933 1580
2020 1933 1561
4354 1933 1559
3171 1933 1543
683 1933 1491
6105 1933 1490
1294 1933 1484
600 1933 1482
2214 1933 1476
1582 1933 1471
956 1933 1417
5084 1933 1413
2114 1933 1361
6251 1933 1351
2676 1933 1334
3822 1933 1331
1596 1933 1308
2195 1933 1159
3981 1933 1136
4353 1933 1120
3898 1933 1104
3924 1933 1006
3285 1933 995
4297 1933 957
996 1933 945
2420 1933 919
5274 1933 863
2202 1933 837
4200 1933 810
3727 1933 780
2492 1933 775
1752 1933 720
2987 1933 703
2699 1933 694
4216 1933 627
3032 1933 596
1678 1933 589
969 1933 588
1393 1933 582
3053 1933 542
5926 1933 528
4910 1933 474
779 1933 465
2817 1933 458
631 1933 427
2252 1933 408
5825 1933 361
4636 1933 339
5356 1933 294
1017 1933 292
840 1933 278
4435 1933 277
796 1933 258
3527 1933 241
2149 1933 205
4405 1933 203
774 1933 197
3591 1933 113
2360 1932 1917
2582 1932 1884
4892 1932 1877
280 1932 1833
2235 1932 1826
5590 1932 1825
494 1932 1780
316 1932 1759
5223 1932 1756
3259 1932 1750
4486 1932 1745
1741 1932 1737
5221 1932 1727
2690 1932 1718
4440 1932 1681
3713 1932 1635
4157 1932 1612
5244 1932 1583
4318 1932 1578
1722 1932 1566
3860 1932 1539
597 1932 1522
2642 1932 1519
1995 1932 1507
1948 1932 1499
5660 1932 1498
2002 1932 1483
3891 1932 1477
5822 1932 1474
2821 1932 1469
2330 1932 1395
5917 1932 1389
2836 1932 1373
4448 1932 1366
1465 1932 1354
4511 1932 1351
904 1932 1338
4917 1932 1336
1089 1932 1329
4836 1932 1311
4768 1932 1184
5546 1932 1154
3187 1932 1029
2248 1932 741
246 1932 729
3264 1932 705
483 1932 700
2605 1932 687
5138 1932 666
979 1932 633
3644 1932 616
1268 1932 531
1976 1932 529
1879 1932 526
1295 1932 504
3760 1932 458
1165 1932 435
3043 1932 359
4711 1932 269
2759 1932 258
987 1932 247
2453 1932 236
5538 1932 235
2356 1932 209
5450 1932 193
3790 1932 181
5874 1932 180
2278 1932 159
2807 1932 146
3607 1932 80
6131 1932 39
5157 1931 1973
5871 1931 1925
1462 1931 1914
2612 1931 1855
2194 1931 1840
2450 1931 1824
977 1931 1817
1501 1931 1784
2113 1931 1779
4615 1931 1763
2577 1931 1761
4931 1931 1751
563 1931 1746
4194 1931 1739
5200 1931 1734
3319 1931 1710
3102 1931 1694
3848 1931 1682
214 1931 1668
644 1931 1654
889 1931 1643
5439 1931 1628
896 1931 1626
507 1931 1623
6072 1931 1597
1232 1931 1579
5928 1931 1572
4560 1931 1551
3995 1931 1536
2628 1931 1527
1405 1931 1520
6190 1931 1503
3985 1931 1499
3967 1931 1453
5707 1931 1446
3965 1931 1439
1963 1931 1433
5796 1931 1400
1882 1931 1396
5468 1931 1221
4602 1931 1192
5107 1931 1152
4097 1931 1148
2795 1931 1146
3244 1931 1107
4793 1931 1087
3879 1931 981
836 1931 979
3286 1931 949
820 1931 941
1286 1931 934
3087 1931 925
3711 1931 851
243 1931 840
1865 1931 783
5085 1931 732
1375 1931 728
4503 1931 713
883 1931 703
1876 1931 697
5948 1931 637
2045 1931 613
2327 1931 612
5869 1931 608
1296 1931 543
5136 1931 533
3990 1931 529
5095 1931 505
3000 1931 501
377 1931 489
3114 1931 452
4261 1931 448
3071 1931 438
3805 1931 378
297 1931 356
0 1931 341
711 1931 339
5130 1931 332
821 1931 316
891 1931 265
3621 1931 121
2867 1931 62
544 1930 1980
2389 1930 1978
2079 1930 1962
1379 1930 1948
5002 1930 1905
4784 1930 1897
1801 1930 1886
3504 1930 1880
5477 1930 1870
3011 1930 1847
5866 1930 1806
6055 1930 1796
5230 1930 1778
1705 1930 1771
578 1930 1766
913 1930 1758
942 1930 1737
5811 1930 1720
1300 1930 1715
1710 1930 1704
2341 1930 1676
3194 1930 1646
4402 1930 1645
22 1930 1644
1025 1930 1641
1739 1930 1631
3369 1930 1620
5210 1930 1604
1000 1930 1596
1004 1930 1577
1510 1930 1541
492 1930 1538
1394 1930 1537
4826 1930 1527
1842 1930 1509
1243 1930 1497
5980 1930 1486
868 1930 1477
3135 1930 1437
4076 1930 1435
4406 1930 1433
6244 1930 1427
719 1930 1423
2312 1930 1416
4010 1930 1397
684 1930 1365
5394 1930 1353
4186 1930 1327
6232 1930 1264
192 1930 1255
3997 1930 1214
522 1930 1163
5098 1930 1157
3695 1930 1136
224 1930 1085
1094 1930 1071
5767 1930 943
3040 1930 931
399 1930 857
14 1930 796
1700 1930 775
3022 1930 770
2177 1930 722
4588 1930 712
5717 1930 704
5983 1930 697
5056 1930 648
3291 1930 636
54 1930 579
2286 1930 541
2071 1930 530
4333 1930 519
1288 1930 499
3113 1930 495
3763 1930 488
3957 1930 477
5907 1930 473
1476 1930 458
4466 1930 444
2662 1930 426
5622 1930 420
4184 1930 413
50 1930 347
4288 1930 346
2855 1930 332
3144 1930 329
5676 1930 299
3765 1930 293
5899 1930 249
6200 1930 196
2991 1930 136
4337 1930 111
2602 1930 92
4323 1930 82
3235 1929 1954
5754 1929 1940
5104 1929 1930
6045 1929 1902
3645 1929 1901
5908 1929 1888
1873 1929 1872
2151 1929 1861
3546 1929 1855
4063 1929 1846
3201 1929 1839
6118 1929 1838
4923 1929 1831
5669 1929 1799
3139 1929 1797
15 1929 1761
2585 1929 1760
4737 1929 1741
2171 1929 1722
3212 1929 1706
1326 1929 1700
4029 1929 1688
1590 1929 1687
4215 1929 1684
2865 1929 1664
1688 1929 1652
1784 1929 1645
1671 1929 1633
1241 1929 1632
479 1929 1623
5805 1929 1579
2284 1929 1563
5526 1929 1554
1129 1929 1544
5840 1929 1488
186 1929 1487
5196 1929 1480
204 1929 1379
2473 1929 1373
4667 1929 1367
2147 1929 1341
2803 1929 1329
2489 1929 1315
2421 1929 1301
3001 1929 1274
1915 1929 1271
3181 1929 1249
5939 1929 1185
1390 1929 1100
3542 1929 1059
4974 1929 1028
3124 1929 987
4633 1929 986
269 1929 981
6000 1929 953
5293 1929 921
4904 1929 902
6080 1929 851
5428 1929 640
5333 1929 610
1505 1929 581
1614 1929 564
2121 1929 562
6033 1929 482
4000 1929 476
2027 1929 467
5744 1929 458
6234 1929 434
1253 1929 420
85 1929 401
4256 1929 380
5594 1929 370
4842 1929 363
3075 1929 337
4769 1929 329
1340 1929 282
755 1929 262
2689 1929 254
4100 1929 215
4589 1929 214
5677 1929 91
2334 1928 1921
5562 1928 1806
3098 1928 1784
1334 1928 1754
3895 1928 1751
1131 1928 1705
5064 1928 1698
5900 1928 1690
6010 1928 1664
5054 1928 1625
3829 1928 1621
2843 1928 1612
5389 1928 1590
1895 1928 1587
2127 1928 1585
5875 1928 1569
3941 1928 1567
4540 1928 1565
5816 1928 1557
5275 1928 1520
3734 1928 1515
2778 1928 1513
4301 1928 1510
3640 1928 1507
2093 1928 1502
5374 1928 1476
5756 1928 1475
168 1928 1382
3182 1928 1368
3086 1928 1358
6088 1928 1348
6216 1928 1300
4613 1928 1288
2028 1928 1270
4199 1928 1184
423 1928 1174
838 1928 1168
749 1928 1063
2124 1928 955
4139 1928 883
1668 1928 881
4723 1928 863
2253 1928 849
2639 1928 801
1987 1928 677
2592 1928 671
200 1928 667
4347 1928 657
6246 1928 635
49 1928 621
6063 1928 615
3186 1928 568
5467 1928 545
1057 1928 528
3910 1928 517
1279 1928 484
4808 1928 471
5844 1928 461
2029 1928 450
2530 1928 438
1052 1928 436
6081 1928 433
1148 1928 431
5909 1928 430
680 1928 416
2992 1928 403
1983 1928 396
3693 1928 377
2368 1928 360
2523 1928 345
2564 1928 339
3356 1928 326
1896 1928 297
5495 1928 284
1580 1928 264
5312 1928 237
5282 1928 224
3680 1928 213
3503 1928 205
1065 1928 202
708 1928 188
1555 1928 135
3665 1928 118
4811 1928 113
2376 1928 101
1282 1928 96
5773 1928 94
1679 1928 83
2960 1928 33
2349 1927 1996
5408 1927 1985
6024 1927 1956
2414 1927 1937
4202 1927 1896
5849 1927 1887
2737 1927 1861
653 1927 1848
3512 1927 1845
4519 1927 1837
5492 1927 1835
5698 1927 1834
5415 1927 1789
2009 1927 1777
320 1927 1772
4275 1927 1757
2729 1927 1748
2893 1927 1737
3781 1927 1728
5452 1927 1714
5249 1927 1703
3518 1927 1691
5621 1927 1684
5730 1927 1679
3681 1927 1674
127 1927 1664
1608 1927 1660
4927 1927 1617
3404 1927 1593
660 1927 1583
3670 1927 1581
1056 1927 1532
5443 1927 1507
1649 1927 1500
5927 1927 1493
6198 1927 1480
3764 1927 1472
2812 1927 1432
4053 1927 1379
907 1927 1354
5688 1927 1293
5074 1927 1266
1382 1927 1220
3838 1927 1196
3210 1927 1188
4151 1927 1159
5103 1927 1120
1487 1927 1105
4755 1927 1072
2502 1927 1041
4104 1927 1034
4700 1927 1018
4282 1927 985
1032 1927 982
940 1927 834
2983 1927 815
1434 1927 799
5502 1927 790
1860 1927 755
4908 1927 736
2041 1927 727
5703 1927 668
3929 1927 652
1795 1927 530
3130 1927 522
4129 1927 493
407 1927 450
1490 1927 443
5511 1927 369
3357 1927 368
3142 1927 303
6182 1927 298
3449 1927 257
2337 1927 221
3553 1927 185
2594 1927 97
6204 1927 88
2328 1927 16
4429 1926 1995
5570 1926 1929
3474 1926 1903
2780 1926 1886
2436 1926 1869
6112 1926 1837
4652 1926 1810
110 1926 1808
3832 1926 1793
3327 1926 1789
5655 1926 1788
2077 1926 1734
139 1926 1712
5573 1926 1686
6041 1926 1671
4340 1926 1669
379 1926 1656
5199 1926 1653
3384 1926 1611
2026 1926 1598
3432 1926 1584
3886 1926 1583
2655 1926 1580
5783 1926 1574
2557 1926 1570
1605 1926 1556
2720 1926 1502
4229 1926 1499
2295 1926 1447
4155 1926 1430
2775 1926 1420
1283 1926 1413
176 1926 1388
533 1926 1364
6052 1926 1352
3110 1926 1323
4038 1926 1281
4483 1926 1258
4934 1926 1256
2406 1926 1222
3932 1926 1160
6225 1926 1090
346 1926 1061
2128 1926 962
2234 1926 959
4694 1926 904
1817 1926 876
4979 1926 837
5605 1926 810
588 1926 797
3769 1926 723
3724 1926 683
4968 1926 654
5960 1926 649
3057 1926 644
5998 1926 590
5631 1926 585
2293 1926 555
6250 1926 550
62 1926 523
740 1926 522
5549 1926 514
4071 1926 500
4830 1926 498
3301 1926 439
3306 1926 419
5256 1926 410
5305 1926 391
2911 1926 371
1615 1926 344
489 1926 340
324 1926 312
2192 1926 295
4576 1926 292
562 1926 281
2385 1926 250
33 1926 218
5612 1926 159
5578 1926 156
5994 1926 145
2065 1926 77
2120 1926 33
5572 1925 1960
2988 1925 1942
2712 1925 1894
345 1925 1841
3289 1925 1830
1106 1925 1817
4069 1925 1794
4397 1925 1763
1943 1925 1720
702 1925 1718
3074 1925 1707
4309 1925 1683
2748 1925 1676
4835 1925 1629
4709 1925 1619
4214 1925 1618
1047 1925 1607
876 1925 1600
3360 1925 1599
5359 1925 1596
5607 1925 1530
3052 1925 1529
3419 1925 1504
4172 1925 1467
3164 1925 1458
1196 1925 1452
1239 1925 1448
5674 1925 1439
4883 1925 1436
5160 1925 1435
2671 1925 1427
2183 1925 1414
596 1925 1407
2596 1925 1383
2367 1925 1371
211 1925 1312
1798 1925 1281
6030 1925 1280
2351 1925 1265
5896 1925 1211
4882 1925 1179
3509 1925 1151
738 1925 1002
5007 1925 953
4513 1925 925
2497 1925 914
2220 1925 904
157 1925 888
4597 1925 869
2910 1925 856
282 1925 753
4022 1925 713
3189 1925 704
1352 1925 688
6004 1925 686
3156 1925 677
2558 1925 654
4357 1925 643
2394 1925 640
126 1925 636
5214 1925 618
1287 1925 607
6008 1925 598
2104 1925 586
2435 1925 558
3937 1925 501
1953 1925 489
495 1925 477
5178 1925 452
5670 1925 451
5635 1925 442
5930 1925 428
1198 1925 423
23 1925 422
2230 1925 407
1594 1925 398
5603 1925 359
2914 1925 299
2781 1925 291
2576 1925 258
3559 1925 246
2969 1925 213
371 1925 192
3046 1925 150
4841 1925 139
4265 1925 115
4389 1925 101
1637 1925 97
3302 1924 1991
1366 1924 1987
6057 1924 1949
530 1924 1945
5260 1924 1906
4687 1924 1901
5848 1924 1861
6138 1924 1828
2884 1924 1823
2957 1924 1809
2176 1924 1802
1744 1924 1793
2508 1924 1781
1875 1924 1780
288 1924 1766
4625 1924 1756
5850 1924 1750
3523 1924 1724
5701 1924 1712
1920 1924 1699
5918 1924 1681
4939 1924 1680
1944 1924 1674
1307 1924 1656
4756 1924 1647
2205 1924 1642
55 1924 1640
5946 1924 1623
3485 1924 1615
4996 1924 1564
2873 1924 1560
614 1924 1559
2431 1924 1544
4814 1924 1543
6006 1924 1533
2016 1924 1506
2666 1924 1479
3082 1924 1471
2993 1924 1456
4523 1924 1453
1397 1924 1443
3909 1924 1427
4715 1924 1424
5925 1924 1391
1946 1924 1359
13 1924 1354
2283 1924 1316
4529 1924 1304
4954 1924 1294
2686 1924 1244
629 1924 1121
1993 1924 1119
759 1924 1080
4627 1924 1078
5524 1924 1037
5565 1924 1033
5238 1924 981
5512 1924 952
1769 1924 951
3428 1924 949
4245 1924 935
4116 1924 894
3635 1924 892
4001 1924 844
4246 1924 805
4004 1924 770
2442 1924 685
310 1924 632
3639 1924 588
1064 1924 577
3785 1924 576
570 1924 569
1808 1924 553
3297 1924 552
1701 1924 548
2054 1924 540
2764 1924 537
2861 1924 507
2953 1924 506
3266 1924 502
5657 1924 469
6090 1924 456
3407 1924 443
864 1924 440
3243 1924 439
2989 1924 380
884 1924 356
5153 1924 350
309 1924 349
5653 1924 346
1108 1924 316
4278 1924 288
3155 1924 257
776 1924 192
2590 1924 179
3783 1924 131
129 1924 114
1796 1924 81
2831 1924 42
3158 1923 1999
1271 1923 1984
3947 1923 1923
219 1923 1912
6046 1923 1890
4539 1923 1843
2331 1923 1832
4583 1923 1816
3945 1923 1798
2822 1923 1788
1337 1923 1755
5958 1923 1731
92 1923 1691
3799 1923 1678
4119 1923 1673
5077 1923 1669
150 1923 1656
2416 1923 1654
1460 1923 1602
205 1923 1586
4682 1923 1553
944 1923 1521
6158 1923 1512
5885 1923 1502
338 1923 1456
519 1923 1444
2540 1923 1434
4011 1923 1421
356 1923 1419
5421 1923 1396
2499 1923 1354
3971 1923 1343
1632 1923 1302
6036 1923 1295
2158 1923 1268
2134 1923 1238
641 1923 1207
40 1923 1205
4790 1923 1181
397 1923 1172
930 1923 1109
6015 1923 1043
4601 1923 1023
1691 1923 866
2514 1923 861
3288 1923 835
1474 1923 812
4650 1923 788
1324 1923 760
2574 1923 756
4090 1923 750
3015 1923 710
4453 1923 690
1316 1923 673
1107 1923 671
694 1923 666
5484 1923 644
4181 1923 634
1991 1923 624
875 1923 601
4502 1923 586
5399 1923 548
697 1923 512
2267 1923 483
4059 1923 472
5092 1923 453
2463 1923 446
1713 1923 443
2274 1923 442
4132 1923 435
1482 1923 418
1942 1923 393
3868 1923 368
2101 1923 364
2240 1923 363
2271 1923 342
5184 1923 341
5403 1923 334
3520 1923 330
2956 1923 315
3684 1923 310
5350 1923 302
4684 1923 290
2110 1923 271
2006 1923 261
4932 1923 251
4106 1923 189
2444 1923 123
3064 1923 96
1854 1922 1995
3119 1922 1943
5218 1922 1906
1867 1922 1898
579 1922 1892
1373 1922 1875
5718 1922 1849
5337 1922 1846
936 1922 1838
4276 1922 1815
5233 1922 1797
1498 1922 1791
577 1922 1787
5510 1922 1784
4352 1922 1777
1698 1922 1766
1980 1922 1760
859 1922 1721
4666 1922 1719
2603 1922 1711
3337 1922 1701
3129 1922 1689
506 1922 1675
1189 1922 1672
178 1922 1671
3034 1922 1670
898 1922 1653
3999 1922 1648
5121 1922 1644
1520 1922 1638
1493 1922 1631
6143 1922 1624
4366 1922 1622
1950 1922 1611
3084 1922 1603
5009 1922 1602
514 1922 1599
6108 1922 1575
6096 1922 1574
3257 1922 1570
2823 1922 1565
4460 1922 1564
5857 1922 1519
1791 1922 1514
1343 1922 1511
1513 1922 1472
3845 1922 1462
1080 1922 1461
3179 1922 1457
16 1922 1444
2899 1922 1426
57 1922 1422
5126 1922 1384
5416 1922 1380
3732 1922 1354
5290 1922 1329
5151 1922 1321
1573 1922 1310
36 1922 1294
2119 1922 1221
3596 1922 1181
2916 1922 1178
5163 1922 1125
3215 1922 1123
2417 1922 1108
6137 1922 1053
630 1922 1020
3296 1922 976
1479 1922 916
1230 1922 908
1864 1922 903
6136 1922 883
3633 1922 879
3578 1922 856
5053 1922 849
1051 1922 831
4349 1922 751
2623 1922 691
1503 1922 685
4505 1922 678
1313 1922 648
4382 1922 630
424 1922 563
2051 1922 546
5505 1922 472
2876 1922 448
1336 1922 428
1304 1922 422
3090 1922 420
3042 1922 410
5383 1922 385
5694 1922 367
5003 1922 352
3168 1922 344
2736 1922 325
1216 1922 323
6064 1922 283
2372 1922 277
3487 1922 263
1380 1922 149
2106 1922 105
2215 1922 91
1648 1922 60
2281 1922 17
1547 1921 1936
3605 1921 1896
111 1921 1888
4250 1921 1885
1009 1921 1879
1005 1921 1875
1110 1921 1874
5687 1921 1865
5482 1921 1850
5940 1921 1807
1532 1921 1789
1328 1921 1769
1970 1921 1710
3786 1921 1696
3024 1921 1684
3603 1921 1654
5957 1921 1652
5426 1921 1651
5518 1921 1650
20 1921 1649
2746 1921 1621
4999 1921 1609
2874 1921 1596
2900 1921 1594
863 1921 1590
3095 1921 1586
1574 1921 1577
5398 1921 1572
3263 1921 1566
1088 1921 1563
5861 1921 1540
6240 1921 1525
5898 1921 1522
3748 1921 1491
5799 1921 1490
5882 1921 1466
2107 1921 1455
1914 1921 1446
75 1921 1442
1592 1921 1318
5197 1921 1282
671 1921 1191
2159 1921 992
1931 1921 923
5628 1921 870
3533 1921 849
3175 1921 819
5576 1921 810
3581 1921 803
333 1921 769
3538 1921 729
6254 1921 694
3012 1921 683
4238 1921 666
1227 1921 574
3290 1921 549
4130 1921 547
1102 1921 541
4469 1921 535
3115 1921 526
551 1921 519
5563 1921 516
5556 1921 479
3863 1921 469
815 1921 462
6042 1921 451
1240 1921 446
6076 1921 438
2167 1921 425
93 1921 408
3537 1921 336
5987 1921 331
3410 1921 315
6184 1921 311
1485 1921 296
2401 1921 251
2329 1921 246
1113 1921 241
3469 1921 231
6195 1921 183
3318 1921 175
2374 1921 122
255 1921 86
4867 1921 69
1440 1920 1990
2090 1920 1906
5453 1920 1900
383 1920 1866
5259 1920 1861
5168 1920 1831
5602 1920 1816
5914 1920 1800
58 1920 1776
3403 1920 1739
1828 1920 1710
2928 1920 1705
1228 1920 1704
4252 1920 1686
4401 1920 1673
4087 1920 1657
451 1920 1640
5672 1920 1624
1133 1920 1622
3213 1920 1618
1175 1920 1614
4364 1920 1589
2482 1920 1569
5049 1920 1564
2350 1920 1556
6043 1920 1516
4812 1920 1513
5300 1920 1502
3853 1920 1486
3507 1920 1459
2201 1920 1446
334 1920 1435
6133 1920 1433
4703 1920 1431
2713 1920 1403
1777 1920 1371
1244 1920 1341
4464 1920 1340
2771 1920 1310
5039 1920 1262
5536 1920 1259
3890 1920 1246
866 1920 1234
3974 1920 1154
3267 1920 1148
5689 1920 1128
2862 1920 859
2673 1920 777
6223 1920 724
5686 1920 698
4507 1920 672
3506 1920 667
467 1920 644
2546 1920 523
76 1920 397
